
Note: Compatibility modes selected: hs a


Circuit: ** sch_path: /foss/designs/sky130_op_amp/runs/run_2025-10-22_17-32-15/parameters/dc_params/run_34/sky130_op_amp_tb.sch

option SCALE: Scale is set to 1e-06 for instance and model parameters
option SCALE: Scale is set to 1e-06 for instance and model parameters
option SCALE: Scale is set to 1e-06 for instance and model parameters
option SCALE: Scale is set to 1e-06 for instance and model parameters
Doing analysis at TEMP = 50.000000 and TNOM = 27.000000

Using SPARSE 1.3 as Direct Linear Solver
 Reference value :  1.00000e+03
 Reference value :  1.99526e+03
 Reference value :  3.54813e+03
 Reference value :  6.30957e+03
 Reference value :  1.12202e+04
 Reference value :  1.77828e+04
 Reference value :  3.16228e+04
 Reference value :  6.30957e+04
 Reference value :  1.41254e+05
 Reference value :  2.81838e+05
 Reference value :  5.01187e+05
 Reference value :  1.00000e+06
 Reference value :  1.77828e+06
 Reference value :  3.54813e+06
 Reference value :  7.07946e+06
 Reference value :  1.25893e+07
 Reference value :  2.23872e+07
 Reference value :  5.01187e+07
No. of Data Rows : 101
a0                  =  7.109731e+01
ugf                 =  1.008996e+07
pm                  =  8.236048e+01
Note: Simulation executed from .control section 
