
Magic 8.3 revision 527 - Compiled on Sat May 24 11:19:49 AM CEST 2025.
Starting magic under Tcl interpreter
Using the terminal as the console.
WARNING: RLIMIT_NOFILE is above 1024 and Tcl_Version<9 this may cause runtime issues [rlim_cur=1048576]
Using NULL graphics device.
Processing system .magicrc file
Sourcing design .magicrc for technology sky130A ...
2 Magic internal units = 1 Lambda
Input style sky130(): scaleFactor=2, multiplier=2
The following types are not handled by extraction and will be treated as non-electrical types:
    ubm 
Scaled tech values by 2 / 1 to match internal grid scaling
Loading sky130A Device Generator Menu ...
Using technology "sky130A", version 1.0.493-0-g0fe599b
Cell sky130_op_amp read from path /foss/designs/sky130_op_amp/mag
sky130_op_amp: 10000 rects
sky130_op_amp: 20000 rects
Root cell box:
           width x height  (   llx,  lly  ), (   urx,  ury  )  area (units^2)

microns:  88.275 x 75.775  (-25.200, -19.480), ( 63.075,  56.295)  6689.038  
lambda:   8827.50 x 7577.50  (-2520.00, -1948.00), ( 6307.50,  5629.50)  66890380.00
internal:  17655 x 15155   ( -5040, -3896 ), ( 12615,  11259)  267561525 
