
Note: Compatibility modes selected: hs a


Circuit: ** sch_path: /foss/designs/sky130_op_amp/runs/run_2025-10-22_16-40-42/parameters/dc_params/run_26/sky130_op_amp_tb.sch

option SCALE: Scale is set to 1e-06 for instance and model parameters
option SCALE: Scale is set to 1e-06 for instance and model parameters
option SCALE: Scale is set to 1e-06 for instance and model parameters
option SCALE: Scale is set to 1e-06 for instance and model parameters
Doing analysis at TEMP = 27.000000 and TNOM = 27.000000

Using SPARSE 1.3 as Direct Linear Solver
 Reference value :  1.00000e+03
 Reference value :  1.99526e+03
 Reference value :  3.54813e+03
 Reference value :  6.30957e+03
 Reference value :  1.12202e+04
 Reference value :  1.99526e+04
 Reference value :  3.16228e+04
 Reference value :  5.62341e+04
 Reference value :  1.00000e+05
 Reference value :  1.77828e+05
 Reference value :  2.81838e+05
 Reference value :  5.01187e+05
 Reference value :  7.94328e+05
 Reference value :  1.41254e+06
 Reference value :  2.51189e+06
 Reference value :  4.46684e+06
 Reference value :  7.94328e+06
 Reference value :  1.41254e+07
 Reference value :  2.51189e+07
 Reference value :  5.01187e+07
 Reference value :  8.91251e+07
No. of Data Rows : 101
a0                  =  7.304659e+01
ugf                 =  1.028650e+07
pm                  =  8.191656e+01
Note: Simulation executed from .control section 
