
Note: Compatibility modes selected: hs a


Circuit: ** sch_path: /foss/designs/sky130_op_amp/runs/run_2025-10-21_18-52-57/parameters/dc_params/run_23/sky130_op_amp_tb.sch

option SCALE: Scale is set to 1e-06 for instance and model parameters
option SCALE: Scale is set to 1e-06 for instance and model parameters
option SCALE: Scale is set to 1e-06 for instance and model parameters
option SCALE: Scale is set to 1e-06 for instance and model parameters
Doing analysis at TEMP = 27.000000 and TNOM = 27.000000

Using SPARSE 1.3 as Direct Linear Solver
 Reference value :  1.00000e+03
 Reference value :  3.54813e+03
 Reference value :  1.25893e+04
 Reference value :  4.46684e+04
 Reference value :  1.25893e+05
 Reference value :  4.46684e+05
 Reference value :  1.41254e+06
 Reference value :  4.46684e+06
 Reference value :  1.58489e+07
 Reference value :  5.62341e+07
No. of Data Rows : 101
a0                  =  4.176339e+03
ugf                 =  1.094071e+07
pm                  =  8.029201e+01
Note: Simulation executed from .control section 
