Running parameters: dc_params, magic_area, magic_drc, netgen_lvs, klayout_drc_feol, klayout_drc_beol, klayout_drc_full, magic_antenna_check
Generating simulation netlist from schematic…
Skipping extraction of rcx netlist. Up to date.
Skipping extraction of layout netlist. Up to date.
Not regenerating GDSII from magic layout. Up to date.
Running magic to get area measurements.
Running magic to get layout DRC report.
Running netgen to get LVS report.
Parameter dc_params: Generating simulation files…
Netgen LVS report at '[repr.filename][link=file:///foss/designs/sky130_op_amp/runs/RUN_2025-10-22_16-52-56/parameters/netgen_lvs/sky130_op_amp_comp.out]runs/RUN_2025-10-22_16-52-56/parameters/netgen_lvs/sky130_op_amp_comp.out[/link][/repr.filename]'…
Running KLayout to get layout DRC report.
Running KLayout to get layout DRC report.
Magic DRC report at '[repr.filename][link=file:///foss/designs/sky130_op_amp/runs/RUN_2025-10-22_16-52-56/parameters/magic_drc/magic_drc.out]runs/RUN_2025-10-22_16-52-56/parameters/magic_drc/magic_drc.out[/link][/repr.filename]'…
Running KLayout to get layout DRC report.
KLayout DRC report at '[repr.filename][link=file:///foss/designs/sky130_op_amp/runs/RUN_2025-10-22_16-52-56/parameters/klayout_drc_feol/report.xml]runs/RUN_2025-10-22_16-52-56/parameters/klayout_drc_feol/report.xml[/link][/repr.filename]'…
Running magic to check for antenna violations.
KLayout DRC report at '[repr.filename][link=file:///foss/designs/sky130_op_amp/runs/RUN_2025-10-22_16-52-56/parameters/klayout_drc_beol/report.xml]runs/RUN_2025-10-22_16-52-56/parameters/klayout_drc_beol/report.xml[/link][/repr.filename]'…
KLayout DRC report at '[repr.filename][link=file:///foss/designs/sky130_op_amp/runs/RUN_2025-10-22_16-52-56/parameters/klayout_drc_full/report.xml]runs/RUN_2025-10-22_16-52-56/parameters/klayout_drc_full/report.xml[/link][/repr.filename]'…
Parameter dc_params: Running simulations…
Parameter dc_params: Collecting results…
Parameter dc_params: Saving simulation summary as '[repr.filename][link=file:///foss/designs/sky130_op_amp/runs/RUN_2025-10-22_16-52-56/parameters/dc_params/simulation_summary.md]runs/RUN_2025-10-22_16-52-56/parameters/dc_params/simulation_summary.md[/link][/repr.filename]'…
Parameter dc_params: Plotting gain_vs_temperature to '[repr.filename][link=file:///foss/designs/sky130_op_amp/runs/RUN_2025-10-22_16-52-56/parameters/dc_params]runs/RUN_2025-10-22_16-52-56/parameters/dc_params[/link][/repr.filename]'…
Parameter dc_params: Plotting phase_margin_vs_corner to '[repr.filename][link=file:///foss/designs/sky130_op_amp/runs/RUN_2025-10-22_16-52-56/parameters/dc_params]runs/RUN_2025-10-22_16-52-56/parameters/dc_params[/link][/repr.filename]'…
Done with CACE simulations and evaluations in 0:01:06.
