Running parameters: dc_params, gain_mc, magic_area, magic_drc, netgen_lvs, klayout_drc_feol, klayout_drc_beol, klayout_drc_full, magic_antenna_check
Generating simulation netlist from schematic…
Skipping extraction of rcx netlist. Up to date.
Skipping extraction of layout netlist. Up to date.
Not regenerating GDSII from magic layout. Up to date.
Running magic to get layout DRC report.
Running magic to get area measurements.
Parameter gain_mc: Generating simulation files…
Parameter dc_params: Generating simulation files…
Collating results using condition "iterations"
Running netgen to get LVS report.
Netgen LVS report at '[repr.filename][link=file:///foss/designs/sky130_op_amp/runs/RUN_2025-10-21_19-47-49/parameters/netgen_lvs/sky130_op_amp_comp.out]runs/RUN_2025-10-21_19-47-49/parameters/netgen_lvs/sky130_op_amp_comp.out[/link][/repr.filename]'…
Running KLayout to get layout DRC report.
Magic DRC report at '[repr.filename][link=file:///foss/designs/sky130_op_amp/runs/RUN_2025-10-21_19-47-49/parameters/magic_drc/magic_drc.out]runs/RUN_2025-10-21_19-47-49/parameters/magic_drc/magic_drc.out[/link][/repr.filename]'…
Running KLayout to get layout DRC report.
KLayout DRC report at '[repr.filename][link=file:///foss/designs/sky130_op_amp/runs/RUN_2025-10-21_19-47-49/parameters/klayout_drc_feol/report.xml]runs/RUN_2025-10-21_19-47-49/parameters/klayout_drc_feol/report.xml[/link][/repr.filename]'…
Running KLayout to get layout DRC report.
KLayout DRC report at '[repr.filename][link=file:///foss/designs/sky130_op_amp/runs/RUN_2025-10-21_19-47-49/parameters/klayout_drc_beol/report.xml]runs/RUN_2025-10-21_19-47-49/parameters/klayout_drc_beol/report.xml[/link][/repr.filename]'…
Running magic to check for antenna violations.
Parameter gain_mc: Running simulations…
KLayout DRC report at '[repr.filename][link=file:///foss/designs/sky130_op_amp/runs/RUN_2025-10-21_19-47-49/parameters/klayout_drc_full/report.xml]runs/RUN_2025-10-21_19-47-49/parameters/klayout_drc_full/report.xml[/link][/repr.filename]'…
Parameter dc_params: Running simulations…
Parameter gain_mc: Collecting results…
Parameter gain_mc: Saving simulation summary as '[repr.filename][link=file:///foss/designs/sky130_op_amp/runs/RUN_2025-10-21_19-47-49/parameters/gain_mc/simulation_summary.md]runs/RUN_2025-10-21_19-47-49/parameters/gain_mc/simulation_summary.md[/link][/repr.filename]'…
Parameter gain_mc: Plotting gain_mc to '[repr.filename][link=file:///foss/designs/sky130_op_amp/runs/RUN_2025-10-21_19-47-49/parameters/gain_mc]runs/RUN_2025-10-21_19-47-49/parameters/gain_mc[/link][/repr.filename]'…
Parameter dc_params: Collecting results…
Parameter dc_params: Saving simulation summary as '[repr.filename][link=file:///foss/designs/sky130_op_amp/runs/RUN_2025-10-21_19-47-49/parameters/dc_params/simulation_summary.md]runs/RUN_2025-10-21_19-47-49/parameters/dc_params/simulation_summary.md[/link][/repr.filename]'…
Parameter dc_params: Plotting gain_vs_temperature to '[repr.filename][link=file:///foss/designs/sky130_op_amp/runs/RUN_2025-10-21_19-47-49/parameters/dc_params]runs/RUN_2025-10-21_19-47-49/parameters/dc_params[/link][/repr.filename]'…
Parameter dc_params: Plotting phase_margin_vs_corner to '[repr.filename][link=file:///foss/designs/sky130_op_amp/runs/RUN_2025-10-21_19-47-49/parameters/dc_params]runs/RUN_2025-10-21_19-47-49/parameters/dc_params[/link][/repr.filename]'…
Done with CACE simulations and evaluations in 0:01:29.
