
Note: Compatibility modes selected: hs a


Circuit: ** sch_path: /foss/designs/sky130_op_amp/runs/run_2025-10-22_16-23-39/parameters/dc_params/run_08/sky130_op_amp_tb.sch

option SCALE: Scale is set to 1e-06 for instance and model parameters
option SCALE: Scale is set to 1e-06 for instance and model parameters
option SCALE: Scale is set to 1e-06 for instance and model parameters
option SCALE: Scale is set to 1e-06 for instance and model parameters
Doing analysis at TEMP = 20.000000 and TNOM = 27.000000

Using SPARSE 1.3 as Direct Linear Solver
 Reference value :  1.00000e+03
 Reference value :  1.58489e+03
 Reference value :  2.51189e+03
 Reference value :  3.98107e+03
 Reference value :  6.30957e+03
 Reference value :  1.00000e+04
 Reference value :  1.58489e+04
 Reference value :  2.51189e+04
 Reference value :  3.98107e+04
 Reference value :  6.30957e+04
 Reference value :  1.00000e+05
 Reference value :  1.58489e+05
 Reference value :  2.51189e+05
 Reference value :  3.98107e+05
 Reference value :  6.30957e+05
 Reference value :  1.00000e+06
 Reference value :  1.58489e+06
 Reference value :  2.51189e+06
 Reference value :  3.98107e+06
 Reference value :  7.07946e+06
 Reference value :  1.25893e+07
 Reference value :  2.23872e+07
 Reference value :  4.46684e+07
 Reference value :  8.91251e+07
No. of Data Rows : 101
a0                  =  7.247264e+01
ugf                 =  1.000401e+07
pm                  =  8.201504e+01
Note: Simulation executed from .control section 
