Running parameters: dc_params, offset_params, transient_params, power_params, magic_area, magic_drc, netgen_lvs, klayout_drc_feol, klayout_drc_beol, klayout_drc_full, magic_antenna_check
Generating simulation netlist from schematic…
Skipping extraction of rcx netlist. Up to date.
Skipping extraction of layout netlist. Up to date.
Not regenerating GDSII from magic layout. Up to date.
Parameter dc_params: Generating simulation files…
Parameter offset_params: Generating simulation files…
Parameter transient_params: Generating simulation files…
Parameter power_params: Generating simulation files…
Condition vdd not defined
Condition vdd not defined
Condition vdd not defined
Condition vdd not defined
Condition vdd not defined
Condition vdd not defined
Condition vdd not defined
Condition vdd not defined
Condition vdd not defined
Condition vdd not defined
Condition vdd not defined
Condition vdd not defined
Condition vdd not defined
Condition vdd not defined
Condition vdd not defined
Condition vdd not defined
Condition vdd not defined
Condition vdd not defined
Condition vdd not defined
Condition vdd not defined
Condition vdd not defined
Condition vdd not defined
Condition vdd not defined
Condition vdd not defined
Condition vdd not defined
Condition vdd not defined
Condition vdd not defined
Condition vdd not defined
Condition vdd not defined
Condition vdd not defined
Condition vdd not defined
Condition vdd not defined
Condition vdd not defined
Condition vdd not defined
Condition vdd not defined
Condition vdd not defined
Condition vdd not defined
Condition vdd not defined
Condition vdd not defined
Condition vdd not defined
Condition vdd not defined
Condition vdd not defined
Condition vdd not defined
Condition vdd not defined
Condition vdd not defined
Condition vdd not defined
Condition vdd not defined
Condition vdd not defined
Condition vdd not defined
Condition vdd not defined
Condition vdd not defined
Condition vdd not defined
Condition vdd not defined
Condition vdd not defined
Condition vdd not defined
Condition vdd not defined
Condition vdd not defined
Condition vdd not defined
Condition vdd not defined
Condition vdd not defined
Parameter power_params: Running simulations…
Parameter offset_params: Running simulations…
Parameter transient_params: Running simulations…
Parameter dc_params: Running simulations…
Subprocess exited with error code 1
Error output generated by subprocess:
Netlist line no. 10:
Undefined parameter [vdd]
Netlist line no. 10:
Cannot compute substitute

ERROR: fatal error in ngspice, exit(1)
Subprocess exited with error code 1
Error output generated by subprocess:
Netlist line no. 10:
Undefined parameter [vdd]
Netlist line no. 10:
Subprocess exited with error code 1
Subprocess exited with error code 1
Error output generated by subprocess:
Cannot compute substitute
Subprocess exited with error code 1
Subprocess exited with error code 1
Error output generated by subprocess:
Netlist line no. 10:

Error output generated by subprocess:
Error output generated by subprocess:
Netlist line no. 10:
Undefined parameter [vdd]
ERROR: fatal error in ngspice, exit(1)
Netlist line no. 10:
Netlist line no. 10:
Undefined parameter [vdd]
Netlist line no. 10:
Subprocess exited with error code 1
Undefined parameter [vdd]
Undefined parameter [vdd]
Subprocess exited with error code 1
Netlist line no. 10:
Cannot compute substitute
Error output generated by subprocess:
Subprocess exited with error code 1
Subprocess exited with error code 1
Netlist line no. 10:
Subprocess exited with error code 1
Subprocess exited with error code 1
Subprocess exited with error code 1
Netlist line no. 10:
Subprocess exited with error code 1
Error output generated by subprocess:
Subprocess exited with error code 1
Subprocess exited with error code 1
Cannot compute substitute

Netlist line no. 10:
Error output generated by subprocess:
Error output generated by subprocess:
Cannot compute substitute
Error output generated by subprocess:
Cannot compute substitute
Error output generated by subprocess:
Error output generated by subprocess:
Error output generated by subprocess:
Error output generated by subprocess:
Error output generated by subprocess:
Netlist line no. 10:
Undefined parameter [vdd]
ERROR: fatal error in ngspice, exit(1)

Netlist line no. 10:
Netlist line no. 10:

Netlist line no. 10:

Netlist line no. 10:
Netlist line no. 10:
Netlist line no. 10:
Netlist line no. 10:
Netlist line no. 10:
Undefined parameter [vdd]
Netlist line no. 10:
ERROR: fatal error in ngspice, exit(1)
Undefined parameter [vdd]
Undefined parameter [vdd]
ERROR: fatal error in ngspice, exit(1)
Undefined parameter [vdd]
ERROR: fatal error in ngspice, exit(1)
Undefined parameter [vdd]
Undefined parameter [vdd]
Undefined parameter [vdd]
Undefined parameter [vdd]
Undefined parameter [vdd]
Netlist line no. 10:
Cannot compute substitute
Netlist line no. 10:
Netlist line no. 10:
Netlist line no. 10:
Netlist line no. 10:
Netlist line no. 10:
Netlist line no. 10:
Netlist line no. 10:
Netlist line no. 10:
Cannot compute substitute

Cannot compute substitute
Cannot compute substitute
Cannot compute substitute
Cannot compute substitute
Cannot compute substitute
Cannot compute substitute
Cannot compute substitute
Cannot compute substitute

ERROR: fatal error in ngspice, exit(1)








ERROR: fatal error in ngspice, exit(1)
ERROR: fatal error in ngspice, exit(1)
ERROR: fatal error in ngspice, exit(1)
ERROR: fatal error in ngspice, exit(1)
ERROR: fatal error in ngspice, exit(1)
ERROR: fatal error in ngspice, exit(1)
ERROR: fatal error in ngspice, exit(1)
ERROR: fatal error in ngspice, exit(1)
ERROR: fatal error in ngspice, exit(1)
Subprocess exited with error code 1
Error output generated by subprocess:
Netlist line no. 10:
Undefined parameter [vdd]
Netlist line no. 10:
Cannot compute substitute

ERROR: fatal error in ngspice, exit(1)
Subprocess exited with error code 1
Error output generated by subprocess:
Netlist line no. 10:
Undefined parameter [vdd]
Netlist line no. 10:
Cannot compute substitute

ERROR: fatal error in ngspice, exit(1)
Subprocess exited with error code 1
Error output generated by subprocess:
Netlist line no. 10:
Undefined parameter [vdd]
Netlist line no. 10:
Cannot compute substitute

ERROR: fatal error in ngspice, exit(1)
Subprocess exited with error code 1
Error output generated by subprocess:
Netlist line no. 10:
Undefined parameter [vdd]
Netlist line no. 10:
Cannot compute substitute

ERROR: fatal error in ngspice, exit(1)
Subprocess exited with error code 1
Error output generated by subprocess:
Netlist line no. 10:
Undefined parameter [vdd]
Subprocess exited with error code 1
Netlist line no. 10:
Subprocess exited with error code 1
Error output generated by subprocess:
Cannot compute substitute
Error output generated by subprocess:
Netlist line no. 10:

Netlist line no. 10:
Undefined parameter [vdd]
ERROR: fatal error in ngspice, exit(1)
Undefined parameter [vdd]
Netlist line no. 10:
Netlist line no. 10:
Cannot compute substitute
Subprocess exited with error code 1
Cannot compute substitute

Error output generated by subprocess:

ERROR: fatal error in ngspice, exit(1)
Netlist line no. 10:
ERROR: fatal error in ngspice, exit(1)
Undefined parameter [vdd]
Netlist line no. 10:
Cannot compute substitute

ERROR: fatal error in ngspice, exit(1)
Subprocess exited with error code 1
Error output generated by subprocess:
Netlist line no. 10:
Undefined parameter [vdd]
Subprocess exited with error code 1
Netlist line no. 10:
Error output generated by subprocess:
Cannot compute substitute
Netlist line no. 10:

Undefined parameter [vdd]
ERROR: fatal error in ngspice, exit(1)
Netlist line no. 10:
Cannot compute substitute

ERROR: fatal error in ngspice, exit(1)
Subprocess exited with error code 1
Error output generated by subprocess:
Netlist line no. 10:
Undefined parameter [vdd]
Netlist line no. 10:
Subprocess exited with error code 1
Cannot compute substitute
Subprocess exited with error code 1
Error output generated by subprocess:

Error output generated by subprocess:
Netlist line no. 10:
ERROR: fatal error in ngspice, exit(1)
Netlist line no. 10:
Undefined parameter [vdd]
Undefined parameter [vdd]
Netlist line no. 10:
Netlist line no. 10:
Subprocess exited with error code 1
Subprocess exited with error code 1
Cannot compute substitute
Subprocess exited with error code 1
Cannot compute substitute
Error output generated by subprocess:
Error output generated by subprocess:

Error output generated by subprocess:

Netlist line no. 10:
Netlist line no. 10:
ERROR: fatal error in ngspice, exit(1)
Netlist line no. 10:
ERROR: fatal error in ngspice, exit(1)
Undefined parameter [vdd]
Undefined parameter [vdd]
Undefined parameter [vdd]
Netlist line no. 10:
Netlist line no. 10:
Netlist line no. 10:
Cannot compute substitute
Cannot compute substitute
Cannot compute substitute



ERROR: fatal error in ngspice, exit(1)
ERROR: fatal error in ngspice, exit(1)
ERROR: fatal error in ngspice, exit(1)
Subprocess exited with error code 1
Error output generated by subprocess:
Netlist line no. 10:
Undefined parameter [vdd]
Netlist line no. 10:
Cannot compute substitute

ERROR: fatal error in ngspice, exit(1)
Subprocess exited with error code 1
Error output generated by subprocess:
Netlist line no. 10:
Undefined parameter [vdd]
Netlist line no. 10:
Subprocess exited with error code 1
Cannot compute substitute
Error output generated by subprocess:

Netlist line no. 10:
ERROR: fatal error in ngspice, exit(1)
Undefined parameter [vdd]
Netlist line no. 10:
Cannot compute substitute

ERROR: fatal error in ngspice, exit(1)
Subprocess exited with error code 1
Error output generated by subprocess:
Subprocess exited with error code 1
Netlist line no. 10:
Subprocess exited with error code 1
Subprocess exited with error code 1
Error output generated by subprocess:
Undefined parameter [vdd]
Error output generated by subprocess:
Error output generated by subprocess:
Netlist line no. 10:
Netlist line no. 10:
Netlist line no. 10:
Netlist line no. 10:
Undefined parameter [vdd]
Cannot compute substitute
Undefined parameter [vdd]
Subprocess exited with error code 1
Undefined parameter [vdd]
Netlist line no. 10:

Netlist line no. 10:
Netlist line no. 10:
Cannot compute substitute
Error output generated by subprocess:
Cannot compute substitute
Cannot compute substitute
ERROR: fatal error in ngspice, exit(1)

Netlist line no. 10:


ERROR: fatal error in ngspice, exit(1)
Undefined parameter [vdd]
ERROR: fatal error in ngspice, exit(1)
ERROR: fatal error in ngspice, exit(1)
Netlist line no. 10:
Cannot compute substitute

ERROR: fatal error in ngspice, exit(1)
Subprocess exited with error code 1
Error output generated by subprocess:
Netlist line no. 10:
Undefined parameter [vdd]
Netlist line no. 10:
Cannot compute substitute

ERROR: fatal error in ngspice, exit(1)
Subprocess exited with error code 1
Subprocess exited with error code 1
Error output generated by subprocess:
Error output generated by subprocess:
Netlist line no. 10:
Netlist line no. 10:
Undefined parameter [vdd]
Undefined parameter [vdd]
Netlist line no. 10:
Netlist line no. 10:
Cannot compute substitute
Cannot compute substitute

Subprocess exited with error code 1

ERROR: fatal error in ngspice, exit(1)
Error output generated by subprocess:
ERROR: fatal error in ngspice, exit(1)
Netlist line no. 10:
Undefined parameter [vdd]
Netlist line no. 10:
Cannot compute substitute

ERROR: fatal error in ngspice, exit(1)
Subprocess exited with error code 1
Error output generated by subprocess:
Subprocess exited with error code 1
Subprocess exited with error code 1
Netlist line no. 10:
Error output generated by subprocess:
Error output generated by subprocess:
Undefined parameter [vdd]
Netlist line no. 10:
Subprocess exited with error code 1
Netlist line no. 10:
Netlist line no. 10:
Undefined parameter [vdd]
Error output generated by subprocess:
Undefined parameter [vdd]
Cannot compute substitute
Netlist line no. 10:
Netlist line no. 10:
Netlist line no. 10:

Cannot compute substitute
Undefined parameter [vdd]
Cannot compute substitute
ERROR: fatal error in ngspice, exit(1)

Netlist line no. 10:

ERROR: fatal error in ngspice, exit(1)
Cannot compute substitute
ERROR: fatal error in ngspice, exit(1)

ERROR: fatal error in ngspice, exit(1)
Running magic to get area measurements.
Running magic to get layout DRC report.
Running netgen to get LVS report.
Netgen LVS report at '[repr.filename][link=file:///foss/designs/sky130_op_amp/runs/RUN_2025-10-21_18-07-48/parameters/netgen_lvs/sky130_op_amp_comp.out]runs/RUN_2025-10-21_18-07-48/parameters/netgen_lvs/sky130_op_amp_comp.out[/link][/repr.filename]'…
Running KLayout to get layout DRC report.
Magic DRC report at '[repr.filename][link=file:///foss/designs/sky130_op_amp/runs/RUN_2025-10-21_18-07-48/parameters/magic_drc/magic_drc.out]runs/RUN_2025-10-21_18-07-48/parameters/magic_drc/magic_drc.out[/link][/repr.filename]'…
Running KLayout to get layout DRC report.
Subprocess exited with error code 1
Error output generated by subprocess:
Netlist line no. 10:
Undefined parameter [vdd]
Netlist line no. 10:
Cannot compute substitute

ERROR: fatal error in ngspice, exit(1)
Subprocess exited with error code 1
Error output generated by subprocess:
Netlist line no. 10:
Undefined parameter [vdd]
Netlist line no. 10:
Cannot compute substitute

ERROR: fatal error in ngspice, exit(1)
Subprocess exited with error code 1
Error output generated by subprocess:
Netlist line no. 10:
Undefined parameter [vdd]
Netlist line no. 10:
Cannot compute substitute

ERROR: fatal error in ngspice, exit(1)
Subprocess exited with error code 1
Error output generated by subprocess:
Subprocess exited with error code 1
Netlist line no. 10:
Error output generated by subprocess:
Undefined parameter [vdd]
Netlist line no. 10:
Netlist line no. 10:
Subprocess exited with error code 1
Undefined parameter [vdd]
Cannot compute substitute
Error output generated by subprocess:
Netlist line no. 10:

Cannot compute substitute
ERROR: fatal error in ngspice, exit(1)
Netlist line no. 10:

Undefined parameter [vdd]
ERROR: fatal error in ngspice, exit(1)
Netlist line no. 10:
Cannot compute substitute
Subprocess exited with error code 1
Subprocess exited with error code 1

Error output generated by subprocess:
Error output generated by subprocess:
ERROR: fatal error in ngspice, exit(1)
Netlist line no. 10:
Netlist line no. 10:
Undefined parameter [vdd]
Undefined parameter [vdd]
Netlist line no. 10:
Netlist line no. 10:
Cannot compute substitute
Subprocess exited with error code 1
Cannot compute substitute

Error output generated by subprocess:

ERROR: fatal error in ngspice, exit(1)
Netlist line no. 10:
ERROR: fatal error in ngspice, exit(1)
Undefined parameter [vdd]
Netlist line no. 10:
Cannot compute substitute

ERROR: fatal error in ngspice, exit(1)
Subprocess exited with error code 1
Error output generated by subprocess:
Netlist line no. 10:
Undefined parameter [vdd]
Subprocess exited with error code 1
Netlist line no. 10:
Error output generated by subprocess:
Cannot compute substitute
Netlist line no. 10:

Running KLayout to get layout DRC report.
Undefined parameter [vdd]
ERROR: fatal error in ngspice, exit(1)
Netlist line no. 10:
Cannot compute substitute
Subprocess exited with error code 1

Error output generated by subprocess:
ERROR: fatal error in ngspice, exit(1)
Netlist line no. 10:
Undefined parameter [vdd]
Netlist line no. 10:
Cannot compute substitute

ERROR: fatal error in ngspice, exit(1)
Running magic to check for antenna violations.
KLayout DRC report at '[repr.filename][link=file:///foss/designs/sky130_op_amp/runs/RUN_2025-10-21_18-07-48/parameters/klayout_drc_feol/report.xml]runs/RUN_2025-10-21_18-07-48/parameters/klayout_drc_feol/report.xml[/link][/repr.filename]'…
KLayout DRC report at '[repr.filename][link=file:///foss/designs/sky130_op_amp/runs/RUN_2025-10-21_18-07-48/parameters/klayout_drc_beol/report.xml]runs/RUN_2025-10-21_18-07-48/parameters/klayout_drc_beol/report.xml[/link][/repr.filename]'…
KLayout DRC report at '[repr.filename][link=file:///foss/designs/sky130_op_amp/runs/RUN_2025-10-21_18-07-48/parameters/klayout_drc_full/report.xml]runs/RUN_2025-10-21_18-07-48/parameters/klayout_drc_full/report.xml[/link][/repr.filename]'…
Done with CACE simulations and evaluations in 0:00:36.
