Running parameters: spice_params, magic_area, magic_drc, netgen_lvs, klayout_drc_feol, klayout_drc_beol, klayout_drc_full, magic_antenna_check
Generating simulation netlist from schematic…
Skipping extraction of rcx netlist. Up to date.
Skipping extraction of layout netlist. Up to date.
Not regenerating GDSII from magic layout. Up to date.
Running magic to get area measurements.
Running magic to get layout DRC report.
Running netgen to get LVS report.
Parameter spice_params: Generating simulation files…
Netgen LVS report at '[repr.filename][link=file:///foss/designs/sky130_op_amp/runs/RUN_2025-10-21_18-28-34/parameters/netgen_lvs/sky130_op_amp_comp.out]runs/RUN_2025-10-21_18-28-34/parameters/netgen_lvs/sky130_op_amp_comp.out[/link][/repr.filename]'…
Running KLayout to get layout DRC report.
Parameter spice_params: Running simulations…
Running KLayout to get layout DRC report.
Magic DRC report at '[repr.filename][link=file:///foss/designs/sky130_op_amp/runs/RUN_2025-10-21_18-28-34/parameters/magic_drc/magic_drc.out]runs/RUN_2025-10-21_18-28-34/parameters/magic_drc/magic_drc.out[/link][/repr.filename]'…
Running KLayout to get layout DRC report.
KLayout DRC report at '[repr.filename][link=file:///foss/designs/sky130_op_amp/runs/RUN_2025-10-21_18-28-34/parameters/klayout_drc_feol/report.xml]runs/RUN_2025-10-21_18-28-34/parameters/klayout_drc_feol/report.xml[/link][/repr.filename]'…
Running magic to check for antenna violations.
KLayout DRC report at '[repr.filename][link=file:///foss/designs/sky130_op_amp/runs/RUN_2025-10-21_18-28-34/parameters/klayout_drc_beol/report.xml]runs/RUN_2025-10-21_18-28-34/parameters/klayout_drc_beol/report.xml[/link][/repr.filename]'…
KLayout DRC report at '[repr.filename][link=file:///foss/designs/sky130_op_amp/runs/RUN_2025-10-21_18-28-34/parameters/klayout_drc_full/report.xml]runs/RUN_2025-10-21_18-28-34/parameters/klayout_drc_full/report.xml[/link][/repr.filename]'…
Subprocess exited with error code -11
Error output generated by subprocess:
Note: vdm: has no value, DC 0 assumed
Error: no such vector as 180+vout_phase.
Note: vdm: has no value, DC 0 assumed
Note: vdm: has no value, DC 0 assumed
Note: vdm: has no value, DC 0 assumed
Fatal error: DC Transfer Function: Voltage source, current source, or resistor named "en" is not in the circuit
doAnalyses: no such device

dc simulation(s) aborted
Done with CACE simulations and evaluations in 0:00:15.
