Could not find template file cace/templates/sky130_op_amp_offset_tb.sch.
Could not find template file cace/templates/sky130_op_amp_slew_tb.sch.
Could not find template file cace/templates/sky130_op_amp_power_tb.sch.
Could not find template file cace/templates/sky130_op_amp_offset_tb.sch.
Could not find template file cace/templates/sky130_op_amp_slew_tb.sch.
Could not find template file cace/templates/sky130_op_amp_power_tb.sch.
Subprocess exited with error code 1
Error output generated by subprocess:
Netlist line no. 10:
Undefined parameter [vdd]
Netlist line no. 10:
Cannot compute substitute

Subprocess exited with error code 1
ERROR: fatal error in ngspice, exit(1)
Error output generated by subprocess:
Netlist line no. 10:
Undefined parameter [vdd]
Netlist line no. 10:
Cannot compute substitute

ERROR: fatal error in ngspice, exit(1)
Subprocess exited with error code 1
Subprocess exited with error code 1
Subprocess exited with error code 1
Error output generated by subprocess:
Error output generated by subprocess:
Error output generated by subprocess:
Netlist line no. 10:
Netlist line no. 10:
Netlist line no. 10:
Undefined parameter [vdd]
Undefined parameter [vdd]
Undefined parameter [vdd]
Subprocess exited with error code 1
Netlist line no. 10:
Netlist line no. 10:
Netlist line no. 10:
Error output generated by subprocess:
Subprocess exited with error code 1
Cannot compute substitute
Cannot compute substitute
Cannot compute substitute
Netlist line no. 10:
Subprocess exited with error code 1
Error output generated by subprocess:



Subprocess exited with error code 1
Undefined parameter [vdd]
Error output generated by subprocess:
Subprocess exited with error code 1
Netlist line no. 10:
Subprocess exited with error code 1
ERROR: fatal error in ngspice, exit(1)
ERROR: fatal error in ngspice, exit(1)
ERROR: fatal error in ngspice, exit(1)
Error output generated by subprocess:
Netlist line no. 10:
Netlist line no. 10:
Error output generated by subprocess:
Undefined parameter [vdd]
Error output generated by subprocess:
Undefined parameter [vdd]
Subprocess exited with error code 1
Subprocess exited with error code 1
Netlist line no. 10:
Cannot compute substitute
Netlist line no. 10:
Netlist line no. 10:
Netlist line no. 10:
Netlist line no. 10:
Subprocess exited with error code 1
Error output generated by subprocess:
Error output generated by subprocess:
Undefined parameter [vdd]

Undefined parameter [vdd]
Cannot compute substitute
Cannot compute substitute
Undefined parameter [vdd]
Error output generated by subprocess:
Netlist line no. 10:
Netlist line no. 10:
Netlist line no. 10:
ERROR: fatal error in ngspice, exit(1)
Netlist line no. 10:

Netlist line no. 10:
Netlist line no. 10:

Undefined parameter [vdd]
Undefined parameter [vdd]
Cannot compute substitute
Cannot compute substitute
ERROR: fatal error in ngspice, exit(1)
Cannot compute substitute
Undefined parameter [vdd]
ERROR: fatal error in ngspice, exit(1)
Netlist line no. 10:
Netlist line no. 10:



Netlist line no. 10:
Cannot compute substitute
Cannot compute substitute
ERROR: fatal error in ngspice, exit(1)
ERROR: fatal error in ngspice, exit(1)
ERROR: fatal error in ngspice, exit(1)
Cannot compute substitute



ERROR: fatal error in ngspice, exit(1)
ERROR: fatal error in ngspice, exit(1)
ERROR: fatal error in ngspice, exit(1)
Subprocess exited with error code 1
Error output generated by subprocess:
Netlist line no. 10:
Undefined parameter [vdd]
Netlist line no. 10:
Cannot compute substitute

ERROR: fatal error in ngspice, exit(1)
