Running parameters: dc_params, offset_params, transient_params, power_params, magic_area, magic_drc, netgen_lvs, klayout_drc_feol, klayout_drc_beol, klayout_drc_full, magic_antenna_check
Generating simulation netlist from schematic…
Skipping extraction of rcx netlist. Up to date.
Skipping extraction of layout netlist. Up to date.
Not regenerating GDSII from magic layout. Up to date.
Could not find template file cace/templates/sky130_op_amp_offset_tb.sch.
Parameter offset_params: Generating simulation files…
Could not find template file cace/templates/sky130_op_amp_slew_tb.sch.
Could not find template file cace/templates/sky130_op_amp_power_tb.sch.
Parameter transient_params: Generating simulation files…
Could not find template file cace/templates/sky130_op_amp_offset_tb.sch.
Parameter power_params: Generating simulation files…
Could not find template file cace/templates/sky130_op_amp_slew_tb.sch.
Could not find template file cace/templates/sky130_op_amp_power_tb.sch.
Parameter dc_params: Generating simulation files…
Running magic to get area measurements.
Running magic to get layout DRC report.
Running netgen to get LVS report.
Netgen LVS report at '[repr.filename][link=file:///foss/designs/sky130_op_amp/runs/RUN_2025-10-21_18-04-26/parameters/netgen_lvs/sky130_op_amp_comp.out]runs/RUN_2025-10-21_18-04-26/parameters/netgen_lvs/sky130_op_amp_comp.out[/link][/repr.filename]'…
Running KLayout to get layout DRC report.
Condition vdd not defined
Running KLayout to get layout DRC report.
Condition vdd not defined
Condition vdd not defined
Condition vdd not defined
Condition vdd not defined
Magic DRC report at '[repr.filename][link=file:///foss/designs/sky130_op_amp/runs/RUN_2025-10-21_18-04-26/parameters/magic_drc/magic_drc.out]runs/RUN_2025-10-21_18-04-26/parameters/magic_drc/magic_drc.out[/link][/repr.filename]'…
Condition vdd not defined
Running KLayout to get layout DRC report.
Condition vdd not defined
Condition vdd not defined
Condition vdd not defined
Condition vdd not defined
Condition vdd not defined
Condition vdd not defined
Condition vdd not defined
Condition vdd not defined
Condition vdd not defined
Parameter dc_params: Running simulations…
KLayout DRC report at '[repr.filename][link=file:///foss/designs/sky130_op_amp/runs/RUN_2025-10-21_18-04-26/parameters/klayout_drc_feol/report.xml]runs/RUN_2025-10-21_18-04-26/parameters/klayout_drc_feol/report.xml[/link][/repr.filename]'…
KLayout DRC report at '[repr.filename][link=file:///foss/designs/sky130_op_amp/runs/RUN_2025-10-21_18-04-26/parameters/klayout_drc_beol/report.xml]runs/RUN_2025-10-21_18-04-26/parameters/klayout_drc_beol/report.xml[/link][/repr.filename]'…
Running magic to check for antenna violations.
KLayout DRC report at '[repr.filename][link=file:///foss/designs/sky130_op_amp/runs/RUN_2025-10-21_18-04-26/parameters/klayout_drc_full/report.xml]runs/RUN_2025-10-21_18-04-26/parameters/klayout_drc_full/report.xml[/link][/repr.filename]'…
Subprocess exited with error code 1
Error output generated by subprocess:
Netlist line no. 10:
Undefined parameter [vdd]
Netlist line no. 10:
Cannot compute substitute

Subprocess exited with error code 1
ERROR: fatal error in ngspice, exit(1)
Error output generated by subprocess:
Netlist line no. 10:
Undefined parameter [vdd]
Netlist line no. 10:
Cannot compute substitute

ERROR: fatal error in ngspice, exit(1)
Subprocess exited with error code 1
Subprocess exited with error code 1
Subprocess exited with error code 1
Error output generated by subprocess:
Error output generated by subprocess:
Error output generated by subprocess:
Netlist line no. 10:
Netlist line no. 10:
Netlist line no. 10:
Undefined parameter [vdd]
Undefined parameter [vdd]
Undefined parameter [vdd]
Subprocess exited with error code 1
Netlist line no. 10:
Netlist line no. 10:
Netlist line no. 10:
Error output generated by subprocess:
Subprocess exited with error code 1
Cannot compute substitute
Cannot compute substitute
Cannot compute substitute
Netlist line no. 10:
Subprocess exited with error code 1
Error output generated by subprocess:



Subprocess exited with error code 1
Undefined parameter [vdd]
Error output generated by subprocess:
Subprocess exited with error code 1
Netlist line no. 10:
Subprocess exited with error code 1
Netlist line no. 10:
ERROR: fatal error in ngspice, exit(1)
ERROR: fatal error in ngspice, exit(1)
Error output generated by subprocess:
Netlist line no. 10:
Undefined parameter [vdd]
Error output generated by subprocess:
Undefined parameter [vdd]
Error output generated by subprocess:
ERROR: fatal error in ngspice, exit(1)
Subprocess exited with error code 1
Subprocess exited with error code 1
Netlist line no. 10:
Cannot compute substitute
Netlist line no. 10:
Netlist line no. 10:
Netlist line no. 10:
Netlist line no. 10:
Subprocess exited with error code 1
Error output generated by subprocess:
Error output generated by subprocess:
Undefined parameter [vdd]

Undefined parameter [vdd]
Cannot compute substitute
Undefined parameter [vdd]
Error output generated by subprocess:
Cannot compute substitute
Netlist line no. 10:
Netlist line no. 10:
Netlist line no. 10:
ERROR: fatal error in ngspice, exit(1)
Netlist line no. 10:

Netlist line no. 10:
Netlist line no. 10:

Undefined parameter [vdd]
Undefined parameter [vdd]
Cannot compute substitute
Cannot compute substitute
ERROR: fatal error in ngspice, exit(1)
Cannot compute substitute
Undefined parameter [vdd]
ERROR: fatal error in ngspice, exit(1)
Netlist line no. 10:
Netlist line no. 10:



Netlist line no. 10:
Cannot compute substitute
Cannot compute substitute
ERROR: fatal error in ngspice, exit(1)
ERROR: fatal error in ngspice, exit(1)
ERROR: fatal error in ngspice, exit(1)
Cannot compute substitute



ERROR: fatal error in ngspice, exit(1)
ERROR: fatal error in ngspice, exit(1)
ERROR: fatal error in ngspice, exit(1)
Subprocess exited with error code 1
Error output generated by subprocess:
Netlist line no. 10:
Undefined parameter [vdd]
Netlist line no. 10:
Cannot compute substitute

ERROR: fatal error in ngspice, exit(1)
Done with CACE simulations and evaluations in 0:00:10.
