
Note: Compatibility modes selected: hs a


Circuit: ** sch_path: /foss/designs/sky130_op_amp/runs/run_2025-10-22_16-52-56/parameters/dc_params/run_40/sky130_op_amp_tb.sch

option SCALE: Scale is set to 1e-06 for instance and model parameters
option SCALE: Scale is set to 1e-06 for instance and model parameters
option SCALE: Scale is set to 1e-06 for instance and model parameters
option SCALE: Scale is set to 1e-06 for instance and model parameters
Doing analysis at TEMP = 50.000000 and TNOM = 27.000000

Using SPARSE 1.3 as Direct Linear Solver
 Reference value :  1.00000e+03
 Reference value :  1.77828e+03
 Reference value :  3.54813e+03
 Reference value :  6.30957e+03
 Reference value :  8.91251e+03
 Reference value :  1.41254e+04
 Reference value :  2.81838e+04
 Reference value :  5.01187e+04
 Reference value :  1.00000e+05
 Reference value :  1.99526e+05
 Reference value :  3.54813e+05
 Reference value :  6.30957e+05
 Reference value :  1.41254e+06
 Reference value :  3.16228e+06
 Reference value :  6.30957e+06
 Reference value :  1.58489e+07
 Reference value :  3.98107e+07
No. of Data Rows : 101
a0                  =  7.212970e+01
ugf                 =  9.291396e+06
pm                  =  8.274329e+01
Note: Simulation executed from .control section 
