Subprocess exited with error code 1
Error output generated by subprocess:
Error: -212160 out of range for sqrt
    in line b.x1.x62.x0.brbody_1

Error: -212160 out of range for sqrt
    in line b.x1.x62.x0.brbody_1

Error: -212160 out of range for sqrt
    in line b.x1.x62.x0.brbody_1

Error: -212160 out of range for sqrt
    in line b.x1.x62.x0.brbody_1
Subprocess exited with error code 1

Error output generated by subprocess:
Error: -212160 out of range for sqrt
Error: -213015 out of range for sqrt
    in line b.x1.x62.x0.brbody_1
    in line b.x1.x62.x0.brbody_1


Error: -212160 out of range for sqrt
Error: -213015 out of range for sqrt
    in line b.x1.x62.x0.brbody_1
    in line b.x1.x62.x0.brbody_1


Error: -212160 out of range for sqrt
Error: -213015 out of range for sqrt
    in line b.x1.x62.x0.brbody_1
    in line b.x1.x62.x0.brbody_1


Error: -212160 out of range for sqrt
Error: -213015 out of range for sqrt
    in line b.x1.x62.x0.brbody_1
    in line b.x1.x62.x0.brbody_1


Error: -212160 out of range for sqrt
Error: -213015 out of range for sqrt
    in line b.x1.x62.x0.brbody_1
    in line b.x1.x62.x0.brbody_1


Error: -212160 out of range for sqrt
Error: -213015 out of range for sqrt
    in line b.x1.x62.x0.brbody_1
    in line b.x1.x62.x0.brbody_1


doAnalyses: TRAN:  Timestep too small; time = 1e-07, timestep = 1.25e-20: cause unrecorded.
Error: -213015 out of range for sqrt

    in line b.x1.x62.x0.brbody_1


tran simulation(s) aborted
Error: -213015 out of range for sqrt

    in line b.x1.x62.x0.brbody_1
Error: measure  sr  max(TRIG) : no such vector as 'deriv(v(vout))/1e6'

Error: &sr: no such variable.
Error: -213015 out of range for sqrt
Error: RHS "" invalid
    in line b.x1.x62.x0.brbody_1
Error: &sr_val: no such variable.

Note: No ".plot", ".print", or ".fourier" lines; no simulations run
Error: -213015 out of range for sqrt
    in line b.x1.x62.x0.brbody_1

doAnalyses: TRAN:  Timestep too small; time = 1e-07, timestep = 1.25e-20: cause unrecorded.


tran simulation(s) aborted

Error: measure  sr  max(TRIG) : no such vector as 'deriv(v(vout))/1e6'
Error: &sr: no such variable.
Error: RHS "" invalid
Error: &sr_val: no such variable.
Note: No ".plot", ".print", or ".fourier" lines; no simulations run
Subprocess exited with error code 1
Error output generated by subprocess:
Error: -223091 out of range for sqrt
    in line b.x1.x62.x0.brbody_1

Error: -223091 out of range for sqrt
    in line b.x1.x62.x0.brbody_1

Error: -223091 out of range for sqrt
    in line b.x1.x62.x0.brbody_1

Error: -223091 out of range for sqrt
    in line b.x1.x62.x0.brbody_1

Error: -223091 out of range for sqrt
    in line b.x1.x62.x0.brbody_1

Error: -223091 out of range for sqrt
    in line b.x1.x62.x0.brbody_1

Error: -223091 out of range for sqrt
    in line b.x1.x62.x0.brbody_1

Error: -223091 out of range for sqrt
    in line b.x1.x62.x0.brbody_1

Error: -223091 out of range for sqrt
    in line b.x1.x62.x0.brbody_1

Error: -223091 out of range for sqrt
    in line b.x1.x62.x0.brbody_1

doAnalyses: TRAN:  Timestep too small; time = 1e-07, timestep = 1.25e-20: cause unrecorded.


tran simulation(s) aborted

Error: measure  sr  max(TRIG) : no such vector as 'deriv(v(vout))/1e6'
Error: &sr: no such variable.
Error: RHS "" invalid
Error: &sr_val: no such variable.
Note: No ".plot", ".print", or ".fourier" lines; no simulations run
Subprocess exited with error code 1
Error output generated by subprocess:
Error: -217367 out of range for sqrt
    in line b.x1.x62.x0.brbody_1

Error: -217367 out of range for sqrt
    in line b.x1.x62.x0.brbody_1

Error: -217367 out of range for sqrt
    in line b.x1.x62.x0.brbody_1

Error: -217367 out of range for sqrt
    in line b.x1.x62.x0.brbody_1

Error: -217367 out of range for sqrt
    in line b.x1.x62.x0.brbody_1

Error: -217367 out of range for sqrt
    in line b.x1.x62.x0.brbody_1

Error: -217367 out of range for sqrt
    in line b.x1.x62.x0.brbody_1

Error: -217367 out of range for sqrt
    in line b.x1.x62.x0.brbody_1

Error: -217367 out of range for sqrt
    in line b.x1.x62.x0.brbody_1

Error: -217367 out of range for sqrt
    in line b.x1.x62.x0.brbody_1

doAnalyses: TRAN:  Timestep too small; time = 1e-07, timestep = 1.25e-20: cause unrecorded.


tran simulation(s) aborted

Error: measure  sr  max(TRIG) : no such vector as 'deriv(v(vout))/1e6'
Error: &sr: no such variable.
Error: RHS "" invalid
Error: &sr_val: no such variable.
Note: No ".plot", ".print", or ".fourier" lines; no simulations run
Subprocess exited with error code 1
Error output generated by subprocess:
Error: -216551 out of range for sqrt
    in line b.x1.x62.x0.brbody_1

Error: -216551 out of range for sqrt
    in line b.x1.x62.x0.brbody_1

Error: -216551 out of range for sqrt
    in line b.x1.x62.x0.brbody_1

Error: -216551 out of range for sqrt
    in line b.x1.x62.x0.brbody_1

Error: -216551 out of range for sqrt
    in line b.x1.x62.x0.brbody_1

Error: -216551 out of range for sqrt
    in line b.x1.x62.x0.brbody_1

Error: -216551 out of range for sqrt
    in line b.x1.x62.x0.brbody_1

Error: -216551 out of range for sqrt
    in line b.x1.x62.x0.brbody_1

Error: -216551 out of range for sqrt
    in line b.x1.x62.x0.brbody_1

Error: -216551 out of range for sqrt
    in line b.x1.x62.x0.brbody_1

doAnalyses: TRAN:  Timestep too small; time = 1e-07, timestep = 1.25e-20: cause unrecorded.


tran simulation(s) aborted

Error: measure  sr  max(TRIG) : no such vector as 'deriv(v(vout))/1e6'
Error: &sr: no such variable.
Error: RHS "" invalid
Error: &sr_val: no such variable.
Note: No ".plot", ".print", or ".fourier" lines; no simulations run
Subprocess exited with error code 1
Error output generated by subprocess:
Error: -215786 out of range for sqrt
    in line b.x1.x62.x0.brbody_1

Error: -215786 out of range for sqrt
    in line b.x1.x62.x0.brbody_1

Error: -215786 out of range for sqrt
    in line b.x1.x62.x0.brbody_1

Error: -215786 out of range for sqrt
    in line b.x1.x62.x0.brbody_1

Error: -215786 out of range for sqrt
    in line b.x1.x62.x0.brbody_1

Error: -215786 out of range for sqrt
    in line b.x1.x62.x0.brbody_1

Error: -215786 out of range for sqrt
    in line b.x1.x62.x0.brbody_1

Error: -215786 out of range for sqrt
    in line b.x1.x62.x0.brbody_1

Error: -215786 out of range for sqrt
    in line b.x1.x62.x0.brbody_1

Error: -215786 out of range for sqrt
    in line b.x1.x62.x0.brbody_1

doAnalyses: TRAN:  Timestep too small; time = 1e-07, timestep = 1.25e-20: cause unrecorded.


tran simulation(s) aborted

Error: measure  sr  max(TRIG) : no such vector as 'deriv(v(vout))/1e6'
Error: &sr: no such variable.
Error: RHS "" invalid
Error: &sr_val: no such variable.
Note: No ".plot", ".print", or ".fourier" lines; no simulations run
Subprocess exited with error code 1
Error output generated by subprocess:
Error: -226628 out of range for sqrt
    in line b.x1.x62.x0.brbody_1

Error: -226628 out of range for sqrt
    in line b.x1.x62.x0.brbody_1

Error: -226628 out of range for sqrt
    in line b.x1.x62.x0.brbody_1

Error: -226628 out of range for sqrt
    in line b.x1.x62.x0.brbody_1

Error: -226628 out of range for sqrt
    in line b.x1.x62.x0.brbody_1

Error: -226628 out of range for sqrt
    in line b.x1.x62.x0.brbody_1

Error: -226628 out of range for sqrt
    in line b.x1.x62.x0.brbody_1

Error: -226628 out of range for sqrt
    in line b.x1.x62.x0.brbody_1

Error: -226628 out of range for sqrt
    in line b.x1.x62.x0.brbody_1

Error: -226628 out of range for sqrt
    in line b.x1.x62.x0.brbody_1

doAnalyses: TRAN:  Timestep too small; time = 1e-07, timestep = 1.25e-20: cause unrecorded.


tran simulation(s) aborted

Error: measure  sr  max(TRIG) : no such vector as 'deriv(v(vout))/1e6'
Error: &sr: no such variable.
Error: RHS "" invalid
Error: &sr_val: no such variable.
Note: No ".plot", ".print", or ".fourier" lines; no simulations run
Subprocess exited with error code 1
Error output generated by subprocess:
Error: -220852 out of range for sqrt
    in line b.x1.x62.x0.brbody_1

Error: -220852 out of range for sqrt
    in line b.x1.x62.x0.brbody_1

Error: -220852 out of range for sqrt
    in line b.x1.x62.x0.brbody_1

Error: -220852 out of range for sqrt
    in line b.x1.x62.x0.brbody_1

Error: -220852 out of range for sqrt
    in line b.x1.x62.x0.brbody_1

Error: -220852 out of range for sqrt
    in line b.x1.x62.x0.brbody_1

Error: -220852 out of range for sqrt
    in line b.x1.x62.x0.brbody_1

Error: -220852 out of range for sqrt
    in line b.x1.x62.x0.brbody_1

Error: -220852 out of range for sqrt
    in line b.x1.x62.x0.brbody_1

Error: -220852 out of range for sqrt
    in line b.x1.x62.x0.brbody_1

doAnalyses: TRAN:  Timestep too small; time = 1e-07, timestep = 1.25e-20: cause unrecorded.

Subprocess exited with error code 1

Error output generated by subprocess:
tran simulation(s) aborted
Error: -229609 out of range for sqrt

    in line b.x1.x62.x0.brbody_1
Error: measure  sr  max(TRIG) : no such vector as 'deriv(v(vout))/1e6'

Subprocess exited with error code 1
Error: &sr: no such variable.
Error: -229609 out of range for sqrt
Error output generated by subprocess:
Error: RHS "" invalid
    in line b.x1.x62.x0.brbody_1
Error: -225787 out of range for sqrt
Error: &sr_val: no such variable.

Note: No ".plot", ".print", or ".fourier" lines; no simulations run
    in line b.x1.x62.x0.brbody_1
Error: -229609 out of range for sqrt

    in line b.x1.x62.x0.brbody_1
Error: -225787 out of range for sqrt
Subprocess exited with error code 1
    in line b.x1.x62.x0.brbody_1
Error output generated by subprocess:

Error: -224999 out of range for sqrt

Error: -229609 out of range for sqrt
    in line b.x1.x62.x0.brbody_1
Error: -225787 out of range for sqrt
    in line b.x1.x62.x0.brbody_1


    in line b.x1.x62.x0.brbody_1
Error: -229609 out of range for sqrt
Error: -224999 out of range for sqrt

    in line b.x1.x62.x0.brbody_1
    in line b.x1.x62.x0.brbody_1
Error: -225787 out of range for sqrt


    in line b.x1.x62.x0.brbody_1
Error: -224999 out of range for sqrt
    in line b.x1.x62.x0.brbody_1

Error: -229609 out of range for sqrt

Error: -225787 out of range for sqrt
    in line b.x1.x62.x0.brbody_1
    in line b.x1.x62.x0.brbody_1
Error: -224999 out of range for sqrt


    in line b.x1.x62.x0.brbody_1
Error: -229609 out of range for sqrt
Error: -225787 out of range for sqrt

    in line b.x1.x62.x0.brbody_1
    in line b.x1.x62.x0.brbody_1
Error: -224999 out of range for sqrt


    in line b.x1.x62.x0.brbody_1
Error: -225787 out of range for sqrt
Error: -229609 out of range for sqrt

    in line b.x1.x62.x0.brbody_1
Error: -224999 out of range for sqrt
    in line b.x1.x62.x0.brbody_1


    in line b.x1.x62.x0.brbody_1
Error: -225787 out of range for sqrt
Error: -229609 out of range for sqrt

    in line b.x1.x62.x0.brbody_1
    in line b.x1.x62.x0.brbody_1
Error: -224999 out of range for sqrt


    in line b.x1.x62.x0.brbody_1
Error: -225787 out of range for sqrt

Error: -229609 out of range for sqrt
    in line b.x1.x62.x0.brbody_1
Error: -224999 out of range for sqrt
    in line b.x1.x62.x0.brbody_1

    in line b.x1.x62.x0.brbody_1

Subprocess exited with error code 1
Error: -225787 out of range for sqrt

doAnalyses: TRAN:  Timestep too small; time = 1e-07, timestep = 1.25e-20: cause unrecorded.
Error output generated by subprocess:
    in line b.x1.x62.x0.brbody_1
Error: -224999 out of range for sqrt

Error: -220148 out of range for sqrt

    in line b.x1.x62.x0.brbody_1

    in line b.x1.x62.x0.brbody_1
doAnalyses: TRAN:  Timestep too small; time = 1e-07, timestep = 1.25e-20: cause unrecorded.

tran simulation(s) aborted


Error: -224999 out of range for sqrt

Error: -220148 out of range for sqrt

    in line b.x1.x62.x0.brbody_1
Error: measure  sr  max(TRIG) : no such vector as 'deriv(v(vout))/1e6'
    in line b.x1.x62.x0.brbody_1

tran simulation(s) aborted
Error: &sr: no such variable.

Error: -220148 out of range for sqrt

Error: RHS "" invalid
doAnalyses: TRAN:  Timestep too small; time = 1e-07, timestep = 1.25e-20: cause unrecorded.
    in line b.x1.x62.x0.brbody_1
Error: measure  sr  max(TRIG) : no such vector as 'deriv(v(vout))/1e6'
Error: &sr_val: no such variable.


Error: &sr: no such variable.
Note: No ".plot", ".print", or ".fourier" lines; no simulations run
Subprocess exited with error code 1

Error: -220148 out of range for sqrt
Error: RHS "" invalid
Error output generated by subprocess:
Subprocess exited with error code 1
tran simulation(s) aborted
    in line b.x1.x62.x0.brbody_1
Error: &sr_val: no such variable.
Error: -230333 out of range for sqrt
Error output generated by subprocess:


Note: No ".plot", ".print", or ".fourier" lines; no simulations run
    in line b.x1.x62.x0.brbody_1
Error: -219486 out of range for sqrt
Error: measure  sr  max(TRIG) : no such vector as 'deriv(v(vout))/1e6'
Error: -220148 out of range for sqrt

    in line b.x1.x62.x0.brbody_1
Error: &sr: no such variable.
    in line b.x1.x62.x0.brbody_1
Error: -230333 out of range for sqrt

Error: RHS "" invalid
Subprocess exited with error code 1

    in line b.x1.x62.x0.brbody_1
Error: -219486 out of range for sqrt
Error: &sr_val: no such variable.
Error output generated by subprocess:
Error: -220148 out of range for sqrt

    in line b.x1.x62.x0.brbody_1
Error: -221158 out of range for sqrt
Note: No ".plot", ".print", or ".fourier" lines; no simulations run
    in line b.x1.x62.x0.brbody_1
Error: -230333 out of range for sqrt

    in line b.x1.x62.x0.brbody_1
    in line b.x1.x62.x0.brbody_1

Error: -219486 out of range for sqrt


Error: -220148 out of range for sqrt
    in line b.x1.x62.x0.brbody_1
Error: -221158 out of range for sqrt
Error: -230333 out of range for sqrt
    in line b.x1.x62.x0.brbody_1

    in line b.x1.x62.x0.brbody_1
    in line b.x1.x62.x0.brbody_1

Error: -219486 out of range for sqrt


Error: -220148 out of range for sqrt
    in line b.x1.x62.x0.brbody_1
Error: -221158 out of range for sqrt
Error: -230333 out of range for sqrt
    in line b.x1.x62.x0.brbody_1

    in line b.x1.x62.x0.brbody_1
    in line b.x1.x62.x0.brbody_1


Error: -219486 out of range for sqrt

Error: -220148 out of range for sqrt
Error: -221158 out of range for sqrt
    in line b.x1.x62.x0.brbody_1
Error: -230333 out of range for sqrt
    in line b.x1.x62.x0.brbody_1
    in line b.x1.x62.x0.brbody_1

    in line b.x1.x62.x0.brbody_1

Subprocess exited with error code 1

Error: -219486 out of range for sqrt
Error: -220148 out of range for sqrt

Error output generated by subprocess:
Error: -221158 out of range for sqrt
Error: -228928 out of range for sqrt
    in line b.x1.x62.x0.brbody_1
Error: -230333 out of range for sqrt
    in line b.x1.x62.x0.brbody_1
    in line b.x1.x62.x0.brbody_1
    in line b.x1.x62.x0.brbody_1

    in line b.x1.x62.x0.brbody_1



Error: -219486 out of range for sqrt

doAnalyses: TRAN:  Timestep too small; time = 1e-07, timestep = 1.25e-20: cause unrecorded.
Error: -221158 out of range for sqrt
Error: -228928 out of range for sqrt
    in line b.x1.x62.x0.brbody_1
Error: -230333 out of range for sqrt

    in line b.x1.x62.x0.brbody_1
    in line b.x1.x62.x0.brbody_1

    in line b.x1.x62.x0.brbody_1

Error: -219486 out of range for sqrt



Error: -228928 out of range for sqrt
    in line b.x1.x62.x0.brbody_1
tran simulation(s) aborted
Error: -221158 out of range for sqrt
Error: -230333 out of range for sqrt
    in line b.x1.x62.x0.brbody_1


    in line b.x1.x62.x0.brbody_1
Subprocess exited with error code 1
    in line b.x1.x62.x0.brbody_1

Error: -219486 out of range for sqrt
Error: measure  sr  max(TRIG) : no such vector as 'deriv(v(vout))/1e6'

Error output generated by subprocess:

Error: -228928 out of range for sqrt
    in line b.x1.x62.x0.brbody_1
Error: &sr: no such variable.
Error: -221158 out of range for sqrt
Error: -214031 out of range for sqrt
Error: -230333 out of range for sqrt
    in line b.x1.x62.x0.brbody_1

Error: RHS "" invalid
    in line b.x1.x62.x0.brbody_1
    in line b.x1.x62.x0.brbody_1
    in line b.x1.x62.x0.brbody_1

Error: -219486 out of range for sqrt
Error: &sr_val: no such variable.



Error: -228928 out of range for sqrt
Note: No ".plot", ".print", or ".fourier" lines; no simulations run
    in line b.x1.x62.x0.brbody_1
Error: -221158 out of range for sqrt
Error: -214031 out of range for sqrt
doAnalyses: TRAN:  Timestep too small; time = 1e-07, timestep = 1.25e-20: cause unrecorded.
    in line b.x1.x62.x0.brbody_1
Subprocess exited with error code 1

    in line b.x1.x62.x0.brbody_1
    in line b.x1.x62.x0.brbody_1


Error output generated by subprocess:
doAnalyses: TRAN:  Timestep too small; time = 1e-07, timestep = 1.25e-20: cause unrecorded.



Error: -228928 out of range for sqrt
Error: -222041 out of range for sqrt

Error: -221158 out of range for sqrt
Error: -214031 out of range for sqrt
tran simulation(s) aborted
    in line b.x1.x62.x0.brbody_1
    in line b.x1.x62.x0.brbody_1

    in line b.x1.x62.x0.brbody_1
    in line b.x1.x62.x0.brbody_1



tran simulation(s) aborted


Error: measure  sr  max(TRIG) : no such vector as 'deriv(v(vout))/1e6'
Error: -228928 out of range for sqrt
Error: -222041 out of range for sqrt

    in line b.x1.x62.x0.brbody_1
Error: -214031 out of range for sqrt
doAnalyses: TRAN:  Timestep too small; time = 1e-07, timestep = 1.25e-20: cause unrecorded.
Error: &sr: no such variable.
    in line b.x1.x62.x0.brbody_1
Error: measure  sr  max(TRIG) : no such vector as 'deriv(v(vout))/1e6'

    in line b.x1.x62.x0.brbody_1

Error: RHS "" invalid

Error: &sr_val: no such variable.
Error: -228928 out of range for sqrt


Error: &sr: no such variable.
Error: -222041 out of range for sqrt
Note: No ".plot", ".print", or ".fourier" lines; no simulations run
    in line b.x1.x62.x0.brbody_1
Error: -214031 out of range for sqrt
tran simulation(s) aborted
Error: RHS "" invalid
    in line b.x1.x62.x0.brbody_1

    in line b.x1.x62.x0.brbody_1

Error: &sr_val: no such variable.

Error: measure  sr  max(TRIG) : no such vector as 'deriv(v(vout))/1e6'

Error: -228928 out of range for sqrt
Note: No ".plot", ".print", or ".fourier" lines; no simulations run
Error: -214031 out of range for sqrt
Error: &sr: no such variable.
Error: -222041 out of range for sqrt
    in line b.x1.x62.x0.brbody_1
    in line b.x1.x62.x0.brbody_1
Error: RHS "" invalid
    in line b.x1.x62.x0.brbody_1


Error: &sr_val: no such variable.

Error: -228928 out of range for sqrt
Error: -214031 out of range for sqrt
Note: No ".plot", ".print", or ".fourier" lines; no simulations run
Error: -222041 out of range for sqrt
    in line b.x1.x62.x0.brbody_1
    in line b.x1.x62.x0.brbody_1
    in line b.x1.x62.x0.brbody_1



doAnalyses: TRAN:  Timestep too small; time = 1e-07, timestep = 1.25e-20: cause unrecorded.
Error: -214031 out of range for sqrt
Error: -222041 out of range for sqrt

    in line b.x1.x62.x0.brbody_1
    in line b.x1.x62.x0.brbody_1



tran simulation(s) aborted
Error: -214031 out of range for sqrt
Error: -222041 out of range for sqrt

    in line b.x1.x62.x0.brbody_1
    in line b.x1.x62.x0.brbody_1
Error: measure  sr  max(TRIG) : no such vector as 'deriv(v(vout))/1e6'


Error: &sr: no such variable.
Error: -214031 out of range for sqrt
Error: -222041 out of range for sqrt
Error: RHS "" invalid
    in line b.x1.x62.x0.brbody_1
    in line b.x1.x62.x0.brbody_1
Error: &sr_val: no such variable.


Note: No ".plot", ".print", or ".fourier" lines; no simulations run
doAnalyses: TRAN:  Timestep too small; time = 1e-07, timestep = 1.25e-20: cause unrecorded.
Error: -222041 out of range for sqrt

    in line b.x1.x62.x0.brbody_1


tran simulation(s) aborted
Error: -222041 out of range for sqrt

    in line b.x1.x62.x0.brbody_1
Error: measure  sr  max(TRIG) : no such vector as 'deriv(v(vout))/1e6'

Error: &sr: no such variable.
doAnalyses: TRAN:  Timestep too small; time = 1e-07, timestep = 1.25e-20: cause unrecorded.
Error: RHS "" invalid

Error: &sr_val: no such variable.

Note: No ".plot", ".print", or ".fourier" lines; no simulations run
tran simulation(s) aborted

Error: measure  sr  max(TRIG) : no such vector as 'deriv(v(vout))/1e6'
Error: &sr: no such variable.
Error: RHS "" invalid
Error: &sr_val: no such variable.
Note: No ".plot", ".print", or ".fourier" lines; no simulations run
Subprocess exited with error code 1
Error output generated by subprocess:
Error: -220378 out of range for sqrt
    in line b.x1.x62.x0.brbody_1

Error: -220378 out of range for sqrt
    in line b.x1.x62.x0.brbody_1

Error: -220378 out of range for sqrt
    in line b.x1.x62.x0.brbody_1

Error: -220378 out of range for sqrt
    in line b.x1.x62.x0.brbody_1

Error: -220378 out of range for sqrt
    in line b.x1.x62.x0.brbody_1

Error: -220378 out of range for sqrt
    in line b.x1.x62.x0.brbody_1

Error: -220378 out of range for sqrt
    in line b.x1.x62.x0.brbody_1

Error: -220378 out of range for sqrt
    in line b.x1.x62.x0.brbody_1

Error: -220378 out of range for sqrt
    in line b.x1.x62.x0.brbody_1

Error: -220378 out of range for sqrt
    in line b.x1.x62.x0.brbody_1

doAnalyses: TRAN:  Timestep too small; time = 1e-07, timestep = 1.25e-20: cause unrecorded.


tran simulation(s) aborted

Error: measure  sr  max(TRIG) : no such vector as 'deriv(v(vout))/1e6'
Error: &sr: no such variable.
Error: RHS "" invalid
Error: &sr_val: no such variable.
Note: No ".plot", ".print", or ".fourier" lines; no simulations run
Subprocess exited with error code 1
Error output generated by subprocess:
Error: -219486 out of range for sqrt
    in line b.x1.x62.x0.brbody_1

Error: -219486 out of range for sqrt
    in line b.x1.x62.x0.brbody_1

Error: -219486 out of range for sqrt
    in line b.x1.x62.x0.brbody_1

Error: -219486 out of range for sqrt
    in line b.x1.x62.x0.brbody_1

Error: -219486 out of range for sqrt
    in line b.x1.x62.x0.brbody_1

Error: -219486 out of range for sqrt
    in line b.x1.x62.x0.brbody_1

Error: -219486 out of range for sqrt
    in line b.x1.x62.x0.brbody_1

Error: -219486 out of range for sqrt
    in line b.x1.x62.x0.brbody_1

Error: -219486 out of range for sqrt
    in line b.x1.x62.x0.brbody_1

Error: -219486 out of range for sqrt
    in line b.x1.x62.x0.brbody_1

doAnalyses: TRAN:  Timestep too small; time = 1e-07, timestep = 1.25e-20: cause unrecorded.


tran simulation(s) aborted

Error: measure  sr  max(TRIG) : no such vector as 'deriv(v(vout))/1e6'
Error: &sr: no such variable.
Error: RHS "" invalid
Error: &sr_val: no such variable.
Note: No ".plot", ".print", or ".fourier" lines; no simulations run
Subprocess exited with error code 1
Error output generated by subprocess:
Error: -218645 out of range for sqrt
    in line b.x1.x62.x0.brbody_1

Error: -218645 out of range for sqrt
    in line b.x1.x62.x0.brbody_1

Error: -218645 out of range for sqrt
    in line b.x1.x62.x0.brbody_1

Error: -218645 out of range for sqrt
    in line b.x1.x62.x0.brbody_1

Error: -218645 out of range for sqrt
    in line b.x1.x62.x0.brbody_1

Error: -218645 out of range for sqrt
    in line b.x1.x62.x0.brbody_1

Error: -218645 out of range for sqrt
    in line b.x1.x62.x0.brbody_1

Error: -218645 out of range for sqrt
    in line b.x1.x62.x0.brbody_1

Error: -218645 out of range for sqrt
    in line b.x1.x62.x0.brbody_1

Error: -218645 out of range for sqrt
    in line b.x1.x62.x0.brbody_1

doAnalyses: TRAN:  Timestep too small; time = 1e-07, timestep = 1.25e-20: cause unrecorded.


tran simulation(s) aborted

Error: measure  sr  max(TRIG) : no such vector as 'deriv(v(vout))/1e6'
Error: &sr: no such variable.
Error: RHS "" invalid
Error: &sr_val: no such variable.
Note: No ".plot", ".print", or ".fourier" lines; no simulations run
Subprocess exited with error code 1
Error output generated by subprocess:
Error: -229602 out of range for sqrt
    in line b.x1.x62.x0.brbody_1

Error: -229602 out of range for sqrt
    in line b.x1.x62.x0.brbody_1

Error: -229602 out of range for sqrt
    in line b.x1.x62.x0.brbody_1

Error: -229602 out of range for sqrt
    in line b.x1.x62.x0.brbody_1

Error: -229602 out of range for sqrt
    in line b.x1.x62.x0.brbody_1

Error: -229602 out of range for sqrt
    in line b.x1.x62.x0.brbody_1

Error: -229602 out of range for sqrt
    in line b.x1.x62.x0.brbody_1

Error: -229602 out of range for sqrt
Subprocess exited with error code 1
    in line b.x1.x62.x0.brbody_1
Error output generated by subprocess:
Error: -228685 out of range for sqrt

    in line b.x1.x62.x0.brbody_1
Error: -229602 out of range for sqrt
    in line b.x1.x62.x0.brbody_1


Error: -228685 out of range for sqrt
Error: -229602 out of range for sqrt
    in line b.x1.x62.x0.brbody_1
    in line b.x1.x62.x0.brbody_1


Error: -228685 out of range for sqrt
    in line b.x1.x62.x0.brbody_1
doAnalyses: TRAN:  Timestep too small; time = 1e-07, timestep = 1.25e-20: cause unrecorded.


Error: -228685 out of range for sqrt

tran simulation(s) aborted
    in line b.x1.x62.x0.brbody_1


Error: measure  sr  max(TRIG) : no such vector as 'deriv(v(vout))/1e6'
Error: -228685 out of range for sqrt
Error: &sr: no such variable.
    in line b.x1.x62.x0.brbody_1
Error: RHS "" invalid

Error: &sr_val: no such variable.
Error: -228685 out of range for sqrt
Note: No ".plot", ".print", or ".fourier" lines; no simulations run
    in line b.x1.x62.x0.brbody_1

Error: -228685 out of range for sqrt
    in line b.x1.x62.x0.brbody_1

Error: -228685 out of range for sqrt
    in line b.x1.x62.x0.brbody_1

Error: -228685 out of range for sqrt
    in line b.x1.x62.x0.brbody_1

Error: -228685 out of range for sqrt
    in line b.x1.x62.x0.brbody_1

doAnalyses: TRAN:  Timestep too small; time = 1e-07, timestep = 1.25e-20: cause unrecorded.


tran simulation(s) aborted

Error: measure  sr  max(TRIG) : no such vector as 'deriv(v(vout))/1e6'
Error: &sr: no such variable.
Error: RHS "" invalid
Error: &sr_val: no such variable.
Note: No ".plot", ".print", or ".fourier" lines; no simulations run
Subprocess exited with error code 1
Error output generated by subprocess:
Error: -212872 out of range for sqrt
Subprocess exited with error code 1
    in line b.x1.x62.x0.brbody_1
Error output generated by subprocess:

Error: -227820 out of range for sqrt
Error: -212872 out of range for sqrt
    in line b.x1.x62.x0.brbody_1
    in line b.x1.x62.x0.brbody_1


Error: -227820 out of range for sqrt
Error: -212872 out of range for sqrt
    in line b.x1.x62.x0.brbody_1
    in line b.x1.x62.x0.brbody_1


Error: -227820 out of range for sqrt
Error: -212872 out of range for sqrt
    in line b.x1.x62.x0.brbody_1
    in line b.x1.x62.x0.brbody_1

Subprocess exited with error code -2
Subprocess exited with error code -2

Error: -227820 out of range for sqrt
Subprocess exited with error code -2
Subprocess exited with error code -2
Error: -212872 out of range for sqrt
    in line b.x1.x62.x0.brbody_1
    in line b.x1.x62.x0.brbody_1


Error: -227820 out of range for sqrt
Error: -212872 out of range for sqrt
    in line b.x1.x62.x0.brbody_1
    in line b.x1.x62.x0.brbody_1


Error: -227820 out of range for sqrt
Error: -212872 out of range for sqrt
    in line b.x1.x62.x0.brbody_1
    in line b.x1.x62.x0.brbody_1
Subprocess exited with error code -2
Subprocess exited with error code -2

Subprocess exited with error code -2

Subprocess exited with error code -2
Subprocess exited with error code -2
Subprocess exited with error code -2
Subprocess exited with error code -2
Subprocess exited with error code -2
Subprocess exited with error code -2
Subprocess exited with error code -2
Error: -227820 out of range for sqrt
Error: -212872 out of range for sqrt
    in line b.x1.x62.x0.brbody_1
    in line b.x1.x62.x0.brbody_1


Error: -227820 out of range for sqrt
Error: -212872 out of range for sqrt
    in line b.x1.x62.x0.brbody_1
    in line b.x1.x62.x0.brbody_1


Error: -227820 out of range for sqrt
Error: -212872 out of range for sqrt
    in line b.x1.x62.x0.brbody_1
    in line b.x1.x62.x0.brbody_1


Error: -227820 out of range for sqrt
doAnalyses: TRAN:  Timestep too small; time = 1e-07, timestep = 1.25e-20: cause unrecorded.
    in line b.x1.x62.x0.brbody_1



doAnalyses: TRAN:  Timestep too small; time = 1e-07, timestep = 1.25e-20: cause unrecorded.
tran simulation(s) aborted



Error: measure  sr  max(TRIG) : no such vector as 'deriv(v(vout))/1e6'
tran simulation(s) aborted
Error: &sr: no such variable.

Error: RHS "" invalid
Error: measure  sr  max(TRIG) : no such vector as 'deriv(v(vout))/1e6'
Error: &sr_val: no such variable.
Error: &sr: no such variable.
Note: No ".plot", ".print", or ".fourier" lines; no simulations run
Error: RHS "" invalid
Error: &sr_val: no such variable.
Note: No ".plot", ".print", or ".fourier" lines; no simulations run
