Running parameters: dc_params, magic_area, magic_drc, netgen_lvs, klayout_drc_feol, klayout_drc_beol, klayout_drc_full, magic_antenna_check
Generating simulation netlist from schematic…
Skipping extraction of rcx netlist. Up to date.
Extracting layout netlist from layout…
Directory for extraction files was not created.
Not regenerating GDSII from magic layout. Up to date.
Running netgen to get LVS report.
Running magic to get layout DRC report.
Running magic to get area measurements.
Layout-extracted netlist does not exist. Cannot run LVS
Parameter dc_params: Generating simulation files…
Running KLayout to get layout DRC report.
Running KLayout to get layout DRC report.
Magic DRC report at '[repr.filename][link=file:///foss/designs/sky130_op_amp/runs/RUN_2025-10-21_16-34-09/parameters/magic_drc/magic_drc.out]runs/RUN_2025-10-21_16-34-09/parameters/magic_drc/magic_drc.out[/link][/repr.filename]'…
Running KLayout to get layout DRC report.
Parameter dc_params: Running simulations…
KLayout DRC report at '[repr.filename][link=file:///foss/designs/sky130_op_amp/runs/RUN_2025-10-21_16-34-09/parameters/klayout_drc_feol/report.xml]runs/RUN_2025-10-21_16-34-09/parameters/klayout_drc_feol/report.xml[/link][/repr.filename]'…
KLayout DRC report at '[repr.filename][link=file:///foss/designs/sky130_op_amp/runs/RUN_2025-10-21_16-34-09/parameters/klayout_drc_beol/report.xml]runs/RUN_2025-10-21_16-34-09/parameters/klayout_drc_beol/report.xml[/link][/repr.filename]'…
Running magic to check for antenna violations.
KLayout DRC report at '[repr.filename][link=file:///foss/designs/sky130_op_amp/runs/RUN_2025-10-21_16-34-09/parameters/klayout_drc_full/report.xml]runs/RUN_2025-10-21_16-34-09/parameters/klayout_drc_full/report.xml[/link][/repr.filename]'…
Subprocess exited with error code 1
Error output generated by subprocess:
Netlist line no. 3:
Undefined parameter [cl]
Netlist line no. 3:
Cannot compute substitute
Netlist line no. 5:
Undefined parameter [vcm]
Netlist line no. 5:
Cannot compute substitute
Netlist line no. 6:
Undefined parameter [ib]
Netlist line no. 6:
Cannot compute substitute
Netlist line no. 10:
Undefined parameter [vdd]
Netlist line no. 10:
Cannot compute substitute

ERROR: fatal error in ngspice, exit(1)
Subprocess exited with error code 1
Error output generated by subprocess:
Netlist line no. 3:
Undefined parameter [cl]
Subprocess exited with error code 1
Netlist line no. 3:
Error output generated by subprocess:
Cannot compute substitute
Netlist line no. 3:
Netlist line no. 5:
Undefined parameter [cl]
Undefined parameter [vcm]
Netlist line no. 3:
Netlist line no. 5:
Cannot compute substitute
Cannot compute substitute
Netlist line no. 5:
Netlist line no. 6:
Undefined parameter [vcm]
Undefined parameter [ib]
Netlist line no. 5:
Netlist line no. 6:
Cannot compute substitute
Cannot compute substitute
Netlist line no. 6:
Netlist line no. 10:
Undefined parameter [ib]
Subprocess exited with error code 1
Undefined parameter [vdd]
Netlist line no. 6:
Error output generated by subprocess:
Netlist line no. 10:
Cannot compute substitute
Netlist line no. 3:
Cannot compute substitute
Netlist line no. 10:
Subprocess exited with error code 1
Undefined parameter [cl]

Undefined parameter [vdd]
Error output generated by subprocess:
Subprocess exited with error code 1
Netlist line no. 3:
Subprocess exited with error code 1
ERROR: fatal error in ngspice, exit(1)
Subprocess exited with error code 1
Netlist line no. 10:
Netlist line no. 3:
Error output generated by subprocess:
Cannot compute substitute
Error output generated by subprocess:
Undefined parameter [cl]
Cannot compute substitute
Error output generated by subprocess:
Netlist line no. 3:
Netlist line no. 5:
Netlist line no. 3:
Netlist line no. 3:

Netlist line no. 3:
Undefined parameter [cl]
Undefined parameter [vcm]
Undefined parameter [cl]
Cannot compute substitute
ERROR: fatal error in ngspice, exit(1)
Undefined parameter [cl]
Netlist line no. 3:
Netlist line no. 5:
Netlist line no. 3:
Netlist line no. 5:
Netlist line no. 3:
Cannot compute substitute
Cannot compute substitute
Cannot compute substitute
Undefined parameter [vcm]
Cannot compute substitute
Netlist line no. 5:
Netlist line no. 6:
Netlist line no. 5:
Netlist line no. 5:
Netlist line no. 5:
Undefined parameter [vcm]
Subprocess exited with error code 1
Undefined parameter [ib]
Undefined parameter [vcm]
Subprocess exited with error code 1
Cannot compute substitute
Undefined parameter [vcm]
Netlist line no. 5:
Subprocess exited with error code 1
Error output generated by subprocess:
Netlist line no. 6:
Subprocess exited with error code 1
Netlist line no. 5:
Subprocess exited with error code 1
Error output generated by subprocess:
Netlist line no. 6:
Error output generated by subprocess:
Cannot compute substitute
Subprocess exited with error code 1
Error output generated by subprocess:
Netlist line no. 3:
Cannot compute substitute
Netlist line no. 5:
Netlist line no. 3:
Error output generated by subprocess:
Netlist line no. 3:
Undefined parameter [ib]
Cannot compute substitute
Netlist line no. 10:
Error output generated by subprocess:
Netlist line no. 3:
Undefined parameter [cl]
Netlist line no. 6:
Cannot compute substitute
Undefined parameter [cl]
Netlist line no. 3:
Undefined parameter [cl]
Netlist line no. 6:
Netlist line no. 3:
Undefined parameter [vdd]
Netlist line no. 3:
Undefined parameter [cl]
Netlist line no. 6:
Undefined parameter [ib]
Netlist line no. 6:
Netlist line no. 3:
Undefined parameter [cl]
Netlist line no. 3:
Cannot compute substitute
Cannot compute substitute
Netlist line no. 3:
Undefined parameter [cl]
Netlist line no. 10:
Undefined parameter [ib]
Cannot compute substitute
Undefined parameter [ib]
Netlist line no. 6:
Netlist line no. 3:
Cannot compute substitute
Netlist line no. 10:
Netlist line no. 5:
Cannot compute substitute
Netlist line no. 3:
Cannot compute substitute
Netlist line no. 6:
Netlist line no. 5:
Netlist line no. 6:
Cannot compute substitute
Cannot compute substitute
Netlist line no. 5:
Undefined parameter [vdd]
Undefined parameter [vcm]
Netlist line no. 5:
Cannot compute substitute

Cannot compute substitute
Undefined parameter [vcm]
Cannot compute substitute
Netlist line no. 10:
Netlist line no. 5:
Undefined parameter [vcm]
Netlist line no. 10:
Netlist line no. 5:
Undefined parameter [vcm]
Netlist line no. 5:
ERROR: fatal error in ngspice, exit(1)
Netlist line no. 10:
Netlist line no. 5:
Netlist line no. 10:
Undefined parameter [vdd]
Undefined parameter [vcm]
Netlist line no. 5:
Cannot compute substitute
Cannot compute substitute
Netlist line no. 5:
Undefined parameter [vcm]
Undefined parameter [vdd]
Cannot compute substitute
Undefined parameter [vdd]
Netlist line no. 10:
Netlist line no. 5:
Cannot compute substitute

Netlist line no. 6:
Cannot compute substitute
Netlist line no. 5:
Netlist line no. 10:
Netlist line no. 6:
Netlist line no. 10:
Cannot compute substitute
Cannot compute substitute
Netlist line no. 6:
ERROR: fatal error in ngspice, exit(1)
Undefined parameter [ib]
Netlist line no. 6:
Cannot compute substitute
Cannot compute substitute
Undefined parameter [ib]
Cannot compute substitute

Netlist line no. 6:
Undefined parameter [ib]
Netlist line no. 6:
Undefined parameter [ib]


Netlist line no. 6:
Netlist line no. 6:
ERROR: fatal error in ngspice, exit(1)
Undefined parameter [ib]
Netlist line no. 6:
Cannot compute substitute
Netlist line no. 6:
ERROR: fatal error in ngspice, exit(1)
ERROR: fatal error in ngspice, exit(1)
Cannot compute substitute
Undefined parameter [ib]
Netlist line no. 6:
Cannot compute substitute
Netlist line no. 10:
Cannot compute substitute
Netlist line no. 10:
Netlist line no. 6:
Cannot compute substitute
Netlist line no. 10:
Undefined parameter [vdd]
Netlist line no. 10:
Undefined parameter [vdd]
Cannot compute substitute
Netlist line no. 10:
Undefined parameter [vdd]
Netlist line no. 10:
Undefined parameter [vdd]
Netlist line no. 10:
Netlist line no. 10:
Undefined parameter [vdd]
Netlist line no. 10:
Cannot compute substitute
Netlist line no. 10:
Cannot compute substitute
Undefined parameter [vdd]
Netlist line no. 10:
Cannot compute substitute

Cannot compute substitute

Netlist line no. 10:
Cannot compute substitute

ERROR: fatal error in ngspice, exit(1)

ERROR: fatal error in ngspice, exit(1)
Cannot compute substitute

ERROR: fatal error in ngspice, exit(1)
ERROR: fatal error in ngspice, exit(1)

ERROR: fatal error in ngspice, exit(1)
ERROR: fatal error in ngspice, exit(1)
Subprocess exited with error code 1
Error output generated by subprocess:
Netlist line no. 3:
Undefined parameter [cl]
Netlist line no. 3:
Cannot compute substitute
Netlist line no. 5:
Undefined parameter [vcm]
Netlist line no. 5:
Cannot compute substitute
Netlist line no. 6:
Undefined parameter [ib]
Netlist line no. 6:
Cannot compute substitute
Netlist line no. 10:
Undefined parameter [vdd]
Netlist line no. 10:
Cannot compute substitute

ERROR: fatal error in ngspice, exit(1)
Done with CACE simulations and evaluations in 0:00:11.
