
Note: Compatibility modes selected: hs a


Circuit: ** sch_path: /foss/designs/sky130_op_amp/runs/run_2025-10-21_18-31-59/parameters/dc_params/run_10/sky130_op_amp_tb.sch

option SCALE: Scale is set to 1e-06 for instance and model parameters
option SCALE: Scale is set to 1e-06 for instance and model parameters
option SCALE: Scale is set to 1e-06 for instance and model parameters
option SCALE: Scale is set to 1e-06 for instance and model parameters
Doing analysis at TEMP = -40.000000 and TNOM = 27.000000

Using SPARSE 1.3 as Direct Linear Solver
 Reference value :  1.00000e+03
 Reference value :  1.58489e+03
 Reference value :  2.51189e+03
 Reference value :  3.98107e+03
 Reference value :  6.30957e+03
 Reference value :  1.00000e+04
 Reference value :  1.58489e+04
 Reference value :  2.51189e+04
 Reference value :  3.98107e+04
 Reference value :  5.62341e+04
 Reference value :  8.91251e+04
 Reference value :  1.41254e+05
 Reference value :  2.23872e+05
 Reference value :  3.54813e+05
 Reference value :  5.62341e+05
 Reference value :  7.94328e+05
 Reference value :  1.25893e+06
 Reference value :  1.99526e+06
 Reference value :  3.16228e+06
 Reference value :  5.01187e+06
 Reference value :  7.94328e+06
 Reference value :  1.25893e+07
 Reference value :  2.23872e+07
 Reference value :  4.46684e+07
 Reference value :  8.91251e+07
No. of Data Rows : 101
a0                  =  4.312818e+03
ugf                 =  1.518558e+07
pm                  =  7.623412e+01
Note: Simulation executed from .control section 
