Running parameters: dc_params, magic_area, magic_drc, netgen_lvs, klayout_drc_feol, klayout_drc_beol, klayout_drc_full, magic_antenna_check
Generating simulation netlist from schematic…
Extracting rcx netlist from layout…
Extracting layout netlist from layout…
Directory for extraction files was not created.
Regenerating GDSII from magic layout…
WARNING: RLIMIT_NOFILE is above 1024 and Tcl_Version<9 this may cause runtime issues [rlim_cur=1048576]
Failure to read entire subtree of the cell.
I/O error in writing compressed file ./gds/sky130_op_amp.gds.gz.
Running magic to get area measurements.
Running netgen to get LVS report.
Running magic to get layout DRC report.
Layout-extracted netlist does not exist. Cannot run LVS
No conditions found in template ac.sch
Parameter dc_params: Generating simulation files…
No conditions found in template ac.sch
Running KLayout to get layout DRC report.
Parameter dc_params: Running simulations…
Subprocess exited with error code 1
Error output generated by subprocess:
Error: Could not find include file {DUT_path}
    While reading ac.spice

ERROR: fatal error in ngspice, exit(1)
Running KLayout to get layout DRC report.
Running KLayout to get layout DRC report.
Magic DRC report at '[repr.filename][link=file:///foss/designs/sky130_op_amp/runs/RUN_2025-10-21_16-29-21/parameters/magic_drc/magic_drc.out]runs/RUN_2025-10-21_16-29-21/parameters/magic_drc/magic_drc.out[/link][/repr.filename]'…
Running magic to check for antenna violations.
KLayout DRC report at '[repr.filename][link=file:///foss/designs/sky130_op_amp/runs/RUN_2025-10-21_16-29-21/parameters/klayout_drc_feol/report.xml]runs/RUN_2025-10-21_16-29-21/parameters/klayout_drc_feol/report.xml[/link][/repr.filename]'…
KLayout DRC report at '[repr.filename][link=file:///foss/designs/sky130_op_amp/runs/RUN_2025-10-21_16-29-21/parameters/klayout_drc_beol/report.xml]runs/RUN_2025-10-21_16-29-21/parameters/klayout_drc_beol/report.xml[/link][/repr.filename]'…
KLayout DRC report at '[repr.filename][link=file:///foss/designs/sky130_op_amp/runs/RUN_2025-10-21_16-29-21/parameters/klayout_drc_full/report.xml]runs/RUN_2025-10-21_16-29-21/parameters/klayout_drc_full/report.xml[/link][/repr.filename]'…
Done with CACE simulations and evaluations in 0:00:07.
