
Note: Compatibility modes selected: hs a


Circuit: ** sch_path: /foss/designs/sky130_op_amp/runs/run_2025-10-21_18-31-59/parameters/dc_params/run_08/sky130_op_amp_tb.sch

option SCALE: Scale is set to 1e-06 for instance and model parameters
option SCALE: Scale is set to 1e-06 for instance and model parameters
option SCALE: Scale is set to 1e-06 for instance and model parameters
option SCALE: Scale is set to 1e-06 for instance and model parameters
Doing analysis at TEMP = -40.000000 and TNOM = 27.000000

Using SPARSE 1.3 as Direct Linear Solver
 Reference value :  1.00000e+03
 Reference value :  1.58489e+03
 Reference value :  2.51189e+03
 Reference value :  3.98107e+03
 Reference value :  6.30957e+03
 Reference value :  1.00000e+04
 Reference value :  1.77828e+04
 Reference value :  3.16228e+04
 Reference value :  5.62341e+04
 Reference value :  1.00000e+05
 Reference value :  1.77828e+05
 Reference value :  2.81838e+05
 Reference value :  4.46684e+05
 Reference value :  7.07946e+05
 Reference value :  1.12202e+06
 Reference value :  1.77828e+06
 Reference value :  3.16228e+06
 Reference value :  5.01187e+06
 Reference value :  7.94328e+06
 Reference value :  1.25893e+07
 Reference value :  1.99526e+07
 Reference value :  3.16228e+07
 Reference value :  5.62341e+07
 Reference value :  1.00000e+08
No. of Data Rows : 101
a0                  =  4.434731e+03
ugf                 =  1.476217e+07
pm                  =  7.651389e+01
Note: Simulation executed from .control section 
