
Note: Compatibility modes selected: hs a


Circuit: ** sch_path: /foss/designs/sky130_op_amp/runs/run_2025-10-22_16-23-39/parameters/dc_params/run_14/sky130_op_amp_tb.sch

option SCALE: Scale is set to 1e-06 for instance and model parameters
option SCALE: Scale is set to 1e-06 for instance and model parameters
option SCALE: Scale is set to 1e-06 for instance and model parameters
option SCALE: Scale is set to 1e-06 for instance and model parameters
Doing analysis at TEMP = 20.000000 and TNOM = 27.000000

Using SPARSE 1.3 as Direct Linear Solver
 Reference value :  1.00000e+03
 Reference value :  1.41254e+03
 Reference value :  2.23872e+03
 Reference value :  3.54813e+03
 Reference value :  5.62341e+03
 Reference value :  8.91251e+03
 Reference value :  1.25893e+04
 Reference value :  1.77828e+04
 Reference value :  2.81838e+04
 Reference value :  4.46684e+04
 Reference value :  7.07946e+04
 Reference value :  1.12202e+05
 Reference value :  1.58489e+05
 Reference value :  2.51189e+05
 Reference value :  3.98107e+05
 Reference value :  5.62341e+05
 Reference value :  7.94328e+05
 Reference value :  1.25893e+06
 Reference value :  1.99526e+06
 Reference value :  3.16228e+06
 Reference value :  5.01187e+06
 Reference value :  7.94328e+06
 Reference value :  1.25893e+07
 Reference value :  1.99526e+07
 Reference value :  3.16228e+07
 Reference value :  5.62341e+07
No. of Data Rows : 101
a0                  =  7.174596e+01
ugf                 =  1.091919e+07
pm                  =  8.148011e+01
Note: Simulation executed from .control section 
