Running parameters: dc_params, magic_area, magic_drc, netgen_lvs, klayout_drc_feol, klayout_drc_beol, klayout_drc_full, magic_antenna_check
Generating simulation netlist from schematic…
Skipping extraction of rcx netlist. Up to date.
Extracting layout netlist from layout…
Directory for extraction files was not created.
Not regenerating GDSII from magic layout. Up to date.
Running netgen to get LVS report.
Running magic to get area measurements.
Running magic to get layout DRC report.
Layout-extracted netlist does not exist. Cannot run LVS
Parameter dc_params: Generating simulation files…
Running KLayout to get layout DRC report.
Running KLayout to get layout DRC report.
Magic DRC report at '[repr.filename][link=file:///foss/designs/sky130_op_amp/runs/RUN_2025-10-21_16-39-45/parameters/magic_drc/magic_drc.out]runs/RUN_2025-10-21_16-39-45/parameters/magic_drc/magic_drc.out[/link][/repr.filename]'…
Running KLayout to get layout DRC report.
Parameter magic_antenna_check: Canceled.
Parameter dc_params: Canceled.
Parameter klayout_drc_feol: Canceled.
Cannot remove non existing parameter.
Subprocess exited with error code -2
Parameter klayout_drc_beol: Canceled.
Subprocess exited with error code -2
Error output generated by subprocess:
Parameter klayout_drc_full: Canceled.
Error output generated by subprocess:
/foss/pdks/sky130A/libs.tech/klayout/drc/sky130A_mr.drc:53: warning: already initialized constant DRC::DRCEngine::FEOL
Subprocess exited with error code -9
/foss/pdks/sky130A/libs.tech/klayout/drc/sky130A_mr.drc:55: warning: already initialized constant DRC::DRCEngine::FEOL
/foss/pdks/sky130A/libs.tech/klayout/drc/sky130A_mr.drc:44: warning: previous definition of FEOL was here
Error output generated by subprocess:
/foss/pdks/sky130A/libs.tech/klayout/drc/sky130A_mr.drc:44: warning: previous definition of FEOL was here
/foss/pdks/sky130A/libs.tech/klayout/drc/sky130A_mr.drc:59: warning: already initialized constant DRC::DRCEngine::BEOL
/foss/pdks/sky130A/libs.tech/klayout/drc/sky130A_mr.drc:53: warning: already initialized constant DRC::DRCEngine::FEOL
/foss/pdks/sky130A/libs.tech/klayout/drc/sky130A_mr.drc:59: warning: already initialized constant DRC::DRCEngine::BEOL
/foss/pdks/sky130A/libs.tech/klayout/drc/sky130A_mr.drc:45: warning: previous definition of BEOL was here
/foss/pdks/sky130A/libs.tech/klayout/drc/sky130A_mr.drc:44: warning: previous definition of FEOL was here
/foss/pdks/sky130A/libs.tech/klayout/drc/sky130A_mr.drc:45: warning: previous definition of BEOL was here
/foss/pdks/sky130A/libs.tech/klayout/drc/sky130A_mr.drc:65: warning: already initialized constant DRC::DRCEngine::OFFGRID
/foss/pdks/sky130A/libs.tech/klayout/drc/sky130A_mr.drc:61: warning: already initialized constant DRC::DRCEngine::BEOL
/foss/pdks/sky130A/libs.tech/klayout/drc/sky130A_mr.drc:67: warning: already initialized constant DRC::DRCEngine::OFFGRID
/foss/pdks/sky130A/libs.tech/klayout/drc/sky130A_mr.drc:46: warning: previous definition of OFFGRID was here
/foss/pdks/sky130A/libs.tech/klayout/drc/sky130A_mr.drc:45: warning: previous definition of BEOL was here
/foss/pdks/sky130A/libs.tech/klayout/drc/sky130A_mr.drc:46: warning: previous definition of OFFGRID was here
/foss/pdks/sky130A/libs.tech/klayout/drc/sky130A_mr.drc:73: warning: already initialized constant DRC::DRCEngine::SEAL
/foss/pdks/sky130A/libs.tech/klayout/drc/sky130A_mr.drc:67: warning: already initialized constant DRC::DRCEngine::OFFGRID
/foss/pdks/sky130A/libs.tech/klayout/drc/sky130A_mr.drc:73: warning: already initialized constant DRC::DRCEngine::SEAL
/foss/pdks/sky130A/libs.tech/klayout/drc/sky130A_mr.drc:47: warning: previous definition of SEAL was here
/foss/pdks/sky130A/libs.tech/klayout/drc/sky130A_mr.drc:46: warning: previous definition of OFFGRID was here
/foss/pdks/sky130A/libs.tech/klayout/drc/sky130A_mr.drc:47: warning: previous definition of SEAL was here
/foss/pdks/sky130A/libs.tech/klayout/drc/sky130A_mr.drc:79: warning: already initialized constant DRC::DRCEngine::FLOATING_MET
/foss/pdks/sky130A/libs.tech/klayout/drc/sky130A_mr.drc:73: warning: already initialized constant DRC::DRCEngine::SEAL
/foss/pdks/sky130A/libs.tech/klayout/drc/sky130A_mr.drc:79: warning: already initialized constant DRC::DRCEngine::FLOATING_MET
/foss/pdks/sky130A/libs.tech/klayout/drc/sky130A_mr.drc:48: warning: previous definition of FLOATING_MET was here
/foss/pdks/sky130A/libs.tech/klayout/drc/sky130A_mr.drc:47: warning: previous definition of SEAL was here
/foss/pdks/sky130A/libs.tech/klayout/drc/sky130A_mr.drc:48: warning: previous definition of FLOATING_MET was here
/foss/pdks/sky130A/libs.tech/klayout/drc/sky130A_mr.drc:85: warning: already initialized constant DRC::DRCEngine::SRAM_EXCLUDE
/foss/pdks/sky130A/libs.tech/klayout/drc/sky130A_mr.drc:79: warning: already initialized constant DRC::DRCEngine::FLOATING_MET
/foss/pdks/sky130A/libs.tech/klayout/drc/sky130A_mr.drc:85: warning: already initialized constant DRC::DRCEngine::SRAM_EXCLUDE
/foss/pdks/sky130A/libs.tech/klayout/drc/sky130A_mr.drc:49: warning: previous definition of SRAM_EXCLUDE was here
/foss/pdks/sky130A/libs.tech/klayout/drc/sky130A_mr.drc:48: warning: previous definition of FLOATING_MET was here
/foss/pdks/sky130A/libs.tech/klayout/drc/sky130A_mr.drc:49: warning: previous definition of SRAM_EXCLUDE was here
/foss/pdks/sky130A/libs.tech/klayout/drc/sky130A_mr.drc:85: warning: already initialized constant DRC::DRCEngine::SRAM_EXCLUDE
/foss/pdks/sky130A/libs.tech/klayout/drc/sky130A_mr.drc:49: warning: previous definition of SRAM_EXCLUDE was here
No output file generated by KLayout!
Expected file: /foss/designs/sky130_op_amp/runs/RUN_2025-10-21_16-39-45/parameters/klayout_drc_full/report.xml
No output file generated by KLayout!
KLayout DRC report at '[repr.filename][link=file:///foss/designs/sky130_op_amp/runs/RUN_2025-10-21_16-39-45/parameters/klayout_drc_feol/report.xml]runs/RUN_2025-10-21_16-39-45/parameters/klayout_drc_feol/report.xml[/link][/repr.filename]'…
Expected file: /foss/designs/sky130_op_amp/runs/RUN_2025-10-21_16-39-45/parameters/klayout_drc_beol/report.xml
Parameter dc_params: Running simulations…
Done with CACE simulations and evaluations in 0:00:03.
