Netgen 1.5.295 compiled on Sat May 24 11:14:25 AM CEST 2025
Warning: netgen command 'format' use fully-qualified name '::netgen::format'
Warning: netgen command 'global' use fully-qualified name '::netgen::global'
Generating JSON file result
Reading netlist file /foss/designs/sky130_op_amp/netlist/layout/sky130_op_amp.spice
Call to undefined subcircuit sky130_fd_pr__res_xhigh_po_1p41
Creating placeholder cell definition.
Call to undefined subcircuit sky130_fd_pr__nfet_01v8
Creating placeholder cell definition.
Call to undefined subcircuit sky130_fd_pr__pfet_01v8
Creating placeholder cell definition.
Call to undefined subcircuit sky130_fd_pr__cap_mim_m3_1
Creating placeholder cell definition.
Reading netlist file /foss/designs/sky130_op_amp/netlist/schematic/sky130_op_amp.spice
Call to undefined subcircuit sky130_fd_pr__nfet_01v8
Creating placeholder cell definition.
Call to undefined subcircuit sky130_fd_pr__pfet_01v8
Creating placeholder cell definition.
Call to undefined subcircuit sky130_fd_pr__cap_mim_m3_1
Creating placeholder cell definition.
Call to undefined subcircuit sky130_fd_pr__res_xhigh_po_1p41
Creating placeholder cell definition.

Reading setup file /foss/pdks/sky130A/libs.tech/netgen/sky130A_setup.tcl

Model sky130_fd_pr__res_xhigh_po_1p41 pin 1 == 2
No property w found for device sky130_fd_pr__res_xhigh_po_1p41
No property w found for device sky130_fd_pr__res_xhigh_po_1p41
No property value found for device sky130_fd_pr__res_xhigh_po_1p41
No property w found for device sky130_fd_pr__res_xhigh_po_1p41
No property mult found for device sky130_fd_pr__res_xhigh_po_1p41
Model sky130_fd_pr__res_xhigh_po_1p41 pin 1 == 2
No property w found for device sky130_fd_pr__res_xhigh_po_1p41
No property w found for device sky130_fd_pr__res_xhigh_po_1p41
No property value found for device sky130_fd_pr__res_xhigh_po_1p41
No property w found for device sky130_fd_pr__res_xhigh_po_1p41
Model sky130_fd_pr__nfet_01v8 pin 1 == 3
No property mult found for device sky130_fd_pr__nfet_01v8
No property sa found for device sky130_fd_pr__nfet_01v8
No property sb found for device sky130_fd_pr__nfet_01v8
No property sd found for device sky130_fd_pr__nfet_01v8
No property nf found for device sky130_fd_pr__nfet_01v8
No property nrd found for device sky130_fd_pr__nfet_01v8
No property nrs found for device sky130_fd_pr__nfet_01v8
No property area found for device sky130_fd_pr__nfet_01v8
No property perim found for device sky130_fd_pr__nfet_01v8
No property topography found for device sky130_fd_pr__nfet_01v8
Model sky130_fd_pr__nfet_01v8 pin 1 == 3
No property area found for device sky130_fd_pr__nfet_01v8
No property perim found for device sky130_fd_pr__nfet_01v8
No property topography found for device sky130_fd_pr__nfet_01v8
Model sky130_fd_pr__pfet_01v8 pin 1 == 3
No property mult found for device sky130_fd_pr__pfet_01v8
No property sa found for device sky130_fd_pr__pfet_01v8
No property sb found for device sky130_fd_pr__pfet_01v8
No property sd found for device sky130_fd_pr__pfet_01v8
No property nf found for device sky130_fd_pr__pfet_01v8
No property nrd found for device sky130_fd_pr__pfet_01v8
No property nrs found for device sky130_fd_pr__pfet_01v8
No property area found for device sky130_fd_pr__pfet_01v8
No property perim found for device sky130_fd_pr__pfet_01v8
No property topography found for device sky130_fd_pr__pfet_01v8
Model sky130_fd_pr__pfet_01v8 pin 1 == 3
No property area found for device sky130_fd_pr__pfet_01v8
No property perim found for device sky130_fd_pr__pfet_01v8
No property topography found for device sky130_fd_pr__pfet_01v8
No property area found for device sky130_fd_pr__cap_mim_m3_1
No property value found for device sky130_fd_pr__cap_mim_m3_1
No property mult found for device sky130_fd_pr__cap_mim_m3_1
No property perim found for device sky130_fd_pr__cap_mim_m3_1
No property mf found for device sky130_fd_pr__cap_mim_m3_1
No property area found for device sky130_fd_pr__cap_mim_m3_1
No property value found for device sky130_fd_pr__cap_mim_m3_1
No property mult found for device sky130_fd_pr__cap_mim_m3_1
No property perim found for device sky130_fd_pr__cap_mim_m3_1
Comparison output logged to file /foss/designs/sky130_op_amp/runs/RUN_2025-10-21_19-17-39/parameters/netgen_lvs/sky130_op_amp_comp.out
Logging to file "/foss/designs/sky130_op_amp/runs/RUN_2025-10-21_19-17-39/parameters/netgen_lvs/sky130_op_amp_comp.out" enabled
Circuit sky130_fd_pr__res_xhigh_po_1p41 contains no devices.
Circuit sky130_fd_pr__nfet_01v8 contains no devices.
Circuit sky130_fd_pr__pfet_01v8 contains no devices.
Circuit sky130_fd_pr__cap_mim_m3_1 contains no devices.

Contents of circuit 1:  Circuit: 'sky130_op_amp'
Circuit sky130_op_amp contains 378 device instances.
  Class: sky130_fd_pr__nfet_01v8 instances: 310
  Class: sky130_fd_pr__cap_mim_m3_1 instances:   1
  Class: sky130_fd_pr__pfet_01v8 instances:  66
  Class: sky130_fd_pr__res_xhigh_po_1p41 instances:   1
Circuit contains 14 nets.
Contents of circuit 2:  Circuit: 'sky130_op_amp'
Circuit sky130_op_amp contains 24 device instances.
  Class: sky130_fd_pr__nfet_01v8 instances:  17
  Class: sky130_fd_pr__cap_mim_m3_1 instances:   1
  Class: sky130_fd_pr__pfet_01v8 instances:   5
  Class: sky130_fd_pr__res_xhigh_po_1p41 instances:   1
Circuit contains 14 nets.

Circuit was modified by parallel/series device merging.
New circuit summary:

Contents of circuit 1:  Circuit: 'sky130_op_amp'
Circuit sky130_op_amp contains 21 device instances.
  Class: sky130_fd_pr__nfet_01v8 instances:  15
  Class: sky130_fd_pr__cap_mim_m3_1 instances:   1
  Class: sky130_fd_pr__pfet_01v8 instances:   4
  Class: sky130_fd_pr__res_xhigh_po_1p41 instances:   1
Circuit contains 14 nets.
Contents of circuit 2:  Circuit: 'sky130_op_amp'
Circuit sky130_op_amp contains 21 device instances.
  Class: sky130_fd_pr__nfet_01v8 instances:  15
  Class: sky130_fd_pr__cap_mim_m3_1 instances:   1
  Class: sky130_fd_pr__pfet_01v8 instances:   4
  Class: sky130_fd_pr__res_xhigh_po_1p41 instances:   1
Circuit contains 14 nets.

Circuit 1 contains 21 devices, Circuit 2 contains 21 devices.
Circuit 1 contains 14 nets,    Circuit 2 contains 14 nets.


Final result: 
Circuits match uniquely.
.
Logging to file "/foss/designs/sky130_op_amp/runs/RUN_2025-10-21_19-17-39/parameters/netgen_lvs/sky130_op_amp_comp.out" disabled
LVS Done.
