Subprocess exited with error code 1
Error output generated by subprocess:
Subprocess exited with error code 1
Netlist line no. 6:
Error output generated by subprocess:
Undefined parameter [vdd]
Subprocess exited with error code 1
Netlist line no. 6:
Netlist line no. 6:
Error output generated by subprocess:
Undefined parameter [vdd]
Cannot compute substitute
Netlist line no. 6:
Subprocess exited with error code 1
Netlist line no. 6:
Subprocess exited with error code 1
Subprocess exited with error code 1
Netlist line no. 8:
Subprocess exited with error code 1
Subprocess exited with error code 1
Undefined parameter [vdd]
Subprocess exited with error code 1
Error output generated by subprocess:
Cannot compute substitute
Error output generated by subprocess:
Error output generated by subprocess:
Undefined parameter [vdd]
Subprocess exited with error code 1
Error output generated by subprocess:
Error output generated by subprocess:
Subprocess exited with error code 1
Netlist line no. 6:
Error output generated by subprocess:
Netlist line no. 6:
Netlist line no. 8:
Netlist line no. 6:
Subprocess exited with error code 1
Netlist line no. 6:
Netlist line no. 8:
Error output generated by subprocess:
Netlist line no. 6:
Netlist line no. 6:
Error output generated by subprocess:
Subprocess exited with error code 1
Cannot compute substitute
Subprocess exited with error code 1
Netlist line no. 6:
Subprocess exited with error code 1
Undefined parameter [vdd]
Undefined parameter [vdd]
Undefined parameter [vdd]
Error output generated by subprocess:
Undefined parameter [vdd]
Cannot compute substitute
Netlist line no. 6:
Undefined parameter [vdd]
Undefined parameter [vdd]
Netlist line no. 6:
Error output generated by subprocess:
Netlist line no. 8:
Error output generated by subprocess:
Undefined parameter [vdd]
Error output generated by subprocess:
Netlist line no. 6:
Netlist line no. 8:
Netlist line no. 6:
Netlist line no. 6:
Netlist line no. 6:

Undefined parameter [vdd]
Netlist line no. 6:
Netlist line no. 6:
Undefined parameter [vdd]
Netlist line no. 6:
Undefined parameter [vdd]
Netlist line no. 6:
Netlist line no. 6:
Netlist line no. 6:
Cannot compute substitute
Cannot compute substitute
Cannot compute substitute
Undefined parameter [vdd]
Cannot compute substitute
ERROR: fatal error in ngspice, exit(1)
Netlist line no. 6:
Cannot compute substitute
Cannot compute substitute
Netlist line no. 6:
Undefined parameter [vdd]
Netlist line no. 8:
Undefined parameter [vdd]
Cannot compute substitute
Undefined parameter [vdd]
Netlist line no. 8:

Netlist line no. 8:
Netlist line no. 6:
Netlist line no. 8:
Netlist line no. 6:
Netlist line no. 8:
Netlist line no. 8:
Cannot compute substitute
Cannot compute substitute
Cannot compute substitute
Netlist line no. 6:
Netlist line no. 8:
Netlist line no. 6:
Undefined parameter [vdd]
ERROR: fatal error in ngspice, exit(1)
Undefined parameter [vdd]
Cannot compute substitute
Undefined parameter [vdd]

Undefined parameter [vdd]
Undefined parameter [vdd]
Undefined parameter [vdd]
Netlist line no. 8:
Netlist line no. 8:
Cannot compute substitute
Cannot compute substitute
Cannot compute substitute
Netlist line no. 8:
Netlist line no. 8:
Netlist line no. 8:
Netlist line no. 8:
ERROR: fatal error in ngspice, exit(1)
Netlist line no. 8:
Netlist line no. 8:
Netlist line no. 8:
Undefined parameter [vdd]
Undefined parameter [vdd]
Netlist line no. 8:
Netlist line no. 8:
Netlist line no. 8:
Cannot compute substitute
Cannot compute substitute
Undefined parameter [vdd]
Cannot compute substitute
Cannot compute substitute
Cannot compute substitute
Cannot compute substitute
Netlist line no. 8:
Netlist line no. 8:
Undefined parameter [vdd]
Undefined parameter [vdd]
Undefined parameter [vdd]
Cannot compute substitute

Netlist line no. 8:



ERROR: fatal error in ngspice, exit(1)
Cannot compute substitute
Cannot compute substitute
Netlist line no. 8:
Netlist line no. 8:
Netlist line no. 8:



ERROR: fatal error in ngspice, exit(1)
ERROR: fatal error in ngspice, exit(1)
ERROR: fatal error in ngspice, exit(1)


Cannot compute substitute
Cannot compute substitute
Cannot compute substitute
ERROR: fatal error in ngspice, exit(1)
ERROR: fatal error in ngspice, exit(1)
ERROR: fatal error in ngspice, exit(1)
ERROR: fatal error in ngspice, exit(1)
ERROR: fatal error in ngspice, exit(1)



ERROR: fatal error in ngspice, exit(1)
ERROR: fatal error in ngspice, exit(1)
ERROR: fatal error in ngspice, exit(1)
