Running parameters: dc_params, slew_rate, magic_area, magic_drc, netgen_lvs, klayout_drc_feol, klayout_drc_beol, klayout_drc_full, magic_antenna_check
Generating simulation netlist from schematic…
Skipping extraction of rcx netlist. Up to date.
Skipping extraction of layout netlist. Up to date.
Not regenerating GDSII from magic layout. Up to date.
Running magic to get layout DRC report.
Running magic to get area measurements.
Parameter slew_rate: Generating simulation files…
Parameter dc_params: Generating simulation files…
Condition vdd not defined
Running netgen to get LVS report.
Netgen LVS report at '[repr.filename][link=file:///foss/designs/sky130_op_amp/runs/RUN_2025-10-21_18-48-36/parameters/netgen_lvs/sky130_op_amp_comp.out]runs/RUN_2025-10-21_18-48-36/parameters/netgen_lvs/sky130_op_amp_comp.out[/link][/repr.filename]'…
Running KLayout to get layout DRC report.
Magic DRC report at '[repr.filename][link=file:///foss/designs/sky130_op_amp/runs/RUN_2025-10-21_18-48-36/parameters/magic_drc/magic_drc.out]runs/RUN_2025-10-21_18-48-36/parameters/magic_drc/magic_drc.out[/link][/repr.filename]'…
Condition vdd not defined
Running KLayout to get layout DRC report.
Condition vdd not defined
Condition vdd not defined
Condition vdd not defined
Condition vdd not defined
Condition vdd not defined
Condition vdd not defined
Condition vdd not defined
Condition vdd not defined
Condition vdd not defined
Condition vdd not defined
Condition vdd not defined
Condition vdd not defined
Condition vdd not defined
Parameter slew_rate: Running simulations…
KLayout DRC report at '[repr.filename][link=file:///foss/designs/sky130_op_amp/runs/RUN_2025-10-21_18-48-36/parameters/klayout_drc_feol/report.xml]runs/RUN_2025-10-21_18-48-36/parameters/klayout_drc_feol/report.xml[/link][/repr.filename]'…
Running KLayout to get layout DRC report.
KLayout DRC report at '[repr.filename][link=file:///foss/designs/sky130_op_amp/runs/RUN_2025-10-21_18-48-36/parameters/klayout_drc_beol/report.xml]runs/RUN_2025-10-21_18-48-36/parameters/klayout_drc_beol/report.xml[/link][/repr.filename]'…
Subprocess exited with error code 1
Error output generated by subprocess:
Subprocess exited with error code 1
Netlist line no. 6:
Error output generated by subprocess:
Undefined parameter [vdd]
Subprocess exited with error code 1
Netlist line no. 6:
Netlist line no. 6:
Error output generated by subprocess:
Undefined parameter [vdd]
Cannot compute substitute
Netlist line no. 6:
Subprocess exited with error code 1
Netlist line no. 6:
Subprocess exited with error code 1
Subprocess exited with error code 1
Netlist line no. 8:
Subprocess exited with error code 1
Subprocess exited with error code 1
Undefined parameter [vdd]
Subprocess exited with error code 1
Error output generated by subprocess:
Cannot compute substitute
Error output generated by subprocess:
Error output generated by subprocess:
Undefined parameter [vdd]
Subprocess exited with error code 1
Error output generated by subprocess:
Error output generated by subprocess:
Subprocess exited with error code 1
Netlist line no. 6:
Error output generated by subprocess:
Netlist line no. 6:
Netlist line no. 8:
Netlist line no. 6:
Subprocess exited with error code 1
Netlist line no. 6:
Netlist line no. 8:
Error output generated by subprocess:
Netlist line no. 6:
Netlist line no. 6:
Error output generated by subprocess:
Subprocess exited with error code 1
Cannot compute substitute
Subprocess exited with error code 1
Netlist line no. 6:
Subprocess exited with error code 1
Undefined parameter [vdd]
Undefined parameter [vdd]
Undefined parameter [vdd]
Error output generated by subprocess:
Undefined parameter [vdd]
Cannot compute substitute
Netlist line no. 6:
Undefined parameter [vdd]
Undefined parameter [vdd]
Netlist line no. 6:
Error output generated by subprocess:
Netlist line no. 8:
Error output generated by subprocess:
Undefined parameter [vdd]
Error output generated by subprocess:
Netlist line no. 6:
Netlist line no. 8:
Netlist line no. 6:
Netlist line no. 6:
Netlist line no. 6:

Undefined parameter [vdd]
Netlist line no. 6:
Netlist line no. 6:
Undefined parameter [vdd]
Netlist line no. 6:
Undefined parameter [vdd]
Netlist line no. 6:
Netlist line no. 6:
Netlist line no. 6:
Cannot compute substitute
Cannot compute substitute
Cannot compute substitute
Undefined parameter [vdd]
Cannot compute substitute
ERROR: fatal error in ngspice, exit(1)
Undefined parameter [vdd]
Cannot compute substitute
Cannot compute substitute
Netlist line no. 6:
Netlist line no. 6:
Netlist line no. 8:
Undefined parameter [vdd]
Cannot compute substitute
Undefined parameter [vdd]
Netlist line no. 8:

Netlist line no. 8:
Netlist line no. 6:
Netlist line no. 8:
Cannot compute substitute
Netlist line no. 8:
Netlist line no. 8:
Netlist line no. 8:
Cannot compute substitute
Cannot compute substitute
Netlist line no. 6:
Netlist line no. 6:
Running magic to check for antenna violations.
Netlist line no. 6:
Undefined parameter [vdd]
ERROR: fatal error in ngspice, exit(1)
Undefined parameter [vdd]
Cannot compute substitute
Undefined parameter [vdd]

Undefined parameter [vdd]
Undefined parameter [vdd]
Undefined parameter [vdd]
Netlist line no. 8:
Netlist line no. 8:
Cannot compute substitute
Cannot compute substitute
Cannot compute substitute
Netlist line no. 8:
Netlist line no. 8:
Netlist line no. 8:
Netlist line no. 8:
ERROR: fatal error in ngspice, exit(1)
Netlist line no. 8:
Netlist line no. 8:
Netlist line no. 8:
Undefined parameter [vdd]
Undefined parameter [vdd]
Netlist line no. 8:
Netlist line no. 8:
Netlist line no. 8:
Netlist line no. 8:
Cannot compute substitute
Undefined parameter [vdd]
Cannot compute substitute
Cannot compute substitute
Cannot compute substitute

Netlist line no. 8:
Netlist line no. 8:
Undefined parameter [vdd]
Undefined parameter [vdd]
Undefined parameter [vdd]
Cannot compute substitute
Cannot compute substitute
Cannot compute substitute



ERROR: fatal error in ngspice, exit(1)
Cannot compute substitute
Cannot compute substitute
Netlist line no. 8:
Netlist line no. 8:
Netlist line no. 8:



ERROR: fatal error in ngspice, exit(1)
ERROR: fatal error in ngspice, exit(1)
ERROR: fatal error in ngspice, exit(1)


Cannot compute substitute
Cannot compute substitute
Cannot compute substitute
ERROR: fatal error in ngspice, exit(1)
ERROR: fatal error in ngspice, exit(1)
ERROR: fatal error in ngspice, exit(1)
ERROR: fatal error in ngspice, exit(1)
ERROR: fatal error in ngspice, exit(1)



ERROR: fatal error in ngspice, exit(1)
ERROR: fatal error in ngspice, exit(1)
ERROR: fatal error in ngspice, exit(1)
KLayout DRC report at '[repr.filename][link=file:///foss/designs/sky130_op_amp/runs/RUN_2025-10-21_18-48-36/parameters/klayout_drc_full/report.xml]runs/RUN_2025-10-21_18-48-36/parameters/klayout_drc_full/report.xml[/link][/repr.filename]'…
Parameter dc_params: Running simulations…
Parameter dc_params: Collecting results…
Parameter dc_params: Saving simulation summary as '[repr.filename][link=file:///foss/designs/sky130_op_amp/runs/RUN_2025-10-21_18-48-36/parameters/dc_params/simulation_summary.md]runs/RUN_2025-10-21_18-48-36/parameters/dc_params/simulation_summary.md[/link][/repr.filename]'…
Parameter dc_params: Plotting gain_vs_temperature to '[repr.filename][link=file:///foss/designs/sky130_op_amp/runs/RUN_2025-10-21_18-48-36/parameters/dc_params]runs/RUN_2025-10-21_18-48-36/parameters/dc_params[/link][/repr.filename]'…
Parameter dc_params: Plotting phase_margin_vs_corner to '[repr.filename][link=file:///foss/designs/sky130_op_amp/runs/RUN_2025-10-21_18-48-36/parameters/dc_params]runs/RUN_2025-10-21_18-48-36/parameters/dc_params[/link][/repr.filename]'…
Done with CACE simulations and evaluations in 0:01:02.
