Running parameters: dc_params, magic_area, magic_drc, netgen_lvs, klayout_drc_feol, klayout_drc_beol, klayout_drc_full, magic_antenna_check
Generating simulation netlist from schematic…
Skipping extraction of rcx netlist. Up to date.
Extracting layout netlist from layout…
Directory for extraction files was not created.
Not regenerating GDSII from magic layout. Up to date.
Running magic to get area measurements.
Running netgen to get LVS report.
Could not find template file cace/templates/ac.sch.
Running magic to get layout DRC report.
Layout-extracted netlist does not exist. Cannot run LVS
Parameter dc_params: Generating simulation files…
Could not find template file cace/templates/ac.sch.
Running KLayout to get layout DRC report.
Running KLayout to get layout DRC report.
Running KLayout to get layout DRC report.
Magic DRC report at '[repr.filename][link=file:///foss/designs/sky130_op_amp/runs/RUN_2025-10-21_16-30-11/parameters/magic_drc/magic_drc.out]runs/RUN_2025-10-21_16-30-11/parameters/magic_drc/magic_drc.out[/link][/repr.filename]'…
Running magic to check for antenna violations.
KLayout DRC report at '[repr.filename][link=file:///foss/designs/sky130_op_amp/runs/RUN_2025-10-21_16-30-11/parameters/klayout_drc_feol/report.xml]runs/RUN_2025-10-21_16-30-11/parameters/klayout_drc_feol/report.xml[/link][/repr.filename]'…
KLayout DRC report at '[repr.filename][link=file:///foss/designs/sky130_op_amp/runs/RUN_2025-10-21_16-30-11/parameters/klayout_drc_beol/report.xml]runs/RUN_2025-10-21_16-30-11/parameters/klayout_drc_beol/report.xml[/link][/repr.filename]'…
KLayout DRC report at '[repr.filename][link=file:///foss/designs/sky130_op_amp/runs/RUN_2025-10-21_16-30-11/parameters/klayout_drc_full/report.xml]runs/RUN_2025-10-21_16-30-11/parameters/klayout_drc_full/report.xml[/link][/repr.filename]'…
Done with CACE simulations and evaluations in 0:00:05.
