Running parameters: dc_params, slew_rate, magic_area, magic_drc, netgen_lvs, klayout_drc_feol, klayout_drc_beol, klayout_drc_full, magic_antenna_check
Generating simulation netlist from schematic…
Skipping extraction of rcx netlist. Up to date.
Skipping extraction of layout netlist. Up to date.
Not regenerating GDSII from magic layout. Up to date.
Running magic to get layout DRC report.
Running magic to get area measurements.
Parameter dc_params: Generating simulation files…
Parameter slew_rate: Generating simulation files…
Running netgen to get LVS report.
Netgen LVS report at '[repr.filename][link=file:///foss/designs/sky130_op_amp/runs/RUN_2025-10-21_19-15-32/parameters/netgen_lvs/sky130_op_amp_comp.out]runs/RUN_2025-10-21_19-15-32/parameters/netgen_lvs/sky130_op_amp_comp.out[/link][/repr.filename]'…
Running KLayout to get layout DRC report.
Magic DRC report at '[repr.filename][link=file:///foss/designs/sky130_op_amp/runs/RUN_2025-10-21_19-15-32/parameters/magic_drc/magic_drc.out]runs/RUN_2025-10-21_19-15-32/parameters/magic_drc/magic_drc.out[/link][/repr.filename]'…
Running KLayout to get layout DRC report.
KLayout DRC report at '[repr.filename][link=file:///foss/designs/sky130_op_amp/runs/RUN_2025-10-21_19-15-32/parameters/klayout_drc_feol/report.xml]runs/RUN_2025-10-21_19-15-32/parameters/klayout_drc_feol/report.xml[/link][/repr.filename]'…
Running KLayout to get layout DRC report.
KLayout DRC report at '[repr.filename][link=file:///foss/designs/sky130_op_amp/runs/RUN_2025-10-21_19-15-32/parameters/klayout_drc_beol/report.xml]runs/RUN_2025-10-21_19-15-32/parameters/klayout_drc_beol/report.xml[/link][/repr.filename]'…
Running magic to check for antenna violations.
KLayout DRC report at '[repr.filename][link=file:///foss/designs/sky130_op_amp/runs/RUN_2025-10-21_19-15-32/parameters/klayout_drc_full/report.xml]runs/RUN_2025-10-21_19-15-32/parameters/klayout_drc_full/report.xml[/link][/repr.filename]'…
Parameter dc_params: Running simulations…
Parameter slew_rate: Running simulations…
Subprocess exited with error code 1
Subprocess exited with error code 1
Error output generated by subprocess:
Error output generated by subprocess:
Error: -212160 out of range for sqrt
Error: -213015 out of range for sqrt
    in line b.x1.x62.x0.brbody_1
    in line b.x1.x62.x0.brbody_1


Error: -212160 out of range for sqrt
Error: -213015 out of range for sqrt
    in line b.x1.x62.x0.brbody_1
    in line b.x1.x62.x0.brbody_1


Error: -212160 out of range for sqrt
Error: -213015 out of range for sqrt
    in line b.x1.x62.x0.brbody_1
    in line b.x1.x62.x0.brbody_1


Error: -212160 out of range for sqrt
Error: -213015 out of range for sqrt
    in line b.x1.x62.x0.brbody_1
    in line b.x1.x62.x0.brbody_1


Error: -212160 out of range for sqrt
Error: -213015 out of range for sqrt
    in line b.x1.x62.x0.brbody_1
    in line b.x1.x62.x0.brbody_1


Error: -212160 out of range for sqrt
Error: -213015 out of range for sqrt
    in line b.x1.x62.x0.brbody_1
    in line b.x1.x62.x0.brbody_1


Parameter dc_params: Collecting results…
Error: -212160 out of range for sqrt
Error: -213015 out of range for sqrt
    in line b.x1.x62.x0.brbody_1
    in line b.x1.x62.x0.brbody_1


Error: -212160 out of range for sqrt
Error: -213015 out of range for sqrt
    in line b.x1.x62.x0.brbody_1
    in line b.x1.x62.x0.brbody_1


Error: -212160 out of range for sqrt
Error: -213015 out of range for sqrt
    in line b.x1.x62.x0.brbody_1
    in line b.x1.x62.x0.brbody_1


Error: -212160 out of range for sqrt
Error: -213015 out of range for sqrt
    in line b.x1.x62.x0.brbody_1
    in line b.x1.x62.x0.brbody_1


doAnalyses: TRAN:  Timestep too small; time = 1e-07, timestep = 1.25e-20: cause unrecorded.
doAnalyses: TRAN:  Timestep too small; time = 1e-07, timestep = 1.25e-20: cause unrecorded.




tran simulation(s) aborted
tran simulation(s) aborted


Error: measure  sr  max(TRIG) : no such vector as 'deriv(v(vout))'
Error: measure  sr  max(TRIG) : no such vector as 'deriv(v(vout))'
Error: &sr: no such variable.
Error: &sr: no such variable.
PPerror: syntax error in line segment
PPerror: syntax error in line segment
    * 1e-6
    * 1e-6
near
near
      1e-6
      1e-6
Error: RHS " * 1e-6" invalid
Error: RHS " * 1e-6" invalid
Error: &sr_val: no such variable.
Error: &sr_val: no such variable.
Note: No ".plot", ".print", or ".fourier" lines; no simulations run
Note: No ".plot", ".print", or ".fourier" lines; no simulations run
Parameter dc_params: Saving simulation summary as '[repr.filename][link=file:///foss/designs/sky130_op_amp/runs/RUN_2025-10-21_19-15-32/parameters/dc_params/simulation_summary.md]runs/RUN_2025-10-21_19-15-32/parameters/dc_params/simulation_summary.md[/link][/repr.filename]'…
Parameter dc_params: Plotting gain_vs_temperature to '[repr.filename][link=file:///foss/designs/sky130_op_amp/runs/RUN_2025-10-21_19-15-32/parameters/dc_params]runs/RUN_2025-10-21_19-15-32/parameters/dc_params[/link][/repr.filename]'…
Subprocess exited with error code 1
Error output generated by subprocess:
Error: -223091 out of range for sqrt
    in line b.x1.x62.x0.brbody_1

Error: -223091 out of range for sqrt
    in line b.x1.x62.x0.brbody_1

Error: -223091 out of range for sqrt
    in line b.x1.x62.x0.brbody_1

Error: -223091 out of range for sqrt
    in line b.x1.x62.x0.brbody_1

Error: -223091 out of range for sqrt
    in line b.x1.x62.x0.brbody_1

Error: -223091 out of range for sqrt
    in line b.x1.x62.x0.brbody_1

Error: -223091 out of range for sqrt
    in line b.x1.x62.x0.brbody_1

Error: -223091 out of range for sqrt
    in line b.x1.x62.x0.brbody_1

Error: -223091 out of range for sqrt
    in line b.x1.x62.x0.brbody_1

Error: -223091 out of range for sqrt
    in line b.x1.x62.x0.brbody_1

doAnalyses: TRAN:  Timestep too small; time = 1e-07, timestep = 1.25e-20: cause unrecorded.


tran simulation(s) aborted

Error: measure  sr  max(TRIG) : no such vector as 'deriv(v(vout))'
Error: &sr: no such variable.
Parameter dc_params: Plotting phase_margin_vs_corner to '[repr.filename][link=file:///foss/designs/sky130_op_amp/runs/RUN_2025-10-21_19-15-32/parameters/dc_params]runs/RUN_2025-10-21_19-15-32/parameters/dc_params[/link][/repr.filename]'…
PPerror: syntax error in line segment
    * 1e-6
near
      1e-6
Error: RHS " * 1e-6" invalid
Error: &sr_val: no such variable.
Note: No ".plot", ".print", or ".fourier" lines; no simulations run
Subprocess exited with error code 1
Error output generated by subprocess:
Error: -217367 out of range for sqrt
    in line b.x1.x62.x0.brbody_1

Error: -217367 out of range for sqrt
    in line b.x1.x62.x0.brbody_1

Error: -217367 out of range for sqrt
    in line b.x1.x62.x0.brbody_1

Error: -217367 out of range for sqrt
    in line b.x1.x62.x0.brbody_1

Error: -217367 out of range for sqrt
    in line b.x1.x62.x0.brbody_1

Error: -217367 out of range for sqrt
    in line b.x1.x62.x0.brbody_1

Error: -217367 out of range for sqrt
    in line b.x1.x62.x0.brbody_1

Error: -217367 out of range for sqrt
    in line b.x1.x62.x0.brbody_1

Error: -217367 out of range for sqrt
    in line b.x1.x62.x0.brbody_1

Error: -217367 out of range for sqrt
    in line b.x1.x62.x0.brbody_1

doAnalyses: TRAN:  Timestep too small; time = 1e-07, timestep = 1.25e-20: cause unrecorded.


tran simulation(s) aborted

Error: measure  sr  max(TRIG) : no such vector as 'deriv(v(vout))'
Error: &sr: no such variable.
PPerror: syntax error in line segment
    * 1e-6
near
      1e-6
Error: RHS " * 1e-6" invalid
Error: &sr_val: no such variable.
Note: No ".plot", ".print", or ".fourier" lines; no simulations run
Subprocess exited with error code 1
Error output generated by subprocess:
Error: -216551 out of range for sqrt
    in line b.x1.x62.x0.brbody_1

Error: -216551 out of range for sqrt
    in line b.x1.x62.x0.brbody_1

Error: -216551 out of range for sqrt
    in line b.x1.x62.x0.brbody_1

Error: -216551 out of range for sqrt
    in line b.x1.x62.x0.brbody_1

Error: -216551 out of range for sqrt
    in line b.x1.x62.x0.brbody_1

Error: -216551 out of range for sqrt
    in line b.x1.x62.x0.brbody_1

Error: -216551 out of range for sqrt
    in line b.x1.x62.x0.brbody_1

Error: -216551 out of range for sqrt
    in line b.x1.x62.x0.brbody_1

Error: -216551 out of range for sqrt
    in line b.x1.x62.x0.brbody_1

Error: -216551 out of range for sqrt
    in line b.x1.x62.x0.brbody_1

doAnalyses: TRAN:  Timestep too small; time = 1e-07, timestep = 1.25e-20: cause unrecorded.


tran simulation(s) aborted

Error: measure  sr  max(TRIG) : no such vector as 'deriv(v(vout))'
Error: &sr: no such variable.
PPerror: syntax error in line segment
    * 1e-6
near
      1e-6
Error: RHS " * 1e-6" invalid
Error: &sr_val: no such variable.
Note: No ".plot", ".print", or ".fourier" lines; no simulations run
Subprocess exited with error code 1
Subprocess exited with error code 1
Error output generated by subprocess:
Error output generated by subprocess:
Error: -215786 out of range for sqrt
Error: -226628 out of range for sqrt
    in line b.x1.x62.x0.brbody_1
    in line b.x1.x62.x0.brbody_1


Error: -215786 out of range for sqrt
Error: -226628 out of range for sqrt
    in line b.x1.x62.x0.brbody_1
    in line b.x1.x62.x0.brbody_1


Error: -215786 out of range for sqrt
Error: -226628 out of range for sqrt
    in line b.x1.x62.x0.brbody_1
    in line b.x1.x62.x0.brbody_1


Error: -215786 out of range for sqrt
Error: -226628 out of range for sqrt
    in line b.x1.x62.x0.brbody_1
    in line b.x1.x62.x0.brbody_1


Error: -215786 out of range for sqrt
Error: -226628 out of range for sqrt
    in line b.x1.x62.x0.brbody_1
    in line b.x1.x62.x0.brbody_1


Error: -215786 out of range for sqrt
Error: -226628 out of range for sqrt
    in line b.x1.x62.x0.brbody_1
    in line b.x1.x62.x0.brbody_1


Error: -215786 out of range for sqrt
Error: -226628 out of range for sqrt
    in line b.x1.x62.x0.brbody_1
    in line b.x1.x62.x0.brbody_1


Error: -215786 out of range for sqrt
Error: -226628 out of range for sqrt
    in line b.x1.x62.x0.brbody_1
    in line b.x1.x62.x0.brbody_1


Error: -215786 out of range for sqrt
Error: -226628 out of range for sqrt
    in line b.x1.x62.x0.brbody_1
    in line b.x1.x62.x0.brbody_1


Error: -215786 out of range for sqrt
Error: -226628 out of range for sqrt
    in line b.x1.x62.x0.brbody_1
    in line b.x1.x62.x0.brbody_1


doAnalyses: TRAN:  Timestep too small; time = 1e-07, timestep = 1.25e-20: cause unrecorded.
doAnalyses: TRAN:  Timestep too small; time = 1e-07, timestep = 1.25e-20: cause unrecorded.




tran simulation(s) aborted
tran simulation(s) aborted


Error: measure  sr  max(TRIG) : no such vector as 'deriv(v(vout))'
Error: measure  sr  max(TRIG) : no such vector as 'deriv(v(vout))'
Error: &sr: no such variable.
Error: &sr: no such variable.
PPerror: syntax error in line segment
PPerror: syntax error in line segment
    * 1e-6
    * 1e-6
near
near
      1e-6
      1e-6
Error: RHS " * 1e-6" invalid
Error: RHS " * 1e-6" invalid
Error: &sr_val: no such variable.
Error: &sr_val: no such variable.
Note: No ".plot", ".print", or ".fourier" lines; no simulations run
Note: No ".plot", ".print", or ".fourier" lines; no simulations run
Subprocess exited with error code 1
Error output generated by subprocess:
Error: -225787 out of range for sqrt
    in line b.x1.x62.x0.brbody_1

Error: -225787 out of range for sqrt
    in line b.x1.x62.x0.brbody_1

Error: -225787 out of range for sqrt
    in line b.x1.x62.x0.brbody_1

Error: -225787 out of range for sqrt
    in line b.x1.x62.x0.brbody_1

Error: -225787 out of range for sqrt
    in line b.x1.x62.x0.brbody_1

Error: -225787 out of range for sqrt
    in line b.x1.x62.x0.brbody_1

Error: -225787 out of range for sqrt
    in line b.x1.x62.x0.brbody_1

Error: -225787 out of range for sqrt
    in line b.x1.x62.x0.brbody_1

Error: -225787 out of range for sqrt
    in line b.x1.x62.x0.brbody_1

Error: -225787 out of range for sqrt
    in line b.x1.x62.x0.brbody_1

doAnalyses: TRAN:  Timestep too small; time = 1e-07, timestep = 1.25e-20: cause unrecorded.


tran simulation(s) aborted

Error: measure  sr  max(TRIG) : no such vector as 'deriv(v(vout))'
Error: &sr: no such variable.
PPerror: syntax error in line segment
    * 1e-6
near
      1e-6
Error: RHS " * 1e-6" invalid
Error: &sr_val: no such variable.
Note: No ".plot", ".print", or ".fourier" lines; no simulations run
Subprocess exited with error code 1
Error output generated by subprocess:
Error: -224999 out of range for sqrt
    in line b.x1.x62.x0.brbody_1

Error: -224999 out of range for sqrt
    in line b.x1.x62.x0.brbody_1

Error: -224999 out of range for sqrt
    in line b.x1.x62.x0.brbody_1

Error: -224999 out of range for sqrt
    in line b.x1.x62.x0.brbody_1

Error: -224999 out of range for sqrt
    in line b.x1.x62.x0.brbody_1

Error: -224999 out of range for sqrt
    in line b.x1.x62.x0.brbody_1

Error: -224999 out of range for sqrt
    in line b.x1.x62.x0.brbody_1

Error: -224999 out of range for sqrt
Subprocess exited with error code 1
    in line b.x1.x62.x0.brbody_1
Error output generated by subprocess:

Error: -220852 out of range for sqrt
Error: -224999 out of range for sqrt
    in line b.x1.x62.x0.brbody_1
    in line b.x1.x62.x0.brbody_1


Error: -220852 out of range for sqrt
Error: -224999 out of range for sqrt
    in line b.x1.x62.x0.brbody_1
    in line b.x1.x62.x0.brbody_1


Error: -220852 out of range for sqrt
doAnalyses: TRAN:  Timestep too small; time = 1e-07, timestep = 1.25e-20: cause unrecorded.
    in line b.x1.x62.x0.brbody_1



Error: -220852 out of range for sqrt
tran simulation(s) aborted
    in line b.x1.x62.x0.brbody_1

Subprocess exited with error code 1

Error: measure  sr  max(TRIG) : no such vector as 'deriv(v(vout))'
Error output generated by subprocess:
Error: -220852 out of range for sqrt
Error: &sr: no such variable.
Error: -220148 out of range for sqrt
PPerror: syntax error in line segment
    in line b.x1.x62.x0.brbody_1
    in line b.x1.x62.x0.brbody_1
    * 1e-6


near
Error: -220852 out of range for sqrt
Error: -220148 out of range for sqrt
      1e-6
    in line b.x1.x62.x0.brbody_1
    in line b.x1.x62.x0.brbody_1
Error: RHS " * 1e-6" invalid


Error: &sr_val: no such variable.
Error: -220852 out of range for sqrt
Error: -220148 out of range for sqrt
Note: No ".plot", ".print", or ".fourier" lines; no simulations run
    in line b.x1.x62.x0.brbody_1
    in line b.x1.x62.x0.brbody_1


Error: -220852 out of range for sqrt
Error: -220148 out of range for sqrt
    in line b.x1.x62.x0.brbody_1
    in line b.x1.x62.x0.brbody_1


Error: -220852 out of range for sqrt
Error: -220148 out of range for sqrt
    in line b.x1.x62.x0.brbody_1
    in line b.x1.x62.x0.brbody_1


Error: -220852 out of range for sqrt
Error: -220148 out of range for sqrt
    in line b.x1.x62.x0.brbody_1
    in line b.x1.x62.x0.brbody_1


doAnalyses: TRAN:  Timestep too small; time = 1e-07, timestep = 1.25e-20: cause unrecorded.
Error: -220148 out of range for sqrt

Subprocess exited with error code 1
    in line b.x1.x62.x0.brbody_1

Error output generated by subprocess:

tran simulation(s) aborted
Error: -229609 out of range for sqrt

Error: -220148 out of range for sqrt
    in line b.x1.x62.x0.brbody_1
Error: measure  sr  max(TRIG) : no such vector as 'deriv(v(vout))'
    in line b.x1.x62.x0.brbody_1

Error: &sr: no such variable.

Error: -229609 out of range for sqrt
PPerror: syntax error in line segment
Error: -220148 out of range for sqrt
    in line b.x1.x62.x0.brbody_1
    * 1e-6
    in line b.x1.x62.x0.brbody_1

near

Error: -229609 out of range for sqrt
      1e-6
Error: -220148 out of range for sqrt
    in line b.x1.x62.x0.brbody_1
Error: RHS " * 1e-6" invalid
    in line b.x1.x62.x0.brbody_1

Error: &sr_val: no such variable.

Error: -229609 out of range for sqrt
Note: No ".plot", ".print", or ".fourier" lines; no simulations run
doAnalyses: TRAN:  Timestep too small; time = 1e-07, timestep = 1.25e-20: cause unrecorded.
    in line b.x1.x62.x0.brbody_1

Subprocess exited with error code 1


Error output generated by subprocess:
Error: -229609 out of range for sqrt
tran simulation(s) aborted
Error: -219486 out of range for sqrt
    in line b.x1.x62.x0.brbody_1

Subprocess exited with error code 1
    in line b.x1.x62.x0.brbody_1

Error: measure  sr  max(TRIG) : no such vector as 'deriv(v(vout))'
Error output generated by subprocess:

Error: -229609 out of range for sqrt
Error: &sr: no such variable.
Error: -230333 out of range for sqrt
Error: -219486 out of range for sqrt
    in line b.x1.x62.x0.brbody_1
PPerror: syntax error in line segment
    in line b.x1.x62.x0.brbody_1
    in line b.x1.x62.x0.brbody_1
    * 1e-6

near


Error: -229609 out of range for sqrt
      1e-6
Error: -230333 out of range for sqrt
Error: -219486 out of range for sqrt
    in line b.x1.x62.x0.brbody_1
Error: RHS " * 1e-6" invalid
    in line b.x1.x62.x0.brbody_1
Error: &sr_val: no such variable.


    in line b.x1.x62.x0.brbody_1
Note: No ".plot", ".print", or ".fourier" lines; no simulations run
Error: -229609 out of range for sqrt
Error: -230333 out of range for sqrt

    in line b.x1.x62.x0.brbody_1
    in line b.x1.x62.x0.brbody_1
Error: -219486 out of range for sqrt


    in line b.x1.x62.x0.brbody_1
Error: -229609 out of range for sqrt
Error: -230333 out of range for sqrt

    in line b.x1.x62.x0.brbody_1
    in line b.x1.x62.x0.brbody_1
Error: -219486 out of range for sqrt
Subprocess exited with error code 1


    in line b.x1.x62.x0.brbody_1
Error output generated by subprocess:
Error: -229609 out of range for sqrt
Error: -230333 out of range for sqrt

Error: -222041 out of range for sqrt
    in line b.x1.x62.x0.brbody_1
    in line b.x1.x62.x0.brbody_1
Error: -219486 out of range for sqrt
    in line b.x1.x62.x0.brbody_1


    in line b.x1.x62.x0.brbody_1
Error: -230333 out of range for sqrt
Subprocess exited with error code 1
doAnalyses: TRAN:  Timestep too small; time = 1e-07, timestep = 1.25e-20: cause unrecorded.


    in line b.x1.x62.x0.brbody_1
Subprocess exited with error code 1
Error output generated by subprocess:

Error: -222041 out of range for sqrt
Error: -219486 out of range for sqrt

Error output generated by subprocess:
Error: -228928 out of range for sqrt

    in line b.x1.x62.x0.brbody_1
    in line b.x1.x62.x0.brbody_1
tran simulation(s) aborted
Error: -214031 out of range for sqrt
    in line b.x1.x62.x0.brbody_1
Error: -230333 out of range for sqrt


    in line b.x1.x62.x0.brbody_1
    in line b.x1.x62.x0.brbody_1


Error: -222041 out of range for sqrt
Error: -219486 out of range for sqrt


Error: -228928 out of range for sqrt
Error: measure  sr  max(TRIG) : no such vector as 'deriv(v(vout))'
    in line b.x1.x62.x0.brbody_1
    in line b.x1.x62.x0.brbody_1
Error: -230333 out of range for sqrt
Error: -214031 out of range for sqrt
    in line b.x1.x62.x0.brbody_1
Error: &sr: no such variable.


    in line b.x1.x62.x0.brbody_1
    in line b.x1.x62.x0.brbody_1

PPerror: syntax error in line segment
Error: -222041 out of range for sqrt
Error: -219486 out of range for sqrt


    * 1e-6
Error: -228928 out of range for sqrt
    in line b.x1.x62.x0.brbody_1
    in line b.x1.x62.x0.brbody_1
Error: -230333 out of range for sqrt
Error: -214031 out of range for sqrt
near
    in line b.x1.x62.x0.brbody_1


    in line b.x1.x62.x0.brbody_1
    in line b.x1.x62.x0.brbody_1
      1e-6

Error: -222041 out of range for sqrt
Error: -219486 out of range for sqrt


Subprocess exited with error code 1
Error: RHS " * 1e-6" invalid
Error: -228928 out of range for sqrt
    in line b.x1.x62.x0.brbody_1
    in line b.x1.x62.x0.brbody_1
Error: -230333 out of range for sqrt
Error: -214031 out of range for sqrt
Error output generated by subprocess:
Error: &sr_val: no such variable.
    in line b.x1.x62.x0.brbody_1


    in line b.x1.x62.x0.brbody_1
    in line b.x1.x62.x0.brbody_1
Error: -221158 out of range for sqrt
Note: No ".plot", ".print", or ".fourier" lines; no simulations run

Error: -222041 out of range for sqrt
doAnalyses: TRAN:  Timestep too small; time = 1e-07, timestep = 1.25e-20: cause unrecorded.


    in line b.x1.x62.x0.brbody_1
Error: -228928 out of range for sqrt
    in line b.x1.x62.x0.brbody_1

doAnalyses: TRAN:  Timestep too small; time = 1e-07, timestep = 1.25e-20: cause unrecorded.
Error: -214031 out of range for sqrt

    in line b.x1.x62.x0.brbody_1



    in line b.x1.x62.x0.brbody_1
Error: -221158 out of range for sqrt

Error: -222041 out of range for sqrt
tran simulation(s) aborted
Error: -228928 out of range for sqrt

    in line b.x1.x62.x0.brbody_1

    in line b.x1.x62.x0.brbody_1
tran simulation(s) aborted
    in line b.x1.x62.x0.brbody_1
Error: -214031 out of range for sqrt





    in line b.x1.x62.x0.brbody_1
Error: -221158 out of range for sqrt
Error: measure  sr  max(TRIG) : no such vector as 'deriv(v(vout))'
Error: -222041 out of range for sqrt

Error: -228928 out of range for sqrt
Error: measure  sr  max(TRIG) : no such vector as 'deriv(v(vout))'
    in line b.x1.x62.x0.brbody_1
Error: &sr: no such variable.
    in line b.x1.x62.x0.brbody_1
Error: -214031 out of range for sqrt
    in line b.x1.x62.x0.brbody_1
Error: &sr: no such variable.

PPerror: syntax error in line segment

    in line b.x1.x62.x0.brbody_1

PPerror: syntax error in line segment
Error: -221158 out of range for sqrt
Error: -228928 out of range for sqrt
Error: -222041 out of range for sqrt

    * 1e-6
    * 1e-6
    in line b.x1.x62.x0.brbody_1
    in line b.x1.x62.x0.brbody_1
    in line b.x1.x62.x0.brbody_1
Error: -214031 out of range for sqrt
near
near



    in line b.x1.x62.x0.brbody_1
      1e-6
      1e-6
Error: -221158 out of range for sqrt
Error: -228928 out of range for sqrt
Error: -222041 out of range for sqrt

Error: RHS " * 1e-6" invalid
Error: RHS " * 1e-6" invalid
    in line b.x1.x62.x0.brbody_1
    in line b.x1.x62.x0.brbody_1
    in line b.x1.x62.x0.brbody_1
Error: -214031 out of range for sqrt
Error: &sr_val: no such variable.
Error: &sr_val: no such variable.

Note: No ".plot", ".print", or ".fourier" lines; no simulations run

    in line b.x1.x62.x0.brbody_1

Note: No ".plot", ".print", or ".fourier" lines; no simulations run
Error: -221158 out of range for sqrt
doAnalyses: TRAN:  Timestep too small; time = 1e-07, timestep = 1.25e-20: cause unrecorded.

Error: -228928 out of range for sqrt
    in line b.x1.x62.x0.brbody_1

Error: -214031 out of range for sqrt
    in line b.x1.x62.x0.brbody_1


    in line b.x1.x62.x0.brbody_1

Error: -221158 out of range for sqrt
tran simulation(s) aborted

doAnalyses: TRAN:  Timestep too small; time = 1e-07, timestep = 1.25e-20: cause unrecorded.
    in line b.x1.x62.x0.brbody_1

doAnalyses: TRAN:  Timestep too small; time = 1e-07, timestep = 1.25e-20: cause unrecorded.




Error: measure  sr  max(TRIG) : no such vector as 'deriv(v(vout))'
Error: -221158 out of range for sqrt
tran simulation(s) aborted

Error: &sr: no such variable.
    in line b.x1.x62.x0.brbody_1

tran simulation(s) aborted
PPerror: syntax error in line segment

    * 1e-6

Error: measure  sr  max(TRIG) : no such vector as 'deriv(v(vout))'
Error: -221158 out of range for sqrt
near
Error: measure  sr  max(TRIG) : no such vector as 'deriv(v(vout))'
Error: &sr: no such variable.
    in line b.x1.x62.x0.brbody_1
      1e-6
Error: &sr: no such variable.
PPerror: syntax error in line segment

Error: RHS " * 1e-6" invalid
PPerror: syntax error in line segment
    * 1e-6
Error: -221158 out of range for sqrt
Error: &sr_val: no such variable.
    * 1e-6
near
    in line b.x1.x62.x0.brbody_1
Note: No ".plot", ".print", or ".fourier" lines; no simulations run
near
      1e-6

      1e-6
Error: RHS " * 1e-6" invalid
doAnalyses: TRAN:  Timestep too small; time = 1e-07, timestep = 1.25e-20: cause unrecorded.
Error: RHS " * 1e-6" invalid
Error: &sr_val: no such variable.

Error: &sr_val: no such variable.
Note: No ".plot", ".print", or ".fourier" lines; no simulations run

Note: No ".plot", ".print", or ".fourier" lines; no simulations run
tran simulation(s) aborted

Error: measure  sr  max(TRIG) : no such vector as 'deriv(v(vout))'
Error: &sr: no such variable.
PPerror: syntax error in line segment
    * 1e-6
near
      1e-6
Error: RHS " * 1e-6" invalid
Error: &sr_val: no such variable.
Note: No ".plot", ".print", or ".fourier" lines; no simulations run
Subprocess exited with error code 1
Error output generated by subprocess:
Error: -220378 out of range for sqrt
    in line b.x1.x62.x0.brbody_1

Error: -220378 out of range for sqrt
    in line b.x1.x62.x0.brbody_1

Error: -220378 out of range for sqrt
    in line b.x1.x62.x0.brbody_1

Error: -220378 out of range for sqrt
    in line b.x1.x62.x0.brbody_1

Error: -220378 out of range for sqrt
    in line b.x1.x62.x0.brbody_1

Error: -220378 out of range for sqrt
    in line b.x1.x62.x0.brbody_1

Error: -220378 out of range for sqrt
    in line b.x1.x62.x0.brbody_1

Error: -220378 out of range for sqrt
    in line b.x1.x62.x0.brbody_1

Error: -220378 out of range for sqrt
    in line b.x1.x62.x0.brbody_1

Error: -220378 out of range for sqrt
    in line b.x1.x62.x0.brbody_1

doAnalyses: TRAN:  Timestep too small; time = 1e-07, timestep = 1.25e-20: cause unrecorded.


tran simulation(s) aborted

Error: measure  sr  max(TRIG) : no such vector as 'deriv(v(vout))'
Error: &sr: no such variable.
PPerror: syntax error in line segment
    * 1e-6
near
      1e-6
Error: RHS " * 1e-6" invalid
Error: &sr_val: no such variable.
Note: No ".plot", ".print", or ".fourier" lines; no simulations run
Subprocess exited with error code 1
Error output generated by subprocess:
Error: -219486 out of range for sqrt
    in line b.x1.x62.x0.brbody_1

Error: -219486 out of range for sqrt
    in line b.x1.x62.x0.brbody_1

Error: -219486 out of range for sqrt
    in line b.x1.x62.x0.brbody_1

Error: -219486 out of range for sqrt
    in line b.x1.x62.x0.brbody_1

Error: -219486 out of range for sqrt
    in line b.x1.x62.x0.brbody_1

Error: -219486 out of range for sqrt
    in line b.x1.x62.x0.brbody_1

Error: -219486 out of range for sqrt
    in line b.x1.x62.x0.brbody_1

Error: -219486 out of range for sqrt
    in line b.x1.x62.x0.brbody_1

Error: -219486 out of range for sqrt
    in line b.x1.x62.x0.brbody_1

Error: -219486 out of range for sqrt
    in line b.x1.x62.x0.brbody_1

doAnalyses: TRAN:  Timestep too small; time = 1e-07, timestep = 1.25e-20: cause unrecorded.


tran simulation(s) aborted

Error: measure  sr  max(TRIG) : no such vector as 'deriv(v(vout))'
Error: &sr: no such variable.
PPerror: syntax error in line segment
    * 1e-6
near
      1e-6
Error: RHS " * 1e-6" invalid
Error: &sr_val: no such variable.
Note: No ".plot", ".print", or ".fourier" lines; no simulations run
Subprocess exited with error code 1
Error output generated by subprocess:
Error: -218645 out of range for sqrt
    in line b.x1.x62.x0.brbody_1

Error: -218645 out of range for sqrt
    in line b.x1.x62.x0.brbody_1

Error: -218645 out of range for sqrt
    in line b.x1.x62.x0.brbody_1

Error: -218645 out of range for sqrt
    in line b.x1.x62.x0.brbody_1

Error: -218645 out of range for sqrt
    in line b.x1.x62.x0.brbody_1

Error: -218645 out of range for sqrt
    in line b.x1.x62.x0.brbody_1

Error: -218645 out of range for sqrt
    in line b.x1.x62.x0.brbody_1

Error: -218645 out of range for sqrt
    in line b.x1.x62.x0.brbody_1

Error: -218645 out of range for sqrt
    in line b.x1.x62.x0.brbody_1

Error: -218645 out of range for sqrt
    in line b.x1.x62.x0.brbody_1

doAnalyses: TRAN:  Timestep too small; time = 1e-07, timestep = 1.25e-20: cause unrecorded.


tran simulation(s) aborted

Error: measure  sr  max(TRIG) : no such vector as 'deriv(v(vout))'
Error: &sr: no such variable.
PPerror: syntax error in line segment
    * 1e-6
near
      1e-6
Error: RHS " * 1e-6" invalid
Error: &sr_val: no such variable.
Note: No ".plot", ".print", or ".fourier" lines; no simulations run
Subprocess exited with error code 1
Error output generated by subprocess:
Error: -228685 out of range for sqrt
    in line b.x1.x62.x0.brbody_1

Error: -228685 out of range for sqrt
    in line b.x1.x62.x0.brbody_1

Error: -228685 out of range for sqrt
    in line b.x1.x62.x0.brbody_1

Error: -228685 out of range for sqrt
    in line b.x1.x62.x0.brbody_1

Error: -228685 out of range for sqrt
    in line b.x1.x62.x0.brbody_1

Error: -228685 out of range for sqrt
    in line b.x1.x62.x0.brbody_1

Error: -228685 out of range for sqrt
    in line b.x1.x62.x0.brbody_1
Subprocess exited with error code 1

Error output generated by subprocess:
Error: -228685 out of range for sqrt
Error: -229602 out of range for sqrt
    in line b.x1.x62.x0.brbody_1
    in line b.x1.x62.x0.brbody_1


Error: -228685 out of range for sqrt
Error: -229602 out of range for sqrt
    in line b.x1.x62.x0.brbody_1
    in line b.x1.x62.x0.brbody_1


Error: -228685 out of range for sqrt
Error: -229602 out of range for sqrt
    in line b.x1.x62.x0.brbody_1
    in line b.x1.x62.x0.brbody_1


doAnalyses: TRAN:  Timestep too small; time = 1e-07, timestep = 1.25e-20: cause unrecorded.
Error: -229602 out of range for sqrt

    in line b.x1.x62.x0.brbody_1


tran simulation(s) aborted
Error: -229602 out of range for sqrt

    in line b.x1.x62.x0.brbody_1
Error: measure  sr  max(TRIG) : no such vector as 'deriv(v(vout))'

Error: &sr: no such variable.
Error: -229602 out of range for sqrt
PPerror: syntax error in line segment
    in line b.x1.x62.x0.brbody_1
    * 1e-6

near
Error: -229602 out of range for sqrt
    in line b.x1.x62.x0.brbody_1
      1e-6

Error: RHS " * 1e-6" invalid
Error: -229602 out of range for sqrt
Error: &sr_val: no such variable.
    in line b.x1.x62.x0.brbody_1
Note: No ".plot", ".print", or ".fourier" lines; no simulations run

Error: -229602 out of range for sqrt
    in line b.x1.x62.x0.brbody_1

Error: -229602 out of range for sqrt
    in line b.x1.x62.x0.brbody_1

doAnalyses: TRAN:  Timestep too small; time = 1e-07, timestep = 1.25e-20: cause unrecorded.


tran simulation(s) aborted

Error: measure  sr  max(TRIG) : no such vector as 'deriv(v(vout))'
Error: &sr: no such variable.
PPerror: syntax error in line segment
    * 1e-6
near
      1e-6
Error: RHS " * 1e-6" invalid
Error: &sr_val: no such variable.
Note: No ".plot", ".print", or ".fourier" lines; no simulations run
Subprocess exited with error code 1
Error output generated by subprocess:
Error: -227820 out of range for sqrt
    in line b.x1.x62.x0.brbody_1

Error: -227820 out of range for sqrt
    in line b.x1.x62.x0.brbody_1
Subprocess exited with error code 1

Error output generated by subprocess:
Error: -227820 out of range for sqrt
Error: -213571 out of range for sqrt
    in line b.x1.x62.x0.brbody_1
    in line b.x1.x62.x0.brbody_1


Error: -227820 out of range for sqrt
Error: -213571 out of range for sqrt
    in line b.x1.x62.x0.brbody_1
    in line b.x1.x62.x0.brbody_1


Error: -227820 out of range for sqrt
Error: -213571 out of range for sqrt
    in line b.x1.x62.x0.brbody_1
    in line b.x1.x62.x0.brbody_1


Error: -227820 out of range for sqrt
Error: -213571 out of range for sqrt
    in line b.x1.x62.x0.brbody_1
    in line b.x1.x62.x0.brbody_1


Error: -227820 out of range for sqrt
Error: -213571 out of range for sqrt
    in line b.x1.x62.x0.brbody_1
    in line b.x1.x62.x0.brbody_1


Error: -227820 out of range for sqrt
Error: -213571 out of range for sqrt
    in line b.x1.x62.x0.brbody_1
    in line b.x1.x62.x0.brbody_1


Error: -227820 out of range for sqrt
Error: -213571 out of range for sqrt
    in line b.x1.x62.x0.brbody_1
    in line b.x1.x62.x0.brbody_1


Error: -227820 out of range for sqrt
Error: -213571 out of range for sqrt
    in line b.x1.x62.x0.brbody_1
    in line b.x1.x62.x0.brbody_1


doAnalyses: TRAN:  Timestep too small; time = 1e-07, timestep = 1.25e-20: cause unrecorded.
Error: -213571 out of range for sqrt

    in line b.x1.x62.x0.brbody_1

tran simulation(s) aborted


Error: -213571 out of range for sqrt
Error: measure  sr  max(TRIG) : no such vector as 'deriv(v(vout))'
    in line b.x1.x62.x0.brbody_1
Error: &sr: no such variable.
Subprocess exited with error code 1

PPerror: syntax error in line segment
Error output generated by subprocess:
doAnalyses: TRAN:  Timestep too small; time = 1e-07, timestep = 1.25e-20: cause unrecorded.
    * 1e-6

Error: -212872 out of range for sqrt
near

    in line b.x1.x62.x0.brbody_1
      1e-6
tran simulation(s) aborted

Error: RHS " * 1e-6" invalid
Error: -212872 out of range for sqrt

    in line b.x1.x62.x0.brbody_1
Error: &sr_val: no such variable.
Error: measure  sr  max(TRIG) : no such vector as 'deriv(v(vout))'

Note: No ".plot", ".print", or ".fourier" lines; no simulations run
Error: &sr: no such variable.
Error: -212872 out of range for sqrt
PPerror: syntax error in line segment
    in line b.x1.x62.x0.brbody_1
    * 1e-6

near
Error: -212872 out of range for sqrt
      1e-6
    in line b.x1.x62.x0.brbody_1
Error: RHS " * 1e-6" invalid

Error: &sr_val: no such variable.
Error: -212872 out of range for sqrt
Note: No ".plot", ".print", or ".fourier" lines; no simulations run
    in line b.x1.x62.x0.brbody_1

Error: -212872 out of range for sqrt
    in line b.x1.x62.x0.brbody_1

Error: -212872 out of range for sqrt
    in line b.x1.x62.x0.brbody_1

Error: -212872 out of range for sqrt
    in line b.x1.x62.x0.brbody_1

Error: -212872 out of range for sqrt
    in line b.x1.x62.x0.brbody_1

Error: -212872 out of range for sqrt
    in line b.x1.x62.x0.brbody_1

doAnalyses: TRAN:  Timestep too small; time = 1e-07, timestep = 1.25e-20: cause unrecorded.


tran simulation(s) aborted

Error: measure  sr  max(TRIG) : no such vector as 'deriv(v(vout))'
Error: &sr: no such variable.
PPerror: syntax error in line segment
    * 1e-6
near
      1e-6
Error: RHS " * 1e-6" invalid
Error: &sr_val: no such variable.
Note: No ".plot", ".print", or ".fourier" lines; no simulations run
Subprocess exited with error code 1
Error output generated by subprocess:
Error: -212215 out of range for sqrt
    in line b.x1.x62.x0.brbody_1

Error: -212215 out of range for sqrt
    in line b.x1.x62.x0.brbody_1

Error: -212215 out of range for sqrt
    in line b.x1.x62.x0.brbody_1

Error: -212215 out of range for sqrt
    in line b.x1.x62.x0.brbody_1

Error: -212215 out of range for sqrt
    in line b.x1.x62.x0.brbody_1

Error: -212215 out of range for sqrt
    in line b.x1.x62.x0.brbody_1

Error: -212215 out of range for sqrt
    in line b.x1.x62.x0.brbody_1

Error: -212215 out of range for sqrt
    in line b.x1.x62.x0.brbody_1

Error: -212215 out of range for sqrt
    in line b.x1.x62.x0.brbody_1

Error: -212215 out of range for sqrt
    in line b.x1.x62.x0.brbody_1

doAnalyses: TRAN:  Timestep too small; time = 1e-07, timestep = 1.25e-20: cause unrecorded.


tran simulation(s) aborted

Error: measure  sr  max(TRIG) : no such vector as 'deriv(v(vout))'
Error: &sr: no such variable.
PPerror: syntax error in line segment
    * 1e-6
Subprocess exited with error code 1
near
Error output generated by subprocess:
      1e-6
Error: -222675 out of range for sqrt
Error: RHS " * 1e-6" invalid
    in line b.x1.x62.x0.brbody_1
Error: &sr_val: no such variable.

Note: No ".plot", ".print", or ".fourier" lines; no simulations run
Error: -222675 out of range for sqrt
    in line b.x1.x62.x0.brbody_1

Error: -222675 out of range for sqrt
    in line b.x1.x62.x0.brbody_1

Error: -222675 out of range for sqrt
    in line b.x1.x62.x0.brbody_1

Error: -222675 out of range for sqrt
    in line b.x1.x62.x0.brbody_1

Error: -222675 out of range for sqrt
    in line b.x1.x62.x0.brbody_1

Error: -222675 out of range for sqrt
    in line b.x1.x62.x0.brbody_1

Error: -222675 out of range for sqrt
    in line b.x1.x62.x0.brbody_1

Error: -222675 out of range for sqrt
    in line b.x1.x62.x0.brbody_1

Error: -222675 out of range for sqrt
    in line b.x1.x62.x0.brbody_1

doAnalyses: TRAN:  Timestep too small; time = 1e-07, timestep = 1.25e-20: cause unrecorded.


tran simulation(s) aborted

Error: measure  sr  max(TRIG) : no such vector as 'deriv(v(vout))'
Error: &sr: no such variable.
PPerror: syntax error in line segment
    * 1e-6
near
      1e-6
Error: RHS " * 1e-6" invalid
Error: &sr_val: no such variable.
Note: No ".plot", ".print", or ".fourier" lines; no simulations run
Subprocess exited with error code 1
Subprocess exited with error code 1
Error output generated by subprocess:
Error output generated by subprocess:
Error: -232208 out of range for sqrt
Error: -222175 out of range for sqrt
    in line b.x1.x62.x0.brbody_1
    in line b.x1.x62.x0.brbody_1


Error: -232208 out of range for sqrt
Error: -222175 out of range for sqrt
    in line b.x1.x62.x0.brbody_1
    in line b.x1.x62.x0.brbody_1


Error: -232208 out of range for sqrt
Error: -222175 out of range for sqrt
    in line b.x1.x62.x0.brbody_1
    in line b.x1.x62.x0.brbody_1


Error: -232208 out of range for sqrt
Error: -222175 out of range for sqrt
    in line b.x1.x62.x0.brbody_1
Subprocess exited with error code 1
    in line b.x1.x62.x0.brbody_1

Error output generated by subprocess:

Error: -232208 out of range for sqrt
Error: -222849 out of range for sqrt
Error: -222175 out of range for sqrt
    in line b.x1.x62.x0.brbody_1
    in line b.x1.x62.x0.brbody_1
    in line b.x1.x62.x0.brbody_1



Error: -232208 out of range for sqrt
Error: -222849 out of range for sqrt
Error: -222175 out of range for sqrt
    in line b.x1.x62.x0.brbody_1
    in line b.x1.x62.x0.brbody_1
Subprocess exited with error code 1
    in line b.x1.x62.x0.brbody_1


Error output generated by subprocess:

Error: -232208 out of range for sqrt
Subprocess exited with error code 1
Error: -222849 out of range for sqrt
Error: -221281 out of range for sqrt
Error: -222175 out of range for sqrt
    in line b.x1.x62.x0.brbody_1
Error output generated by subprocess:
    in line b.x1.x62.x0.brbody_1
    in line b.x1.x62.x0.brbody_1
    in line b.x1.x62.x0.brbody_1

Error: -221956 out of range for sqrt



Error: -232208 out of range for sqrt
    in line b.x1.x62.x0.brbody_1
Error: -222175 out of range for sqrt
Error: -221281 out of range for sqrt
Error: -222849 out of range for sqrt
    in line b.x1.x62.x0.brbody_1

    in line b.x1.x62.x0.brbody_1
    in line b.x1.x62.x0.brbody_1
    in line b.x1.x62.x0.brbody_1

Error: -221956 out of range for sqrt



Error: -222175 out of range for sqrt
    in line b.x1.x62.x0.brbody_1
Error: -232208 out of range for sqrt
Error: -221281 out of range for sqrt
Error: -222849 out of range for sqrt
    in line b.x1.x62.x0.brbody_1
Subprocess exited with error code 1

    in line b.x1.x62.x0.brbody_1
    in line b.x1.x62.x0.brbody_1
    in line b.x1.x62.x0.brbody_1

Error output generated by subprocess:
Error: -221956 out of range for sqrt
Error: -222175 out of range for sqrt



Error: -221540 out of range for sqrt
    in line b.x1.x62.x0.brbody_1
    in line b.x1.x62.x0.brbody_1
Error: -221281 out of range for sqrt
Error: -222849 out of range for sqrt
    in line b.x1.x62.x0.brbody_1
Error: -232208 out of range for sqrt


    in line b.x1.x62.x0.brbody_1
    in line b.x1.x62.x0.brbody_1

    in line b.x1.x62.x0.brbody_1
Error: -221956 out of range for sqrt
doAnalyses: TRAN:  Timestep too small; time = 1e-07, timestep = 1.25e-20: cause unrecorded.


Error: -221540 out of range for sqrt

    in line b.x1.x62.x0.brbody_1

Error: -221281 out of range for sqrt
Error: -222849 out of range for sqrt
    in line b.x1.x62.x0.brbody_1
doAnalyses: TRAN:  Timestep too small; time = 1e-07, timestep = 1.25e-20: cause unrecorded.

Subprocess exited with error code 1
    in line b.x1.x62.x0.brbody_1

    in line b.x1.x62.x0.brbody_1


Error: -221956 out of range for sqrt
Error output generated by subprocess:

tran simulation(s) aborted

Error: -221540 out of range for sqrt

    in line b.x1.x62.x0.brbody_1
Error: -231516 out of range for sqrt
Error: -221281 out of range for sqrt

Error: -222849 out of range for sqrt
    in line b.x1.x62.x0.brbody_1
tran simulation(s) aborted

    in line b.x1.x62.x0.brbody_1
    in line b.x1.x62.x0.brbody_1

    in line b.x1.x62.x0.brbody_1


Error: -221956 out of range for sqrt
Error: measure  sr  max(TRIG) : no such vector as 'deriv(v(vout))'

Error: -231516 out of range for sqrt

Error: -221540 out of range for sqrt
Error: measure  sr  max(TRIG) : no such vector as 'deriv(v(vout))'
    in line b.x1.x62.x0.brbody_1
Error: &sr: no such variable.
Error: -221281 out of range for sqrt
    in line b.x1.x62.x0.brbody_1
Error: -222849 out of range for sqrt
    in line b.x1.x62.x0.brbody_1

Error: &sr: no such variable.
PPerror: syntax error in line segment
    in line b.x1.x62.x0.brbody_1

    in line b.x1.x62.x0.brbody_1

Error: -221956 out of range for sqrt
PPerror: syntax error in line segment
    * 1e-6

Error: -231516 out of range for sqrt

Error: -221540 out of range for sqrt
    in line b.x1.x62.x0.brbody_1
    * 1e-6
near
Error: -221281 out of range for sqrt
    in line b.x1.x62.x0.brbody_1
Error: -222849 out of range for sqrt
    in line b.x1.x62.x0.brbody_1

near
      1e-6
    in line b.x1.x62.x0.brbody_1

    in line b.x1.x62.x0.brbody_1

Error: -221956 out of range for sqrt
      1e-6
Error: RHS " * 1e-6" invalid

Error: -231516 out of range for sqrt

Error: -221540 out of range for sqrt
    in line b.x1.x62.x0.brbody_1
Error: RHS " * 1e-6" invalid
Error: &sr_val: no such variable.
Error: -221281 out of range for sqrt
    in line b.x1.x62.x0.brbody_1
doAnalyses: TRAN:  Timestep too small; time = 1e-07, timestep = 1.25e-20: cause unrecorded.
    in line b.x1.x62.x0.brbody_1

Error: &sr_val: no such variable.
Note: No ".plot", ".print", or ".fourier" lines; no simulations run
    in line b.x1.x62.x0.brbody_1



Error: -231516 out of range for sqrt
Note: No ".plot", ".print", or ".fourier" lines; no simulations run

Error: -221956 out of range for sqrt

Error: -221540 out of range for sqrt
    in line b.x1.x62.x0.brbody_1
Error: -221281 out of range for sqrt
    in line b.x1.x62.x0.brbody_1
tran simulation(s) aborted
    in line b.x1.x62.x0.brbody_1

    in line b.x1.x62.x0.brbody_1



Error: -231516 out of range for sqrt

Error: -221956 out of range for sqrt
Error: measure  sr  max(TRIG) : no such vector as 'deriv(v(vout))'
Error: -221540 out of range for sqrt
    in line b.x1.x62.x0.brbody_1
doAnalyses: TRAN:  Timestep too small; time = 1e-07, timestep = 1.25e-20: cause unrecorded.
    in line b.x1.x62.x0.brbody_1
Error: &sr: no such variable.
    in line b.x1.x62.x0.brbody_1



PPerror: syntax error in line segment

doAnalyses: TRAN:  Timestep too small; time = 1e-07, timestep = 1.25e-20: cause unrecorded.

Error: -231516 out of range for sqrt
    * 1e-6
Error: -221540 out of range for sqrt

tran simulation(s) aborted
    in line b.x1.x62.x0.brbody_1
near
    in line b.x1.x62.x0.brbody_1



      1e-6

tran simulation(s) aborted
Error: measure  sr  max(TRIG) : no such vector as 'deriv(v(vout))'
Error: -231516 out of range for sqrt
Error: RHS " * 1e-6" invalid
Error: -221540 out of range for sqrt

Error: &sr: no such variable.
    in line b.x1.x62.x0.brbody_1
Error: &sr_val: no such variable.
    in line b.x1.x62.x0.brbody_1
Error: measure  sr  max(TRIG) : no such vector as 'deriv(v(vout))'
PPerror: syntax error in line segment

Note: No ".plot", ".print", or ".fourier" lines; no simulations run

Error: &sr: no such variable.
    * 1e-6
Error: -231516 out of range for sqrt
doAnalyses: TRAN:  Timestep too small; time = 1e-07, timestep = 1.25e-20: cause unrecorded.
PPerror: syntax error in line segment
near
    in line b.x1.x62.x0.brbody_1

    * 1e-6
      1e-6


near
Error: RHS " * 1e-6" invalid
Error: -231516 out of range for sqrt
tran simulation(s) aborted
      1e-6
Error: &sr_val: no such variable.
    in line b.x1.x62.x0.brbody_1

Error: RHS " * 1e-6" invalid
Note: No ".plot", ".print", or ".fourier" lines; no simulations run

Error: measure  sr  max(TRIG) : no such vector as 'deriv(v(vout))'
Error: &sr_val: no such variable.
doAnalyses: TRAN:  Timestep too small; time = 1e-07, timestep = 1.25e-20: cause unrecorded.
Error: &sr: no such variable.
Note: No ".plot", ".print", or ".fourier" lines; no simulations run

PPerror: syntax error in line segment

    * 1e-6
tran simulation(s) aborted
near

      1e-6
Error: measure  sr  max(TRIG) : no such vector as 'deriv(v(vout))'
Error: RHS " * 1e-6" invalid
Error: &sr: no such variable.
Error: &sr_val: no such variable.
PPerror: syntax error in line segment
Note: No ".plot", ".print", or ".fourier" lines; no simulations run
    * 1e-6
near
      1e-6
Error: RHS " * 1e-6" invalid
Error: &sr_val: no such variable.
Note: No ".plot", ".print", or ".fourier" lines; no simulations run
Subprocess exited with error code 1
Error output generated by subprocess:
Error: -230865 out of range for sqrt
    in line b.x1.x62.x0.brbody_1

Error: -230865 out of range for sqrt
    in line b.x1.x62.x0.brbody_1

Error: -230865 out of range for sqrt
    in line b.x1.x62.x0.brbody_1

Error: -230865 out of range for sqrt
    in line b.x1.x62.x0.brbody_1

Error: -230865 out of range for sqrt
    in line b.x1.x62.x0.brbody_1

Error: -230865 out of range for sqrt
    in line b.x1.x62.x0.brbody_1

Error: -230865 out of range for sqrt
    in line b.x1.x62.x0.brbody_1

Error: -230865 out of range for sqrt
    in line b.x1.x62.x0.brbody_1

Error: -230865 out of range for sqrt
    in line b.x1.x62.x0.brbody_1

Error: -230865 out of range for sqrt
    in line b.x1.x62.x0.brbody_1

doAnalyses: TRAN:  Timestep too small; time = 1e-07, timestep = 1.25e-20: cause unrecorded.


tran simulation(s) aborted

Error: measure  sr  max(TRIG) : no such vector as 'deriv(v(vout))'
Error: &sr: no such variable.
PPerror: syntax error in line segment
    * 1e-6
near
      1e-6
Error: RHS " * 1e-6" invalid
Error: &sr_val: no such variable.
Note: No ".plot", ".print", or ".fourier" lines; no simulations run
Subprocess exited with error code 1
Error output generated by subprocess:
Error: -228653 out of range for sqrt
    in line b.x1.x62.x0.brbody_1

Error: -228653 out of range for sqrt
    in line b.x1.x62.x0.brbody_1

Error: -228653 out of range for sqrt
    in line b.x1.x62.x0.brbody_1

Error: -228653 out of range for sqrt
    in line b.x1.x62.x0.brbody_1

Error: -228653 out of range for sqrt
    in line b.x1.x62.x0.brbody_1

Error: -228653 out of range for sqrt
    in line b.x1.x62.x0.brbody_1

Error: -228653 out of range for sqrt
    in line b.x1.x62.x0.brbody_1

Error: -228653 out of range for sqrt
    in line b.x1.x62.x0.brbody_1

Error: -228653 out of range for sqrt
    in line b.x1.x62.x0.brbody_1

Error: -228653 out of range for sqrt
    in line b.x1.x62.x0.brbody_1

doAnalyses: TRAN:  Timestep too small; time = 1e-07, timestep = 1.25e-20: cause unrecorded.


tran simulation(s) aborted

Error: measure  sr  max(TRIG) : no such vector as 'deriv(v(vout))'
Error: &sr: no such variable.
PPerror: syntax error in line segment
    * 1e-6
near
      1e-6
Error: RHS " * 1e-6" invalid
Error: &sr_val: no such variable.
Note: No ".plot", ".print", or ".fourier" lines; no simulations run
Subprocess exited with error code 1
Error output generated by subprocess:
Error: -228074 out of range for sqrt
    in line b.x1.x62.x0.brbody_1

Error: -228074 out of range for sqrt
    in line b.x1.x62.x0.brbody_1

Error: -228074 out of range for sqrt
    in line b.x1.x62.x0.brbody_1

Error: -228074 out of range for sqrt
    in line b.x1.x62.x0.brbody_1

Error: -228074 out of range for sqrt
    in line b.x1.x62.x0.brbody_1

Error: -228074 out of range for sqrt
    in line b.x1.x62.x0.brbody_1

Error: -228074 out of range for sqrt
    in line b.x1.x62.x0.brbody_1

Error: -228074 out of range for sqrt
    in line b.x1.x62.x0.brbody_1

Error: -228074 out of range for sqrt
    in line b.x1.x62.x0.brbody_1

Error: -228074 out of range for sqrt
    in line b.x1.x62.x0.brbody_1

doAnalyses: TRAN:  Timestep too small; time = 1e-07, timestep = 1.25e-20: cause unrecorded.


tran simulation(s) aborted

Error: measure  sr  max(TRIG) : no such vector as 'deriv(v(vout))'
Error: &sr: no such variable.
PPerror: syntax error in line segment
    * 1e-6
Subprocess exited with error code 1
near
Error output generated by subprocess:
      1e-6
Error: -227526 out of range for sqrt
Error: RHS " * 1e-6" invalid
    in line b.x1.x62.x0.brbody_1
Error: &sr_val: no such variable.

Note: No ".plot", ".print", or ".fourier" lines; no simulations run
Error: -227526 out of range for sqrt
    in line b.x1.x62.x0.brbody_1

Error: -227526 out of range for sqrt
    in line b.x1.x62.x0.brbody_1

Error: -227526 out of range for sqrt
    in line b.x1.x62.x0.brbody_1

Error: -227526 out of range for sqrt
    in line b.x1.x62.x0.brbody_1

Error: -227526 out of range for sqrt
    in line b.x1.x62.x0.brbody_1

Error: -227526 out of range for sqrt
    in line b.x1.x62.x0.brbody_1

Error: -227526 out of range for sqrt
    in line b.x1.x62.x0.brbody_1

Error: -227526 out of range for sqrt
    in line b.x1.x62.x0.brbody_1

Error: -227526 out of range for sqrt
    in line b.x1.x62.x0.brbody_1

doAnalyses: TRAN:  Timestep too small; time = 1e-07, timestep = 1.25e-20: cause unrecorded.


tran simulation(s) aborted

Error: measure  sr  max(TRIG) : no such vector as 'deriv(v(vout))'
Error: &sr: no such variable.
PPerror: syntax error in line segment
    * 1e-6
near
      1e-6
Error: RHS " * 1e-6" invalid
Error: &sr_val: no such variable.
Note: No ".plot", ".print", or ".fourier" lines; no simulations run
Subprocess exited with error code 1
Error output generated by subprocess:
Error: -238341 out of range for sqrt
    in line b.x1.x62.x0.brbody_1

Error: -238341 out of range for sqrt
    in line b.x1.x62.x0.brbody_1

Error: -238341 out of range for sqrt
    in line b.x1.x62.x0.brbody_1

Error: -238341 out of range for sqrt
    in line b.x1.x62.x0.brbody_1

Error: -238341 out of range for sqrt
    in line b.x1.x62.x0.brbody_1

Error: -238341 out of range for sqrt
    in line b.x1.x62.x0.brbody_1

Error: -238341 out of range for sqrt
    in line b.x1.x62.x0.brbody_1

Error: -238341 out of range for sqrt
    in line b.x1.x62.x0.brbody_1

Error: -238341 out of range for sqrt
    in line b.x1.x62.x0.brbody_1

Error: -238341 out of range for sqrt
    in line b.x1.x62.x0.brbody_1

doAnalyses: TRAN:  Timestep too small; time = 1e-07, timestep = 1.25e-20: cause unrecorded.


tran simulation(s) aborted

Error: measure  sr  max(TRIG) : no such vector as 'deriv(v(vout))'
Error: &sr: no such variable.
PPerror: syntax error in line segment
    * 1e-6
near
      1e-6
Error: RHS " * 1e-6" invalid
Error: &sr_val: no such variable.
Note: No ".plot", ".print", or ".fourier" lines; no simulations run
Subprocess exited with error code 1
Error output generated by subprocess:
Error: -237188 out of range for sqrt
    in line b.x1.x62.x0.brbody_1

Error: -237188 out of range for sqrt
    in line b.x1.x62.x0.brbody_1

Error: -237188 out of range for sqrt
    in line b.x1.x62.x0.brbody_1

Error: -237188 out of range for sqrt
    in line b.x1.x62.x0.brbody_1

Subprocess exited with error code 1
Error: -237188 out of range for sqrt
Error output generated by subprocess:
    in line b.x1.x62.x0.brbody_1
Error: -237748 out of range for sqrt

    in line b.x1.x62.x0.brbody_1
Error: -237188 out of range for sqrt

    in line b.x1.x62.x0.brbody_1
Error: -237748 out of range for sqrt

    in line b.x1.x62.x0.brbody_1
Error: -237188 out of range for sqrt
    in line b.x1.x62.x0.brbody_1


Error: -237748 out of range for sqrt
Error: -237188 out of range for sqrt
    in line b.x1.x62.x0.brbody_1
    in line b.x1.x62.x0.brbody_1


Error: -237748 out of range for sqrt
Error: -237188 out of range for sqrt
    in line b.x1.x62.x0.brbody_1
    in line b.x1.x62.x0.brbody_1


Error: -237748 out of range for sqrt
Error: -237188 out of range for sqrt
    in line b.x1.x62.x0.brbody_1
    in line b.x1.x62.x0.brbody_1


Error: -237748 out of range for sqrt
doAnalyses: TRAN:  Timestep too small; time = 1e-07, timestep = 1.25e-20: cause unrecorded.
    in line b.x1.x62.x0.brbody_1



Error: -237748 out of range for sqrt
tran simulation(s) aborted
    in line b.x1.x62.x0.brbody_1


Error: measure  sr  max(TRIG) : no such vector as 'deriv(v(vout))'
Error: -237748 out of range for sqrt
Error: &sr: no such variable.
    in line b.x1.x62.x0.brbody_1
PPerror: syntax error in line segment

    * 1e-6
Error: -237748 out of range for sqrt
near
    in line b.x1.x62.x0.brbody_1
      1e-6

Error: RHS " * 1e-6" invalid
Error: -237748 out of range for sqrt
Error: &sr_val: no such variable.
    in line b.x1.x62.x0.brbody_1
Note: No ".plot", ".print", or ".fourier" lines; no simulations run

doAnalyses: TRAN:  Timestep too small; time = 1e-07, timestep = 1.25e-20: cause unrecorded.

Subprocess exited with error code 1

Error output generated by subprocess:
tran simulation(s) aborted
Error: -217539 out of range for sqrt

    in line b.x1.x62.x0.brbody_1
Error: measure  sr  max(TRIG) : no such vector as 'deriv(v(vout))'

Error: &sr: no such variable.
Error: -217539 out of range for sqrt
PPerror: syntax error in line segment
    in line b.x1.x62.x0.brbody_1
    * 1e-6

near
Error: -217539 out of range for sqrt
      1e-6
    in line b.x1.x62.x0.brbody_1
Error: RHS " * 1e-6" invalid

Error: &sr_val: no such variable.
Error: -217539 out of range for sqrt
Note: No ".plot", ".print", or ".fourier" lines; no simulations run
    in line b.x1.x62.x0.brbody_1

Error: -217539 out of range for sqrt
    in line b.x1.x62.x0.brbody_1

Error: -217539 out of range for sqrt
    in line b.x1.x62.x0.brbody_1

Error: -217539 out of range for sqrt
    in line b.x1.x62.x0.brbody_1

Error: -217539 out of range for sqrt
    in line b.x1.x62.x0.brbody_1

Error: -217539 out of range for sqrt
    in line b.x1.x62.x0.brbody_1

Error: -217539 out of range for sqrt
    in line b.x1.x62.x0.brbody_1

doAnalyses: TRAN:  Timestep too small; time = 1e-07, timestep = 1.25e-20: cause unrecorded.


tran simulation(s) aborted

Error: measure  sr  max(TRIG) : no such vector as 'deriv(v(vout))'
Error: &sr: no such variable.
PPerror: syntax error in line segment
    * 1e-6
near
      1e-6
Error: RHS " * 1e-6" invalid
Error: &sr_val: no such variable.
Note: No ".plot", ".print", or ".fourier" lines; no simulations run
Subprocess exited with error code 1
Error output generated by subprocess:
Error: -216779 out of range for sqrt
    in line b.x1.x62.x0.brbody_1

Error: -216779 out of range for sqrt
    in line b.x1.x62.x0.brbody_1

Error: -216779 out of range for sqrt
    in line b.x1.x62.x0.brbody_1

Error: -216779 out of range for sqrt
    in line b.x1.x62.x0.brbody_1

Error: -216779 out of range for sqrt
    in line b.x1.x62.x0.brbody_1

Error: -216779 out of range for sqrt
    in line b.x1.x62.x0.brbody_1

Error: -216779 out of range for sqrt
    in line b.x1.x62.x0.brbody_1

Error: -216779 out of range for sqrt
    in line b.x1.x62.x0.brbody_1

Error: -216779 out of range for sqrt
    in line b.x1.x62.x0.brbody_1

Error: -216779 out of range for sqrt
    in line b.x1.x62.x0.brbody_1

doAnalyses: TRAN:  Timestep too small; time = 1e-07, timestep = 1.25e-20: cause unrecorded.


tran simulation(s) aborted

Error: measure  sr  max(TRIG) : no such vector as 'deriv(v(vout))'
Error: &sr: no such variable.
PPerror: syntax error in line segment
    * 1e-6
near
      1e-6
Error: RHS " * 1e-6" invalid
Error: &sr_val: no such variable.
Note: No ".plot", ".print", or ".fourier" lines; no simulations run
Subprocess exited with error code 1
Error output generated by subprocess:
Error: -216062 out of range for sqrt
    in line b.x1.x62.x0.brbody_1

Error: -216062 out of range for sqrt
    in line b.x1.x62.x0.brbody_1

Error: -216062 out of range for sqrt
    in line b.x1.x62.x0.brbody_1

Error: -216062 out of range for sqrt
    in line b.x1.x62.x0.brbody_1

Error: -216062 out of range for sqrt
    in line b.x1.x62.x0.brbody_1

Error: -216062 out of range for sqrt
    in line b.x1.x62.x0.brbody_1

Error: -216062 out of range for sqrt
    in line b.x1.x62.x0.brbody_1

Error: -216062 out of range for sqrt
    in line b.x1.x62.x0.brbody_1

Error: -216062 out of range for sqrt
    in line b.x1.x62.x0.brbody_1

Error: -216062 out of range for sqrt
    in line b.x1.x62.x0.brbody_1

doAnalyses: TRAN:  Timestep too small; time = 1e-07, timestep = 1.25e-20: cause unrecorded.


tran simulation(s) aborted

Error: measure  sr  max(TRIG) : no such vector as 'deriv(v(vout))'
Error: &sr: no such variable.
PPerror: syntax error in line segment
    * 1e-6
near
      1e-6
Error: RHS " * 1e-6" invalid
Error: &sr_val: no such variable.
Note: No ".plot", ".print", or ".fourier" lines; no simulations run
Subprocess exited with error code 1
Error output generated by subprocess:
Error: -225822 out of range for sqrt
    in line b.x1.x62.x0.brbody_1

Error: -225822 out of range for sqrt
    in line b.x1.x62.x0.brbody_1
Subprocess exited with error code 1

Error output generated by subprocess:
Error: -225822 out of range for sqrt
Error: -226603 out of range for sqrt
    in line b.x1.x62.x0.brbody_1
    in line b.x1.x62.x0.brbody_1


Error: -225822 out of range for sqrt
Error: -226603 out of range for sqrt
    in line b.x1.x62.x0.brbody_1
    in line b.x1.x62.x0.brbody_1


Error: -225822 out of range for sqrt
Error: -226603 out of range for sqrt
    in line b.x1.x62.x0.brbody_1
    in line b.x1.x62.x0.brbody_1


Error: -225822 out of range for sqrt
Error: -226603 out of range for sqrt
    in line b.x1.x62.x0.brbody_1
    in line b.x1.x62.x0.brbody_1


Error: -225822 out of range for sqrt
Error: -226603 out of range for sqrt
    in line b.x1.x62.x0.brbody_1
Subprocess exited with error code 1

Error output generated by subprocess:
    in line b.x1.x62.x0.brbody_1
Error: -225822 out of range for sqrt
Error: -223199 out of range for sqrt

    in line b.x1.x62.x0.brbody_1
    in line b.x1.x62.x0.brbody_1
Error: -226603 out of range for sqrt


    in line b.x1.x62.x0.brbody_1
Error: -225822 out of range for sqrt
Error: -223199 out of range for sqrt

    in line b.x1.x62.x0.brbody_1
    in line b.x1.x62.x0.brbody_1
Error: -226603 out of range for sqrt


    in line b.x1.x62.x0.brbody_1
Error: -225822 out of range for sqrt
Error: -223199 out of range for sqrt

    in line b.x1.x62.x0.brbody_1
    in line b.x1.x62.x0.brbody_1
Error: -226603 out of range for sqrt


    in line b.x1.x62.x0.brbody_1
doAnalyses: TRAN:  Timestep too small; time = 1e-07, timestep = 1.25e-20: cause unrecorded.
Error: -223199 out of range for sqrt


    in line b.x1.x62.x0.brbody_1
Error: -226603 out of range for sqrt


Subprocess exited with error code 1
    in line b.x1.x62.x0.brbody_1
tran simulation(s) aborted
Error: -223199 out of range for sqrt
Error output generated by subprocess:


    in line b.x1.x62.x0.brbody_1
Error: -221733 out of range for sqrt
Error: -226603 out of range for sqrt
Error: measure  sr  max(TRIG) : no such vector as 'deriv(v(vout))'

    in line b.x1.x62.x0.brbody_1
    in line b.x1.x62.x0.brbody_1
Error: &sr: no such variable.
Error: -223199 out of range for sqrt
PPerror: syntax error in line segment


    in line b.x1.x62.x0.brbody_1
    * 1e-6
doAnalyses: TRAN:  Timestep too small; time = 1e-07, timestep = 1.25e-20: cause unrecorded.
Error: -221733 out of range for sqrt

near

    in line b.x1.x62.x0.brbody_1
Error: -223199 out of range for sqrt
      1e-6
    in line b.x1.x62.x0.brbody_1


Error: RHS " * 1e-6" invalid

Subprocess exited with error code 1
Error: -221733 out of range for sqrt
tran simulation(s) aborted
Error: &sr_val: no such variable.
Error: -223199 out of range for sqrt
Error output generated by subprocess:
    in line b.x1.x62.x0.brbody_1

Note: No ".plot", ".print", or ".fourier" lines; no simulations run
Subprocess exited with error code 1
    in line b.x1.x62.x0.brbody_1
Error: -222445 out of range for sqrt

Error: measure  sr  max(TRIG) : no such vector as 'deriv(v(vout))'
Error output generated by subprocess:

    in line b.x1.x62.x0.brbody_1
Error: -221733 out of range for sqrt
Error: &sr: no such variable.
Error: -225085 out of range for sqrt
Error: -223199 out of range for sqrt

    in line b.x1.x62.x0.brbody_1
PPerror: syntax error in line segment
    in line b.x1.x62.x0.brbody_1
    in line b.x1.x62.x0.brbody_1
Error: -222445 out of range for sqrt

    * 1e-6


near
Error: -221733 out of range for sqrt
    in line b.x1.x62.x0.brbody_1
Error: -225085 out of range for sqrt
Error: -223199 out of range for sqrt
      1e-6
    in line b.x1.x62.x0.brbody_1

    in line b.x1.x62.x0.brbody_1
    in line b.x1.x62.x0.brbody_1

Error: RHS " * 1e-6" invalid
Error: -222445 out of range for sqrt


Error: -221733 out of range for sqrt
Error: &sr_val: no such variable.
    in line b.x1.x62.x0.brbody_1
Error: -225085 out of range for sqrt
doAnalyses: TRAN:  Timestep too small; time = 1e-07, timestep = 1.25e-20: cause unrecorded.
    in line b.x1.x62.x0.brbody_1
Note: No ".plot", ".print", or ".fourier" lines; no simulations run

    in line b.x1.x62.x0.brbody_1


Error: -222445 out of range for sqrt


Error: -221733 out of range for sqrt
    in line b.x1.x62.x0.brbody_1
Error: -225085 out of range for sqrt
tran simulation(s) aborted
    in line b.x1.x62.x0.brbody_1

    in line b.x1.x62.x0.brbody_1


Error: -222445 out of range for sqrt

Error: measure  sr  max(TRIG) : no such vector as 'deriv(v(vout))'
Error: -221733 out of range for sqrt
    in line b.x1.x62.x0.brbody_1
Error: -225085 out of range for sqrt
Error: &sr: no such variable.
    in line b.x1.x62.x0.brbody_1

    in line b.x1.x62.x0.brbody_1
PPerror: syntax error in line segment

Error: -222445 out of range for sqrt
Error: -221733 out of range for sqrt
    * 1e-6

    in line b.x1.x62.x0.brbody_1
    in line b.x1.x62.x0.brbody_1
near
Error: -225085 out of range for sqrt


      1e-6
Error: -222445 out of range for sqrt
    in line b.x1.x62.x0.brbody_1
Error: -221733 out of range for sqrt
Error: RHS " * 1e-6" invalid
    in line b.x1.x62.x0.brbody_1

    in line b.x1.x62.x0.brbody_1
Error: &sr_val: no such variable.

Error: -225085 out of range for sqrt

Error: -222445 out of range for sqrt
Note: No ".plot", ".print", or ".fourier" lines; no simulations run
    in line b.x1.x62.x0.brbody_1
doAnalyses: TRAN:  Timestep too small; time = 1e-07, timestep = 1.25e-20: cause unrecorded.
    in line b.x1.x62.x0.brbody_1



Error: -225085 out of range for sqrt

Error: -222445 out of range for sqrt
    in line b.x1.x62.x0.brbody_1
tran simulation(s) aborted
    in line b.x1.x62.x0.brbody_1



Error: -225085 out of range for sqrt
Error: measure  sr  max(TRIG) : no such vector as 'deriv(v(vout))'
Error: -222445 out of range for sqrt
    in line b.x1.x62.x0.brbody_1
Error: &sr: no such variable.
    in line b.x1.x62.x0.brbody_1

PPerror: syntax error in line segment

Error: -225085 out of range for sqrt
    * 1e-6
doAnalyses: TRAN:  Timestep too small; time = 1e-07, timestep = 1.25e-20: cause unrecorded.
    in line b.x1.x62.x0.brbody_1
near


      1e-6

doAnalyses: TRAN:  Timestep too small; time = 1e-07, timestep = 1.25e-20: cause unrecorded.
Error: RHS " * 1e-6" invalid
tran simulation(s) aborted

Error: &sr_val: no such variable.


Note: No ".plot", ".print", or ".fourier" lines; no simulations run
Error: measure  sr  max(TRIG) : no such vector as 'deriv(v(vout))'
tran simulation(s) aborted
Error: &sr: no such variable.

PPerror: syntax error in line segment
Error: measure  sr  max(TRIG) : no such vector as 'deriv(v(vout))'
    * 1e-6
Error: &sr: no such variable.
near
PPerror: syntax error in line segment
      1e-6
    * 1e-6
Error: RHS " * 1e-6" invalid
near
Error: &sr_val: no such variable.
      1e-6
Note: No ".plot", ".print", or ".fourier" lines; no simulations run
Error: RHS " * 1e-6" invalid
Error: &sr_val: no such variable.
Note: No ".plot", ".print", or ".fourier" lines; no simulations run
Subprocess exited with error code 1
Error output generated by subprocess:
Error: -232570 out of range for sqrt
    in line b.x1.x62.x0.brbody_1

Error: -232570 out of range for sqrt
    in line b.x1.x62.x0.brbody_1

Error: -232570 out of range for sqrt
    in line b.x1.x62.x0.brbody_1

Error: -232570 out of range for sqrt
    in line b.x1.x62.x0.brbody_1

Error: -232570 out of range for sqrt
    in line b.x1.x62.x0.brbody_1

Error: -232570 out of range for sqrt
    in line b.x1.x62.x0.brbody_1

Error: -232570 out of range for sqrt
    in line b.x1.x62.x0.brbody_1

Error: -232570 out of range for sqrt
    in line b.x1.x62.x0.brbody_1

Error: -232570 out of range for sqrt
    in line b.x1.x62.x0.brbody_1

Error: -232570 out of range for sqrt
    in line b.x1.x62.x0.brbody_1

doAnalyses: TRAN:  Timestep too small; time = 1e-07, timestep = 1.25e-20: cause unrecorded.


tran simulation(s) aborted

Error: measure  sr  max(TRIG) : no such vector as 'deriv(v(vout))'
Error: &sr: no such variable.
PPerror: syntax error in line segment
    * 1e-6
near
      1e-6
Error: RHS " * 1e-6" invalid
Error: &sr_val: no such variable.
Note: No ".plot", ".print", or ".fourier" lines; no simulations run
Subprocess exited with error code 1
Error output generated by subprocess:
Error: -231796 out of range for sqrt
    in line b.x1.x62.x0.brbody_1

Error: -231796 out of range for sqrt
    in line b.x1.x62.x0.brbody_1

Error: -231796 out of range for sqrt
    in line b.x1.x62.x0.brbody_1

Error: -231796 out of range for sqrt
    in line b.x1.x62.x0.brbody_1

Error: -231796 out of range for sqrt
    in line b.x1.x62.x0.brbody_1

Error: -231796 out of range for sqrt
    in line b.x1.x62.x0.brbody_1

Error: -231796 out of range for sqrt
    in line b.x1.x62.x0.brbody_1

Error: -231796 out of range for sqrt
    in line b.x1.x62.x0.brbody_1

Error: -231796 out of range for sqrt
    in line b.x1.x62.x0.brbody_1

Error: -231796 out of range for sqrt
    in line b.x1.x62.x0.brbody_1

doAnalyses: TRAN:  Timestep too small; time = 1e-07, timestep = 1.25e-20: cause unrecorded.


tran simulation(s) aborted

Error: measure  sr  max(TRIG) : no such vector as 'deriv(v(vout))'
Error: &sr: no such variable.
PPerror: syntax error in line segment
    * 1e-6
near
      1e-6
Error: RHS " * 1e-6" invalid
Error: &sr_val: no such variable.
Note: No ".plot", ".print", or ".fourier" lines; no simulations run
Subprocess exited with error code 1
Error output generated by subprocess:
Error: -231063 out of range for sqrt
    in line b.x1.x62.x0.brbody_1

Error: -231063 out of range for sqrt
    in line b.x1.x62.x0.brbody_1

Error: -231063 out of range for sqrt
    in line b.x1.x62.x0.brbody_1

Error: -231063 out of range for sqrt
    in line b.x1.x62.x0.brbody_1

Error: -231063 out of range for sqrt
    in line b.x1.x62.x0.brbody_1

Error: -231063 out of range for sqrt
    in line b.x1.x62.x0.brbody_1

Error: -231063 out of range for sqrt
    in line b.x1.x62.x0.brbody_1

Error: -231063 out of range for sqrt
    in line b.x1.x62.x0.brbody_1

Error: -231063 out of range for sqrt
    in line b.x1.x62.x0.brbody_1

Error: -231063 out of range for sqrt
    in line b.x1.x62.x0.brbody_1

doAnalyses: TRAN:  Timestep too small; time = 1e-07, timestep = 1.25e-20: cause unrecorded.


tran simulation(s) aborted

Error: measure  sr  max(TRIG) : no such vector as 'deriv(v(vout))'
Error: &sr: no such variable.
PPerror: syntax error in line segment
    * 1e-6
near
      1e-6
Error: RHS " * 1e-6" invalid
Error: &sr_val: no such variable.
Note: No ".plot", ".print", or ".fourier" lines; no simulations run
Subprocess exited with error code 1
Error output generated by subprocess:
Error: -223427 out of range for sqrt
    in line b.x1.x62.x0.brbody_1

Error: -223427 out of range for sqrt
    in line b.x1.x62.x0.brbody_1

Error: -223427 out of range for sqrt
    in line b.x1.x62.x0.brbody_1

Error: -223427 out of range for sqrt
    in line b.x1.x62.x0.brbody_1

Error: -223427 out of range for sqrt
    in line b.x1.x62.x0.brbody_1

Error: -223427 out of range for sqrt
    in line b.x1.x62.x0.brbody_1

Error: -223427 out of range for sqrt
    in line b.x1.x62.x0.brbody_1

Error: -223427 out of range for sqrt
    in line b.x1.x62.x0.brbody_1

Error: -223427 out of range for sqrt
    in line b.x1.x62.x0.brbody_1

Error: -223427 out of range for sqrt
    in line b.x1.x62.x0.brbody_1

doAnalyses: TRAN:  Timestep too small; time = 1e-07, timestep = 1.25e-20: cause unrecorded.


tran simulation(s) aborted

Error: measure  sr  max(TRIG) : no such vector as 'deriv(v(vout))'
Error: &sr: no such variable.
PPerror: syntax error in line segment
    * 1e-6
near
      1e-6
Error: RHS " * 1e-6" invalid
Error: &sr_val: no such variable.
Note: No ".plot", ".print", or ".fourier" lines; no simulations run
Subprocess exited with error code 1
Error output generated by subprocess:
Error: -222851 out of range for sqrt
    in line b.x1.x62.x0.brbody_1

Error: -222851 out of range for sqrt
    in line b.x1.x62.x0.brbody_1

Error: -222851 out of range for sqrt
    in line b.x1.x62.x0.brbody_1

Error: -222851 out of range for sqrt
    in line b.x1.x62.x0.brbody_1

Error: -222851 out of range for sqrt
    in line b.x1.x62.x0.brbody_1

Error: -222851 out of range for sqrt
    in line b.x1.x62.x0.brbody_1

Error: -222851 out of range for sqrt
    in line b.x1.x62.x0.brbody_1

Error: -222851 out of range for sqrt
    in line b.x1.x62.x0.brbody_1

Error: -222851 out of range for sqrt
    in line b.x1.x62.x0.brbody_1

Error: -222851 out of range for sqrt
    in line b.x1.x62.x0.brbody_1

doAnalyses: TRAN:  Timestep too small; time = 1e-07, timestep = 1.25e-20: cause unrecorded.


tran simulation(s) aborted

Error: measure  sr  max(TRIG) : no such vector as 'deriv(v(vout))'
Error: &sr: no such variable.
PPerror: syntax error in line segment
    * 1e-6
near
      1e-6
Subprocess exited with error code 1
Error: RHS " * 1e-6" invalid
Error output generated by subprocess:
Error: &sr_val: no such variable.
Error: -232244 out of range for sqrt
Subprocess exited with error code 1
    in line b.x1.x62.x0.brbody_1
Note: No ".plot", ".print", or ".fourier" lines; no simulations run
Error output generated by subprocess:

Error: -222313 out of range for sqrt
Error: -232244 out of range for sqrt
    in line b.x1.x62.x0.brbody_1
    in line b.x1.x62.x0.brbody_1


Error: -222313 out of range for sqrt
Error: -232244 out of range for sqrt
    in line b.x1.x62.x0.brbody_1
    in line b.x1.x62.x0.brbody_1


Error: -232244 out of range for sqrt
Error: -222313 out of range for sqrt
    in line b.x1.x62.x0.brbody_1
    in line b.x1.x62.x0.brbody_1


Error: -232244 out of range for sqrt
Error: -222313 out of range for sqrt
    in line b.x1.x62.x0.brbody_1
    in line b.x1.x62.x0.brbody_1


Error: -232244 out of range for sqrt
Error: -222313 out of range for sqrt
    in line b.x1.x62.x0.brbody_1
    in line b.x1.x62.x0.brbody_1


Error: -232244 out of range for sqrt
Error: -222313 out of range for sqrt
    in line b.x1.x62.x0.brbody_1
    in line b.x1.x62.x0.brbody_1


Error: -232244 out of range for sqrt
Error: -222313 out of range for sqrt
    in line b.x1.x62.x0.brbody_1
    in line b.x1.x62.x0.brbody_1


Error: -222313 out of range for sqrt
Error: -232244 out of range for sqrt
    in line b.x1.x62.x0.brbody_1
    in line b.x1.x62.x0.brbody_1


Error: -222313 out of range for sqrt
Error: -232244 out of range for sqrt
    in line b.x1.x62.x0.brbody_1
    in line b.x1.x62.x0.brbody_1


Error: -222313 out of range for sqrt
doAnalyses: TRAN:  Timestep too small; time = 1e-07, timestep = 1.25e-20: cause unrecorded.
    in line b.x1.x62.x0.brbody_1



doAnalyses: TRAN:  Timestep too small; time = 1e-07, timestep = 1.25e-20: cause unrecorded.
tran simulation(s) aborted



Error: measure  sr  max(TRIG) : no such vector as 'deriv(v(vout))'
tran simulation(s) aborted
Error: &sr: no such variable.

PPerror: syntax error in line segment
Error: measure  sr  max(TRIG) : no such vector as 'deriv(v(vout))'
    * 1e-6
Error: &sr: no such variable.
near
PPerror: syntax error in line segment
      1e-6
    * 1e-6
Error: RHS " * 1e-6" invalid
near
Error: &sr_val: no such variable.
      1e-6
Note: No ".plot", ".print", or ".fourier" lines; no simulations run
Error: RHS " * 1e-6" invalid
Error: &sr_val: no such variable.
Note: No ".plot", ".print", or ".fourier" lines; no simulations run
Subprocess exited with error code 1
Error output generated by subprocess:
Error: -231693 out of range for sqrt
    in line b.x1.x62.x0.brbody_1

Error: -231693 out of range for sqrt
    in line b.x1.x62.x0.brbody_1

Error: -231693 out of range for sqrt
    in line b.x1.x62.x0.brbody_1

Error: -231693 out of range for sqrt
    in line b.x1.x62.x0.brbody_1

Error: -231693 out of range for sqrt
    in line b.x1.x62.x0.brbody_1

Error: -231693 out of range for sqrt
    in line b.x1.x62.x0.brbody_1

Error: -231693 out of range for sqrt
    in line b.x1.x62.x0.brbody_1
Subprocess exited with error code 1

Error output generated by subprocess:
Error: -231693 out of range for sqrt
Error: -232833 out of range for sqrt
    in line b.x1.x62.x0.brbody_1
    in line b.x1.x62.x0.brbody_1

Parameter slew_rate: Canceled.

Error: -231693 out of range for sqrt
Subprocess exited with error code -2
Subprocess exited with error code -2
Subprocess exited with error code -2
Subprocess exited with error code -2
Error: -232833 out of range for sqrt
Subprocess exited with error code -2
Subprocess exited with error code -2
    in line b.x1.x62.x0.brbody_1
Subprocess exited with error code -2
    in line b.x1.x62.x0.brbody_1

Subprocess exited with error code -2
Subprocess exited with error code -2
Subprocess exited with error code -2
Subprocess exited with error code -2
Subprocess exited with error code -2

Done with CACE simulations and evaluations in 0:02:04.
Subprocess exited with error code -2
Subprocess exited with error code -2
Error: -231693 out of range for sqrt
Error: -232833 out of range for sqrt
    in line b.x1.x62.x0.brbody_1
    in line b.x1.x62.x0.brbody_1


doAnalyses: TRAN:  Timestep too small; time = 1e-07, timestep = 1.25e-20: cause unrecorded.
Error: -232833 out of range for sqrt

    in line b.x1.x62.x0.brbody_1


tran simulation(s) aborted
Error: -232833 out of range for sqrt

    in line b.x1.x62.x0.brbody_1
Error: measure  sr  max(TRIG) : no such vector as 'deriv(v(vout))'

Error: &sr: no such variable.
Error: -232833 out of range for sqrt
PPerror: syntax error in line segment
    in line b.x1.x62.x0.brbody_1
    * 1e-6

near
Error: -232833 out of range for sqrt
      1e-6
    in line b.x1.x62.x0.brbody_1
Error: RHS " * 1e-6" invalid

Error: &sr_val: no such variable.
Error: -232833 out of range for sqrt
Note: No ".plot", ".print", or ".fourier" lines; no simulations run
    in line b.x1.x62.x0.brbody_1

Error: -232833 out of range for sqrt
    in line b.x1.x62.x0.brbody_1

Error: -232833 out of range for sqrt
    in line b.x1.x62.x0.brbody_1

