
Note: Compatibility modes selected: hs a


Circuit: ** sch_path: /foss/designs/sky130_op_amp/runs/run_2025-10-22_17-32-15/parameters/dc_params/run_42/sky130_op_amp_tb.sch

option SCALE: Scale is set to 1e-06 for instance and model parameters
option SCALE: Scale is set to 1e-06 for instance and model parameters
option SCALE: Scale is set to 1e-06 for instance and model parameters
option SCALE: Scale is set to 1e-06 for instance and model parameters
Doing analysis at TEMP = 50.000000 and TNOM = 27.000000

Using SPARSE 1.3 as Direct Linear Solver
 Reference value :  1.00000e+03
 Reference value :  1.77828e+03
 Reference value :  2.81838e+03
 Reference value :  4.46684e+03
 Reference value :  7.94328e+03
 Reference value :  1.41254e+04
 Reference value :  2.51189e+04
 Reference value :  4.46684e+04
 Reference value :  7.94328e+04
 Reference value :  1.41254e+05
 Reference value :  2.51189e+05
 Reference value :  3.98107e+05
 Reference value :  7.94328e+05
 Reference value :  1.58489e+06
 Reference value :  3.16228e+06
 Reference value :  6.30957e+06
 Reference value :  1.58489e+07
 Reference value :  3.98107e+07
No. of Data Rows : 101
a0                  =  6.561584e+01
ugf                 =  8.857755e+06
pm                  =  8.374880e+01
Note: Simulation executed from .control section 
