Subprocess exited with error code 10
Error output generated by subprocess:
Using run time directory XSCHEM_SHAREDIR = /foss/tools/xschem/share/xschem
Sourcing /foss/tools/xschem/share/xschem/xschemrc init file
Sourcing /foss/pdks/sky130A/libs.tech/xschem/xschemrc init file
open_pdks installation: using /foss/pdks
SKYWATER_MODELS: /foss/pdks/sky130A/libs.tech/combined
SKYWATER_STDCELLS: /foss/pdks/sky130A/libs.ref/sky130_fd_sc_hd/spice
-----------/foss/designs/sky130_op_amp/runs/RUN_2025-10-21_18-17-43/parameters/spice_params/run_0/sky130_op_amp_tb.sch
Error: undriven node: Ven
-----------/foss/designs/sky130_op_amp/runs/RUN_2025-10-21_18-17-43/parameters/spice_params/run_0/sky130_op_amp_tb.sch
Subprocess exited with error code -11
Error output generated by subprocess:
Note: vdm: has no value, DC 0 assumed

Error: measure  ugf  when(WHEN) : out of interval

Error: measure  pm  find(AT) : out of interval
Note: vdm: has no value, DC 0 assumed
Note: vdm: has no value, DC 0 assumed
vdm: no such command available in ngspice
Note: vdm: has no value, DC 0 assumed

Error: measure  sr_pos  max(TRIG) : no such vector as 'deriv(v(vout))'
Error: Only a single param - value pair supported.
Cannot alter parameters.
Note: vdm: has no value, DC 0 assumed

Error: measure  sr_neg  min(TRIG) : no such vector as 'deriv(v(vout))'
Note: vdm: has no value, DC 0 assumed
Fatal error: DC Transfer Function: Voltage source, current source, or resistor named "ven" is not in the circuit
doAnalyses: no such device

dc simulation(s) aborted
