Subprocess exited with error code 1
Error output generated by subprocess:
Netlist line no. 3:
Undefined parameter [cl]
Netlist line no. 3:
Cannot compute substitute
Netlist line no. 5:
Undefined parameter [vcm]
Netlist line no. 5:
Cannot compute substitute
Netlist line no. 6:
Undefined parameter [ib]
Netlist line no. 6:
Subprocess exited with error code 1
Cannot compute substitute
Error output generated by subprocess:
Netlist line no. 10:
Netlist line no. 3:
Undefined parameter [vdd]
Undefined parameter [cl]
Netlist line no. 10:
Netlist line no. 3:
Cannot compute substitute
Cannot compute substitute

Netlist line no. 5:
ERROR: fatal error in ngspice, exit(1)
Subprocess exited with error code 1
Undefined parameter [vcm]
Error output generated by subprocess:
Netlist line no. 5:
Netlist line no. 3:
Cannot compute substitute
Undefined parameter [cl]
Subprocess exited with error code 1
Netlist line no. 3:
Netlist line no. 6:
Subprocess exited with error code 1
Cannot compute substitute
Error output generated by subprocess:
Undefined parameter [ib]
Error output generated by subprocess:
Netlist line no. 5:
Netlist line no. 3:
Netlist line no. 6:
Netlist line no. 3:
Undefined parameter [vcm]
Undefined parameter [cl]
Cannot compute substitute
Undefined parameter [cl]
Netlist line no. 5:
Netlist line no. 3:
Netlist line no. 10:
Netlist line no. 3:
Subprocess exited with error code 1
Cannot compute substitute
Cannot compute substitute
Undefined parameter [vdd]
Cannot compute substitute
Error output generated by subprocess:
Netlist line no. 6:
Netlist line no. 5:
Netlist line no. 10:
Netlist line no. 5:
Netlist line no. 3:
Undefined parameter [ib]
Undefined parameter [vcm]
Cannot compute substitute
Undefined parameter [vcm]
Undefined parameter [cl]
Netlist line no. 6:
Netlist line no. 5:

Netlist line no. 5:
Subprocess exited with error code 1
Netlist line no. 3:
Cannot compute substitute
Cannot compute substitute
ERROR: fatal error in ngspice, exit(1)
Cannot compute substitute
Error output generated by subprocess:
Cannot compute substitute
Netlist line no. 10:
Netlist line no. 6:
Netlist line no. 6:
Netlist line no. 3:
Netlist line no. 5:
Undefined parameter [vdd]
Subprocess exited with error code 1
Undefined parameter [ib]
Undefined parameter [ib]
Undefined parameter [cl]
Undefined parameter [vcm]
Subprocess exited with error code 1
Netlist line no. 10:
Error output generated by subprocess:
Subprocess exited with error code 1
Subprocess exited with error code 1
Netlist line no. 6:
Netlist line no. 3:
Netlist line no. 6:
Netlist line no. 5:
Error output generated by subprocess:
Cannot compute substitute
Subprocess exited with error code 1
Subprocess exited with error code 1
Subprocess exited with error code 1
Netlist line no. 3:
Error output generated by subprocess:
Error output generated by subprocess:
Cannot compute substitute
Cannot compute substitute
Cannot compute substitute
Cannot compute substitute
Netlist line no. 3:

Error output generated by subprocess:
Error output generated by subprocess:
Error output generated by subprocess:
Undefined parameter [cl]
Netlist line no. 3:
Netlist line no. 3:
Netlist line no. 10:
Netlist line no. 5:
Netlist line no. 10:
Netlist line no. 3:
Undefined parameter [cl]
ERROR: fatal error in ngspice, exit(1)
Undefined parameter [cl]
Netlist line no. 3:
Netlist line no. 6:
Netlist line no. 3:
Netlist line no. 3:
Undefined parameter [cl]
Undefined parameter [vdd]
Undefined parameter [vcm]
Undefined parameter [vdd]
Undefined parameter [cl]
Netlist line no. 3:
Netlist line no. 3:
Undefined parameter [cl]
Undefined parameter [ib]
Cannot compute substitute
Undefined parameter [cl]
Netlist line no. 3:
Netlist line no. 10:
Netlist line no. 5:
Netlist line no. 10:
Netlist line no. 3:
Cannot compute substitute
Cannot compute substitute
Netlist line no. 3:
Netlist line no. 6:
Netlist line no. 5:
Netlist line no. 3:
Cannot compute substitute
Cannot compute substitute
Cannot compute substitute
Cannot compute substitute
Cannot compute substitute
Netlist line no. 5:
Netlist line no. 5:
Cannot compute substitute

Undefined parameter [vcm]
Cannot compute substitute
Netlist line no. 5:

Netlist line no. 6:
Cannot compute substitute
Netlist line no. 5:
Undefined parameter [vcm]
Undefined parameter [vcm]
Netlist line no. 5:
ERROR: fatal error in ngspice, exit(1)
Netlist line no. 5:
Netlist line no. 5:
Undefined parameter [vcm]
ERROR: fatal error in ngspice, exit(1)
Undefined parameter [ib]
Netlist line no. 10:
Undefined parameter [vcm]
Netlist line no. 5:
Netlist line no. 5:
Undefined parameter [vcm]
Cannot compute substitute
Undefined parameter [vcm]
Subprocess exited with error code 1
Netlist line no. 5:
Netlist line no. 6:
Undefined parameter [vdd]
Netlist line no. 5:
Cannot compute substitute
Cannot compute substitute
Netlist line no. 5:
Netlist line no. 6:
Netlist line no. 5:
Error output generated by subprocess:
Cannot compute substitute
Cannot compute substitute
Netlist line no. 10:
Cannot compute substitute
Netlist line no. 6:
Netlist line no. 6:
Cannot compute substitute
Undefined parameter [ib]
Cannot compute substitute
Netlist line no. 6:
Netlist line no. 6:
Netlist line no. 10:
Cannot compute substitute
Netlist line no. 6:
Undefined parameter [ib]
Undefined parameter [ib]
Netlist line no. 3:
Netlist line no. 6:
Netlist line no. 6:
Undefined parameter [ib]
Undefined parameter [ib]
Undefined parameter [vdd]

Undefined parameter [ib]
Netlist line no. 6:
Netlist line no. 6:
Undefined parameter [cl]
Cannot compute substitute
Undefined parameter [ib]
Netlist line no. 6:
Netlist line no. 6:
Netlist line no. 10:
ERROR: fatal error in ngspice, exit(1)
Netlist line no. 6:
Cannot compute substitute
Cannot compute substitute
Netlist line no. 3:
Netlist line no. 10:
Netlist line no. 6:
Cannot compute substitute
Cannot compute substitute
Cannot compute substitute
Cannot compute substitute
Netlist line no. 10:
Netlist line no. 10:
Cannot compute substitute
Undefined parameter [vdd]
Cannot compute substitute
Netlist line no. 10:
Netlist line no. 10:

Netlist line no. 10:
Undefined parameter [vdd]
Undefined parameter [vdd]
Netlist line no. 5:
Netlist line no. 10:
Netlist line no. 10:
Undefined parameter [vdd]
Undefined parameter [vdd]
ERROR: fatal error in ngspice, exit(1)
Undefined parameter [vdd]
Netlist line no. 10:
Netlist line no. 10:
Undefined parameter [vcm]
Cannot compute substitute
Undefined parameter [vdd]
Netlist line no. 10:
Netlist line no. 10:
Netlist line no. 10:
Cannot compute substitute
Cannot compute substitute
Netlist line no. 5:

Netlist line no. 10:
Cannot compute substitute
Cannot compute substitute
Cannot compute substitute


Cannot compute substitute
ERROR: fatal error in ngspice, exit(1)
Cannot compute substitute



ERROR: fatal error in ngspice, exit(1)
ERROR: fatal error in ngspice, exit(1)
Netlist line no. 6:

ERROR: fatal error in ngspice, exit(1)
ERROR: fatal error in ngspice, exit(1)
ERROR: fatal error in ngspice, exit(1)
Undefined parameter [ib]
ERROR: fatal error in ngspice, exit(1)
Netlist line no. 6:
Cannot compute substitute
Netlist line no. 10:
Undefined parameter [vdd]
Netlist line no. 10:
Cannot compute substitute

ERROR: fatal error in ngspice, exit(1)
